10.0000000 10.0000000 0.0009272 -0.0017097 0.0018052
10.0000000 20.0000000 0.0005823 -0.0009176 0.0014311
10.0000000 30.0000000 0.0008730 -0.0014238 0.0016225
10.0000000 40.0000000 0.0006460 -0.0010848 0.0016314
10.0000000 50.0000000 -0.0003628 0.0008244 0.0008313
10.0000000 60.0000000 0.0006581 -0.0008995 0.0014199
10.0000000 70.0000000 0.0005090 -0.0005809 0.0011692
10.0000000 80.0000000 0.0005872 -0.0008706 0.0013214
10.0000000 90.0000000 0.0009104 -0.0014796 0.0015100
10.0000000 100.0000000 0.0004726 -0.0009585 0.0014726
10.0000000 110.0000000 0.0001066 -0.0002131 0.0011754
10.0000000 120.0000000 0.0009213 -0.0015235 0.0015340
10.0000000 130.0000000 0.0007270 -0.0010257 0.0013057
10.0000000 140.0000000 0.0001863 -0.0002010 0.0010965
10.0000000 150.0000000 0.0003970 -0.0007482 0.0013745
10.0000000 160.0000000 0.0011183 -0.0016505 0.0015281
10.0000000 170.0000000 0.0005829 -0.0007084 0.0011443
10.0000000 180.0000000 0.0008166 -0.0010795 0.0012026
10.0000000 190.0000000 0.0007954 -0.0013005 0.0013419
10.0000000 200.0000000 0.0004665 -0.0005493 0.0010069
10.0000000 210.0000000 0.0003787 -0.0003339 0.0009713
10.0000000 220.0000000 0.0008817 -0.0012347 0.0013274
10.0000000 230.0000000 0.0008910 -0.0011630 0.0012691
10.0000000 240.0000000 0.0013099 -0.0017378 0.0014081
10.0000000 250.0000000 0.0005033 -0.0004743 0.0010157
10.0000000 260.0000000 0.0011482 -0.0017214 0.0015157
10.0000000 270.0000000 0.0002415 -0.0001380 0.0008766
10.0000000 280.0000000 0.0002442 -0.0000932 0.0008910
10.0000000 290.0000000 0.0000313 0.0001564 0.0008649
10.0000000 300.0000000 0.0001469 0.0000641 0.0008520
10.0000000 310.0000000 0.0001913 0.0000487 0.0008023
10.0000000 320.0000000 0.0007951 -0.0010671 0.0012924
10.0000000 330.0000000 0.0010507 -0.0013351 0.0012740
10.0000000 340.0000000 0.0009640 -0.0009639 0.0010226
10.0000000 350.0000000 0.0010582 -0.0013186 0.0012167
10.0000000 360.0000000 0.0008826 -0.0012602 0.0011656
10.0000000 370.0000000 0.0006723 -0.0010047 0.0012374
10.0000000 380.0000000 0.0003690 -0.0002109 0.0010271
10.0000000 390.0000000 0.0003152 -0.0002654 0.0010888
10.0000000 400.0000000 0.0003432 -0.0004163 0.0011968
10.0000000 410.0000000 0.0002075 0.0000767 0.0008216
10.0000000 420.0000000 0.0002823 -0.0003392 0.0011467
10.0000000 430.0000000 -0.0001169 0.0002928 0.0009231
10.0000000 440.0000000 0.0029797 -0.0031977 0.0018751
20.0000000 10.0000000 0.0012819 -0.0024137 0.0020263
20.0000000 20.0000000 0.0014190 -0.0022270 0.0018371
20.0000000 30.0000000 0.0008192 -0.0013935 0.0016789
20.0000000 40.0000000 0.0012363 -0.0024171 0.0021721
20.0000000 50.0000000 -0.0000190 -0.0001091 0.0012765
20.0000000 60.0000000 0.0000381 -0.0000460 0.0011238
20.0000000 70.0000000 0.0005201 -0.0006417 0.0012810
20.0000000 80.0000000 0.0005600 -0.0006661 0.0012318
20.0000000 90.0000000 0.0003118 -0.0005365 0.0011711
20.0000000 100.0000000 0.0010649 -0.0020877 0.0018226
20.0000000 110.0000000 0.0004633 -0.0008076 0.0013321
20.0000000 120.0000000 0.0008915 -0.0014530 0.0014916
20.0000000 130.0000000 0.0006936 -0.0009573 0.0013229
20.0000000 140.0000000 0.0004899 -0.0008816 0.0013657
20.0000000 150.0000000 -0.0001240 0.0002991 0.0009437
20.0000000 160.0000000 0.0005886 -0.0006529 0.0011133
20.0000000 170.0000000 0.0007518 -0.0011252 0.0014118
20.0000000 180.0000000 0.0002974 -0.0003443 0.0010377
20.0000000 190.0000000 0.0008260 -0.0013241 0.0013896
20.0000000 200.0000000 0.0010078 -0.0015690 0.0014785
20.0000000 210.0000000 0.0007215 -0.0009385 0.0011944
20.0000000 220.0000000 0.0005162 -0.0005447 0.0011166
20.0000000 230.0000000 0.0012280 -0.0019255 0.0016359
20.0000000 240.0000000 0.0009289 -0.0011256 0.0012400
20.0000000 250.0000000 0.0007612 -0.0008988 0.0011502
20.0000000 260.0000000 0.0010373 -0.0014934 0.0013720
20.0000000 270.0000000 0.0002680 -0.0001458 0.0009070
20.0000000 280.0000000 0.0002357 -0.0001636 0.0009357
20.0000000 290.0000000 0.0002639 -0.0002049 0.0009823
20.0000000 300.0000000 -0.0002023 0.0007634 0.0005741
20.0000000 310.0000000 0.0010950 -0.0014217 0.0013035
20.0000000 320.0000000 0.0003983 -0.0000413 0.0007571
20.0000000 330.0000000 0.0008868 -0.0009401 0.0010980
20.0000000 340.0000000 0.0016840 -0.0023138 0.0015351
20.0000000 350.0000000 0.0014498 -0.0017761 0.0013578
20.0000000 360.0000000 0.0006809 -0.0006473 0.0009675
20.0000000 370.0000000 0.0001254 0.0001109 0.0007655
20.0000000 380.0000000 0.0001552 0.0000264 0.0008663
20.0000000 390.0000000 0.0003310 -0.0003331 0.0009712
20.0000000 400.0000000 0.0005828 -0.0007836 0.0012826
20.0000000 410.0000000 0.0002078 -0.0000571 0.0010050
20.0000000 420.0000000 0.0001727 -0.0000035 0.0009923
20.0000000 430.0000000 0.0012392 -0.0017453 0.0016186
20.0000000 440.0000000 0.0029060 -0.0029257 0.0016852
30.0000000 10.0000000 0.0009107 -0.0016822 0.0018411
30.0000000 20.0000000 0.0011266 -0.0017798 0.0016640
30.0000000 30.0000000 0.0013853 -0.0023935 0.0019310
30.0000000 40.0000000 0.0009444 -0.0016641 0.0016706
30.0000000 50.0000000 0.0003705 -0.0007265 0.0014384
30.0000000 60.0000000 0.0001295 -0.0002962 0.0013113
30.0000000 70.0000000 0.0003609 -0.0004489 0.0012518
30.0000000 80.0000000 0.0009440 -0.0014982 0.0015697
30.0000000 90.0000000 0.0010041 -0.0018095 0.0017508
30.0000000 100.0000000 0.0003825 -0.0007731 0.0013744
30.0000000 110.0000000 0.0008387 -0.0014111 0.0015515
30.0000000 120.0000000 0.0003699 -0.0006784 0.0013916
30.0000000 130.0000000 0.0006791 -0.0009483 0.0012968
30.0000000 140.0000000 0.0008985 -0.0015360 0.0016689
30.0000000 150.0000000 0.0006452 -0.0009982 0.0013595
30.0000000 160.0000000 0.0008756 -0.0011666 0.0012887
30.0000000 170.0000000 0.0011708 -0.0017594 0.0015386
30.0000000 180.0000000 0.0010238 -0.0015876 0.0015000
30.0000000 190.0000000 0.0009555 -0.0017729 0.0016834
30.0000000 200.0000000 0.0004807 -0.0008320 0.0012178
30.0000000 210.0000000 0.0009373 -0.0015352 0.0015427
30.0000000 220.0000000 0.0012329 -0.0018778 0.0015193
30.0000000 230.0000000 0.0014694 -0.0019657 0.0014834
30.0000000 240.0000000 0.0010092 -0.0013573 0.0013146
30.0000000 250.0000000 0.0010427 -0.0014473 0.0013418
30.0000000 260.0000000 0.0008739 -0.0010494 0.0012083
30.0000000 270.0000000 0.0000388 0.0001294 0.0009152
30.0000000 280.0000000 0.0004460 -0.0006614 0.0011790
30.0000000 290.0000000 -0.0000004 -0.0000490 0.0010080
30.0000000 300.0000000 0.0002798 0.0000339 0.0008340
30.0000000 310.0000000 0.0008305 -0.0009640 0.0011340
30.0000000 320.0000000 0.0007463 -0.0006265 0.0009886
30.0000000 330.0000000 0.0005438 -0.0003518 0.0009000
30.0000000 340.0000000 0.0005240 -0.0003927 0.0009699
30.0000000 350.0000000 0.0005133 -0.0003321 0.0009289
30.0000000 360.0000000 0.0009163 -0.0011070 0.0011712
30.0000000 370.0000000 0.0006384 -0.0010534 0.0013899
30.0000000 380.0000000 0.0007567 -0.0010590 0.0011938
30.0000000 390.0000000 0.0007194 -0.0009173 0.0012622
30.0000000 400.0000000 0.0004438 -0.0004265 0.0011200
30.0000000 410.0000000 0.0002090 -0.0001590 0.0010753
30.0000000 420.0000000 0.0010077 -0.0014836 0.0015873
30.0000000 430.0000000 0.0010631 -0.0014093 0.0014491
30.0000000 440.0000000 0.0026447 -0.0032064 0.0018647
40.0000000 10.0000000 0.0004668 -0.0011368 0.0016506
40.0000000 20.0000000 0.0013108 -0.0020540 0.0017517
40.0000000 30.0000000 0.0010039 -0.0016249 0.0016154
40.0000000 40.0000000 0.0009427 -0.0013872 0.0014285
40.0000000 50.0000000 0.0005139 -0.0009266 0.0014021
40.0000000 60.0000000 0.0004843 -0.0006149 0.0012778
40.0000000 70.0000000 0.0004972 -0.0007005 0.0013635
40.0000000 80.0000000 0.0010098 -0.0018236 0.0019524
40.0000000 90.0000000 0.0015518 -0.0026802 0.0020516
40.0000000 100.0000000 0.0009207 -0.0016089 0.0015872
40.0000000 110.0000000 0.0008707 -0.0015405 0.0016256
40.0000000 120.0000000 0.0010322 -0.0017534 0.0016927
40.0000000 130.0000000 0.0005794 -0.0009729 0.0014567
40.0000000 140.0000000 0.0004139 -0.0005680 0.0012363
40.0000000 150.0000000 0.0003369 -0.0003955 0.0012148
40.0000000 160.0000000 0.0004821 -0.0003182 0.0009778
40.0000000 170.0000000 0.0010086 -0.0013835 0.0014331
40.0000000 180.0000000 0.0002506 -0.0002211 0.0010126
40.0000000 190.0000000 0.0003349 -0.0003376 0.0010433
40.0000000 200.0000000 0.0001968 -0.0003783 0.0010838
40.0000000 210.0000000 0.0002839 -0.0001970 0.0009025
40.0000000 220.0000000 0.0006701 -0.0006768 0.0010255
40.0000000 230.0000000 0.0006238 -0.0005849 0.0009929
40.0000000 240.0000000 0.0004410 -0.0002570 0.0008784
40.0000000 250.0000000 0.0002063 0.0000438 0.0008568
40.0000000 260.0000000 0.0000685 0.0003575 0.0007144
40.0000000 270.0000000 0.0001240 0.0000727 0.0008529
40.0000000 280.0000000 -0.0002395 0.0007029 0.0006377
40.0000000 290.0000000 -0.0002462 0.0007724 0.0005809
40.0000000 300.0000000 0.0006368 -0.0003683 0.0008804
40.0000000 310.0000000 0.0005911 -0.0003221 0.0008526
40.0000000 320.0000000 0.0001266 0.0004107 0.0006225
40.0000000 330.0000000 0.0004614 -0.0002187 0.0007991
40.0000000 340.0000000 0.0008485 -0.0006589 0.0009426
40.0000000 350.0000000 0.0004378 -0.0002903 0.0008527
40.0000000 360.0000000 0.0002697 -0.0002445 0.0009437
40.0000000 370.0000000 0.0000358 0.0003276 0.0007067
40.0000000 380.0000000 0.0001838 0.0001390 0.0007664
40.0000000 390.0000000 0.0006706 -0.0008477 0.0012043
40.0000000 400.0000000 0.0002800 -0.0000705 0.0009485
40.0000000 410.0000000 -0.0000327 0.0004540 0.0007448
40.0000000 420.0000000 0.0009193 -0.0008357 0.0012829
40.0000000 430.0000000 -0.0002740 0.0007960 0.0007669
40.0000000 440.0000000 0.0017922 -0.0017051 0.0013828
50.0000000 10.0000000 0.0011314 -0.0023870 0.0022122
50.0000000 20.0000000 0.0013633 -0.0023699 0.0019820
50.0000000 30.0000000 0.0009972 -0.0018805 0.0019134
50.0000000 40.0000000 0.0005659 -0.0007393 0.0012447
50.0000000 50.0000000 0.0006107 -0.0009790 0.0013546
50.0000000 60.0000000 0.0003780 -0.0005976 0.0014005
50.0000000 70.0000000 0.0006243 -0.0008231 0.0013341
50.0000000 80.0000000 0.0004217 -0.0005565 0.0012078
50.0000000 90.0000000 0.0009036 -0.0014965 0.0016605
50.0000000 100.0000000 0.0004832 -0.0008110 0.0013584
50.0000000 110.0000000 0.0008251 -0.0013830 0.0015375
50.0000000 120.0000000 0.0007058 -0.0010318 0.0013877
50.0000000 130.0000000 0.0008172 -0.0010720 0.0012806
50.0000000 140.0000000 0.0006217 -0.0009124 0.0013408
50.0000000 150.0000000 0.0005231 -0.0007322 0.0013444
50.0000000 160.0000000 0.0004162 -0.0003283 0.0010514
50.0000000 170.0000000 0.0002877 -0.0001211 0.0009187
50.0000000 180.0000000 0.0006531 -0.0008737 0.0012863
50.0000000 190.0000000 0.0007028 -0.0013253 0.0014990
50.0000000 200.0000000 0.0001681 -0.0002009 0.0010386
50.0000000 210.0000000 0.0010703 -0.0016747 0.0015731
50.0000000 220.0000000 0.0011163 -0.0014453 0.0013220
50.0000000 230.0000000 0.0014374 -0.0017549 0.0014132
50.0000000 240.0000000 0.0005772 -0.0004970 0.0009536
50.0000000 250.0000000 0.0006223 -0.0007628 0.0011489
50.0000000 260.0000000 0.0001098 0.0001562 0.0008221
50.0000000 270.0000000 0.0000475 0.0002301 0.0007693
50.0000000 280.0000000 -0.0002489 0.0007369 0.0006018
50.0000000 290.0000000 0.0003244 0.0000182 0.0007922
50.0000000 300.0000000 0.0002501 0.0001136 0.0007693
50.0000000 310.0000000 0.0003979 -0.0001975 0.0009072
50.0000000 320.0000000 0.0005223 -0.0002386 0.0008252
50.0000000 330.0000000 0.0006028 -0.0003352 0.0008141
50.0000000 340.0000000 0.0006319 -0.0004458 0.0008659
50.0000000 350.0000000 0.0004273 -0.0002658 0.0009231
50.0000000 360.0000000 0.0003632 -0.0003810 0.0009592
50.0000000 370.0000000 0.0000050 0.0003397 0.0007041
50.0000000 380.0000000 0.0001560 0.0000920 0.0008137
50.0000000 390.0000000 0.0009531 -0.0011987 0.0012709
50.0000000 400.0000000 0.0005540 -0.0007072 0.0012137
50.0000000 410.0000000 0.0000125 0.0004201 0.0008027
50.0000000 420.0000000 0.0006576 -0.0003615 0.0009952
50.0000000 430.0000000 0.0003439 0.0001472 0.0009180
50.0000000 440.0000000 0.0030269 -0.0027796 0.0015755
60.0000000 10.0000000 0.0016969 -0.0034392 0.0026039
60.0000000 20.0000000 0.0019251 -0.0037382 0.0025911
60.0000000 30.0000000 0.0015237 -0.0024161 0.0017923
60.0000000 40.0000000 0.0006499 -0.0010282 0.0013849
60.0000000 50.0000000 0.0006390 -0.0010931 0.0014518
60.0000000 60.0000000 0.0003550 -0.0004628 0.0012217
60.0000000 70.0000000 0.0008936 -0.0012970 0.0015017
60.0000000 80.0000000 0.0006015 -0.0007484 0.0013247
60.0000000 90.0000000 0.0011255 -0.0022480 0.0020610
60.0000000 100.0000000 0.0006804 -0.0013662 0.0017036
60.0000000 110.0000000 0.0010678 -0.0019707 0.0017688
60.0000000 120.0000000 0.0009250 -0.0015811 0.0016325
60.0000000 130.0000000 0.0012786 -0.0019740 0.0016458
60.0000000 140.0000000 0.0009741 -0.0015976 0.0016580
60.0000000 150.0000000 0.0003082 -0.0003416 0.0011744
60.0000000 160.0000000 0.0007310 -0.0010953 0.0013613
60.0000000 170.0000000 0.0009272 -0.0014947 0.0015595
60.0000000 180.0000000 0.0010948 -0.0017497 0.0015417
60.0000000 190.0000000 0.0007603 -0.0014072 0.0015528
60.0000000 200.0000000 0.0009957 -0.0019886 0.0018669
60.0000000 210.0000000 0.0010699 -0.0018552 0.0016522
60.0000000 220.0000000 0.0012724 -0.0018694 0.0015267
60.0000000 230.0000000 0.0011296 -0.0014419 0.0014022
60.0000000 240.0000000 0.0012148 -0.0016017 0.0013742
60.0000000 250.0000000 0.0007970 -0.0010926 0.0013463
60.0000000 260.0000000 0.0004138 -0.0002214 0.0008790
60.0000000 270.0000000 0.0004827 -0.0005353 0.0010635
60.0000000 280.0000000 0.0000237 0.0002608 0.0007586
60.0000000 290.0000000 0.0006597 -0.0006266 0.0009992
60.0000000 300.0000000 0.0010889 -0.0010575 0.0010868
60.0000000 310.0000000 0.0008873 -0.0007855 0.0010119
60.0000000 320.0000000 0.0006712 -0.0005501 0.0009688
60.0000000 330.0000000 0.0008408 -0.0007651 0.0009486
60.0000000 340.0000000 0.0008217 -0.0008320 0.0010596
60.0000000 350.0000000 0.0003516 -0.0002043 0.0009059
60.0000000 360.0000000 -0.0001411 0.0005891 0.0006322
60.0000000 370.0000000 -0.0003962 0.0009733 0.0004866
60.0000000 380.0000000 0.0001915 0.0001308 0.0007260
60.0000000 390.0000000 0.0009327 -0.0013713 0.0013935
60.0000000 400.0000000 0.0011335 -0.0013098 0.0012650
60.0000000 410.0000000 0.0009784 -0.0010281 0.0011759
60.0000000 420.0000000 0.0008515 -0.0007248 0.0011373
60.0000000 430.0000000 0.0004543 -0.0003238 0.0011294
60.0000000 440.0000000 0.0015257 -0.0016249 0.0014686
70.0000000 10.0000000 0.0014765 -0.0028546 0.0022788
70.0000000 20.0000000 0.0019054 -0.0035600 0.0024161
70.0000000 30.0000000 0.0021646 -0.0040715 0.0027051
70.0000000 40.0000000 0.0013036 -0.0023571 0.0019651
70.0000000 50.0000000 0.0004975 -0.0008881 0.0013715
70.0000000 60.0000000 0.0000011 0.0000281 0.0010326
70.0000000 70.0000000 0.0003920 -0.0004564 0.0012957
70.0000000 80.0000000 0.0008245 -0.0011928 0.0015407
70.0000000 90.0000000 0.0014084 -0.0023693 0.0019857
70.0000000 100.0000000 0.0009708 -0.0016800 0.0015754
70.0000000 110.0000000 0.0007680 -0.0014834 0.0016223
70.0000000 120.0000000 0.0012115 -0.0020862 0.0018221
70.0000000 130.0000000 0.0011367 -0.0018221 0.0016780
70.0000000 140.0000000 0.0012225 -0.0018862 0.0016375
70.0000000 150.0000000 0.0009150 -0.0012895 0.0013970
70.0000000 160.0000000 0.0008925 -0.0013526 0.0014656
70.0000000 170.0000000 0.0005378 -0.0006093 0.0011428
70.0000000 180.0000000 0.0012285 -0.0022707 0.0018951
70.0000000 190.0000000 0.0006657 -0.0011124 0.0013916
70.0000000 200.0000000 0.0005685 -0.0007908 0.0012329
70.0000000 210.0000000 0.0015706 -0.0018857 0.0013909
70.0000000 220.0000000 0.0011486 -0.0013137 0.0012601
70.0000000 230.0000000 0.0011785 -0.0016592 0.0014334
70.0000000 240.0000000 0.0010190 -0.0011702 0.0012650
70.0000000 250.0000000 0.0004453 -0.0003186 0.0009257
70.0000000 260.0000000 0.0004711 -0.0004301 0.0010227
70.0000000 270.0000000 0.0001916 -0.0001542 0.0009485
70.0000000 280.0000000 0.0000015 0.0002043 0.0007902
70.0000000 290.0000000 0.0007204 -0.0005419 0.0009667
70.0000000 300.0000000 0.0012147 -0.0013867 0.0012481
70.0000000 310.0000000 0.0010911 -0.0010408 0.0010493
70.0000000 320.0000000 0.0007858 -0.0008971 0.0011182
70.0000000 330.0000000 0.0008607 -0.0007197 0.0009665
70.0000000 340.0000000 0.0006936 -0.0005232 0.0008988
70.0000000 350.0000000 -0.0002426 0.0007340 0.0006353
70.0000000 360.0000000 0.0003183 -0.0000556 0.0008106
70.0000000 370.0000000 0.0002256 -0.0000786 0.0008195
70.0000000 380.0000000 -0.0001912 0.0006073 0.0006123
70.0000000 390.0000000 0.0006539 -0.0006887 0.0010310
70.0000000 400.0000000 0.0012114 -0.0015950 0.0013617
70.0000000 410.0000000 0.0010533 -0.0009401 0.0011258
70.0000000 420.0000000 0.0009579 -0.0009289 0.0011321
70.0000000 430.0000000 0.0008506 -0.0010214 0.0013698
70.0000000 440.0000000 0.0030714 -0.0033142 0.0018333
80.0000000 10.0000000 0.0024493 -0.0048244 0.0030431
80.0000000 20.0000000 0.0019623 -0.0035526 0.0024187
80.0000000 30.0000000 0.0033445 -0.0064222 0.0035858
80.0000000 40.0000000 0.0026960 -0.0050710 0.0029516
80.0000000 50.0000000 0.0010113 -0.0018837 0.0018196
80.0000000 60.0000000 0.0004318 -0.0007382 0.0013077
80.0000000 70.0000000 0.0007779 -0.0014551 0.0015767
80.0000000 80.0000000 0.0006508 -0.0006502 0.0011329
80.0000000 90.0000000 0.0006240 -0.0012624 0.0016482
80.0000000 100.0000000 0.0019563 -0.0037513 0.0024640
80.0000000 110.0000000 0.0013809 -0.0025908 0.0020326
80.0000000 120.0000000 0.0016392 -0.0029386 0.0021839
80.0000000 130.0000000 0.0017710 -0.0030124 0.0020914
80.0000000 140.0000000 0.0014573 -0.0024555 0.0019029
80.0000000 150.0000000 0.0009659 -0.0017194 0.0017159
80.0000000 160.0000000 0.0006890 -0.0009070 0.0012958
80.0000000 170.0000000 0.0012410 -0.0021454 0.0017487
80.0000000 180.0000000 0.0008811 -0.0013972 0.0015216
80.0000000 190.0000000 0.0006464 -0.0013612 0.0015984
80.0000000 200.0000000 0.0006652 -0.0010343 0.0013653
80.0000000 210.0000000 0.0010787 -0.0015220 0.0014039
80.0000000 220.0000000 0.0016683 -0.0024648 0.0017012
80.0000000 230.0000000 0.0015537 -0.0019428 0.0014257
80.0000000 240.0000000 0.0013338 -0.0018450 0.0014771
80.0000000 250.0000000 0.0015102 -0.0019377 0.0015098
80.0000000 260.0000000 0.0005843 -0.0008087 0.0012204
80.0000000 270.0000000 0.0006788 -0.0009026 0.0011591
80.0000000 280.0000000 0.0006493 -0.0008050 0.0011321
80.0000000 290.0000000 0.0003553 -0.0002565 0.0009095
80.0000000 300.0000000 0.0011956 -0.0014547 0.0012801
80.0000000 310.0000000 0.0016875 -0.0018700 0.0012846
80.0000000 320.0000000 0.0009359 -0.0010846 0.0012334
80.0000000 330.0000000 0.0015037 -0.0017066 0.0012523
80.0000000 340.0000000 0.0013423 -0.0015430 0.0012663
80.0000000 350.0000000 0.0009295 -0.0011076 0.0011448
80.0000000 360.0000000 0.0007246 -0.0009282 0.0011119
80.0000000 370.0000000 0.0004475 -0.0005212 0.0011058
80.0000000 380.0000000 0.0005835 -0.0008267 0.0011332
80.0000000 390.0000000 0.0011330 -0.0013591 0.0012177
80.0000000 400.0000000 0.0014667 -0.0015805 0.0012336
80.0000000 410.0000000 0.0014958 -0.0017327 0.0013866
80.0000000 420.0000000 0.0014026 -0.0019822 0.0015943
80.0000000 430.0000000 0.0014258 -0.0018390 0.0014967
80.0000000 440.0000000 0.0021676 -0.0023596 0.0015496
90.0000000 10.0000000 0.0014162 -0.0027199 0.0022263
90.0000000 20.0000000 0.0029775 -0.0056588 0.0032039
90.0000000 30.0000000 0.0019246 -0.0034514 0.0023008
90.0000000 40.0000000 0.0015988 -0.0028605 0.0020785
90.0000000 50.0000000 0.0014236 -0.0026268 0.0020631
90.0000000 60.0000000 0.0017437 -0.0032993 0.0022514
90.0000000 70.0000000 0.0009022 -0.0013939 0.0014897
90.0000000 80.0000000 0.0008645 -0.0009608 0.0011980
90.0000000 90.0000000 0.0004300 -0.0006665 0.0013679
90.0000000 100.0000000 0.0009271 -0.0017178 0.0017180
90.0000000 110.0000000 0.0017638 -0.0033601 0.0023559
90.0000000 120.0000000 0.0012557 -0.0022135 0.0017882
90.0000000 130.0000000 0.0017321 -0.0029745 0.0020234
90.0000000 140.0000000 0.0018198 -0.0031847 0.0021454
90.0000000 150.0000000 0.0013247 -0.0023450 0.0019257
90.0000000 160.0000000 0.0011460 -0.0018540 0.0016253
90.0000000 170.0000000 0.0016727 -0.0029281 0.0019891
90.0000000 180.0000000 0.0012855 -0.0021697 0.0017020
90.0000000 190.0000000 0.0012034 -0.0022701 0.0017996
90.0000000 200.0000000 0.0014162 -0.0022155 0.0016516
90.0000000 210.0000000 0.0012858 -0.0020324 0.0016048
90.0000000 220.0000000 0.0022742 -0.0031387 0.0017120
90.0000000 230.0000000 0.0026095 -0.0033437 0.0017606
90.0000000 240.0000000 0.0015076 -0.0021539 0.0015574
90.0000000 250.0000000 0.0015513 -0.0026046 0.0017835
90.0000000 260.0000000 0.0008166 -0.0009249 0.0011779
90.0000000 270.0000000 0.0017553 -0.0023997 0.0016845
90.0000000 280.0000000 0.0004601 -0.0004799 0.0010476
90.0000000 290.0000000 0.0007136 -0.0008329 0.0011225
90.0000000 300.0000000 0.0019111 -0.0026794 0.0016627
90.0000000 310.0000000 0.0023605 -0.0027171 0.0014985
90.0000000 320.0000000 0.0011797 -0.0013521 0.0011969
90.0000000 330.0000000 0.0007026 -0.0008683 0.0011186
90.0000000 340.0000000 0.0022175 -0.0027307 0.0015869
90.0000000 350.0000000 0.0013029 -0.0012847 0.0011326
90.0000000 360.0000000 0.0002228 -0.0000744 0.0008514
90.0000000 370.0000000 0.0010003 -0.0016465 0.0014754
90.0000000 380.0000000 0.0010068 -0.0015013 0.0013904
90.0000000 390.0000000 0.0020979 -0.0029540 0.0017972
90.0000000 400.0000000 0.0017286 -0.0026851 0.0017746
90.0000000 410.0000000 0.0022172 -0.0034831 0.0021244
90.0000000 420.0000000 0.0014689 -0.0018410 0.0014388
90.0000000 430.0000000 0.0015021 -0.0017835 0.0014505
90.0000000 440.0000000 0.0035225 -0.0041660 0.0020988
100.0000000 10.0000000 0.0012509 -0.0023276 0.0019844
100.0000000 20.0000000 0.0012932 -0.0022764 0.0018920
100.0000000 30.0000000 0.0019318 -0.0033416 0.0023093
100.0000000 40.0000000 0.0015912 -0.0029619 0.0022685
100.0000000 50.0000000 0.0014431 -0.0026701 0.0019855
100.0000000 60.0000000 0.0019159 -0.0034735 0.0022443
100.0000000 70.0000000 0.0018171 -0.0029046 0.0019403
100.0000000 80.0000000 0.0015272 -0.0024110 0.0019001
100.0000000 90.0000000 0.0009333 -0.0016732 0.0017195
100.0000000 100.0000000 0.0005190 -0.0008016 0.0013280
100.0000000 110.0000000 0.0013263 -0.0024860 0.0020286
100.0000000 120.0000000 0.0022699 -0.0042441 0.0025617
100.0000000 130.0000000 0.0018374 -0.0030266 0.0020043
100.0000000 140.0000000 0.0021557 -0.0037632 0.0023031
100.0000000 150.0000000 0.0018252 -0.0031897 0.0019722
100.0000000 160.0000000 0.0021541 -0.0037261 0.0021524
100.0000000 170.0000000 0.0021132 -0.0037197 0.0021918
100.0000000 180.0000000 0.0011711 -0.0019811 0.0016914
100.0000000 190.0000000 0.0011784 -0.0019477 0.0015647
100.0000000 200.0000000 0.0017165 -0.0030049 0.0019863
100.0000000 210.0000000 0.0021875 -0.0034147 0.0020899
100.0000000 220.0000000 0.0017772 -0.0025376 0.0017278
100.0000000 230.0000000 0.0021180 -0.0026750 0.0016295
100.0000000 240.0000000 0.0008176 -0.0013450 0.0013527
100.0000000 250.0000000 0.0028063 -0.0039338 0.0020352
100.0000000 260.0000000 0.0011470 -0.0016941 0.0013733
100.0000000 270.0000000 0.0013594 -0.0019092 0.0015258
100.0000000 280.0000000 0.0027703 -0.0038115 0.0020701
100.0000000 290.0000000 0.0030309 -0.0040751 0.0020966
100.0000000 300.0000000 0.0016841 -0.0021547 0.0015131
100.0000000 310.0000000 0.0038054 -0.0049028 0.0022083
100.0000000 320.0000000 0.0021305 -0.0023041 0.0013466
100.0000000 330.0000000 0.0004080 -0.0002274 0.0008419
100.0000000 340.0000000 0.0008772 -0.0010556 0.0011691
100.0000000 350.0000000 0.0031174 -0.0038677 0.0018855
100.0000000 360.0000000 0.0007515 -0.0010074 0.0011867
100.0000000 370.0000000 0.0008028 -0.0010371 0.0012213
100.0000000 380.0000000 0.0008616 -0.0013437 0.0013668
100.0000000 390.0000000 0.0021876 -0.0034909 0.0021457
100.0000000 400.0000000 0.0024743 -0.0038769 0.0022130
100.0000000 410.0000000 0.0024969 -0.0039375 0.0022523
100.0000000 420.0000000 0.0021746 -0.0036478 0.0023184
100.0000000 430.0000000 0.0032906 -0.0040795 0.0020635
100.0000000 440.0000000 0.0057901 -0.0073489 0.0030348
110.0000000 10.0000000 0.0017173 -0.0031687 0.0022529
110.0000000 20.0000000 0.0018276 -0.0031494 0.0020750
110.0000000 30.0000000 0.0021547 -0.0034912 0.0021487
110.0000000 40.0000000 0.0016180 -0.0029734 0.0021638
110.0000000 50.0000000 0.0011937 -0.0021338 0.0019102
110.0000000 60.0000000 0.0011931 -0.0021683 0.0017690
110.0000000 70.0000000 0.0020738 -0.0032195 0.0019613
110.0000000 80.0000000 0.0018613 -0.0030999 0.0020299
110.0000000 90.0000000 0.0015915 -0.0027671 0.0019961
110.0000000 100.0000000 0.0008247 -0.0016976 0.0017402
110.0000000 110.0000000 0.0005825 -0.0010942 0.0014940
110.0000000 120.0000000 0.0024056 -0.0042478 0.0025290
110.0000000 130.0000000 0.0027301 -0.0047261 0.0026667
110.0000000 140.0000000 0.0018037 -0.0032063 0.0021521
110.0000000 150.0000000 0.0026158 -0.0047440 0.0026875
110.0000000 160.0000000 0.0021034 -0.0037987 0.0023512
110.0000000 170.0000000 0.0022218 -0.0037346 0.0021109
110.0000000 180.0000000 0.0015629 -0.0026862 0.0017598
110.0000000 190.0000000 0.0015389 -0.0025635 0.0017679
110.0000000 200.0000000 0.0019075 -0.0030965 0.0019130
110.0000000 210.0000000 0.0024654 -0.0039316 0.0021307
110.0000000 220.0000000 0.0029898 -0.0038748 0.0019444
110.0000000 230.0000000 0.0039502 -0.0052701 0.0023742
110.0000000 240.0000000 0.0032167 -0.0042971 0.0020123
110.0000000 250.0000000 0.0037523 -0.0050107 0.0022932
110.0000000 260.0000000 0.0028641 -0.0038870 0.0020064
110.0000000 270.0000000 0.0026417 -0.0032809 0.0017056
110.0000000 280.0000000 0.0029449 -0.0040309 0.0021438
110.0000000 290.0000000 0.0022004 -0.0024194 0.0014442
110.0000000 300.0000000 0.0027786 -0.0035473 0.0018031
110.0000000 310.0000000 0.0029372 -0.0039300 0.0019211
110.0000000 320.0000000 0.0029255 -0.0038487 0.0019085
110.0000000 330.0000000 0.0031208 -0.0042384 0.0020105
110.0000000 340.0000000 0.0050884 -0.0065851 0.0025581
110.0000000 350.0000000 0.0014357 -0.0021299 0.0015220
110.0000000 360.0000000 0.0007246 -0.0011515 0.0013166
110.0000000 370.0000000 0.0011363 -0.0015913 0.0013916
110.0000000 380.0000000 0.0028263 -0.0034823 0.0017845
110.0000000 390.0000000 0.0030153 -0.0045579 0.0023925
110.0000000 400.0000000 0.0030021 -0.0038559 0.0018601
110.0000000 410.0000000 0.0019825 -0.0031539 0.0018730
110.0000000 420.0000000 0.0017708 -0.0026993 0.0018096
110.0000000 430.0000000 0.0040111 -0.0055448 0.0024890
110.0000000 440.0000000 0.0051437 -0.0063158 0.0025237
120.0000000 10.0000000 0.0015392 -0.0029534 0.0022736
120.0000000 20.0000000 0.0024283 -0.0042623 0.0024886
120.0000000 30.0000000 0.0025338 -0.0044901 0.0025739
120.0000000 40.0000000 0.0016797 -0.0028122 0.0019172
120.0000000 50.0000000 0.0014295 -0.0024691 0.0018261
120.0000000 60.0000000 0.0014183 -0.0027293 0.0019969
120.0000000 70.0000000 0.0012564 -0.0017686 0.0014696
120.0000000 80.0000000 0.0010464 -0.0015647 0.0014952
120.0000000 90.0000000 0.0010988 -0.0018550 0.0016258
120.0000000 100.0000000 0.0006291 -0.0013163 0.0015736
120.0000000 110.0000000 0.0009959 -0.0017153 0.0016786
120.0000000 120.0000000 0.0017558 -0.0031586 0.0022189
120.0000000 130.0000000 0.0018754 -0.0030277 0.0020922
120.0000000 140.0000000 0.0015547 -0.0024583 0.0018182
120.0000000 150.0000000 0.0015609 -0.0026531 0.0018700
120.0000000 160.0000000 0.0012123 -0.0019137 0.0015998
120.0000000 170.0000000 0.0011985 -0.0017555 0.0014598
120.0000000 180.0000000 0.0005891 -0.0007935 0.0012348
120.0000000 190.0000000 0.0012487 -0.0017411 0.0015196
120.0000000 200.0000000 0.0014387 -0.0022913 0.0016578
120.0000000 210.0000000 0.0016478 -0.0020570 0.0014295
120.0000000 220.0000000 0.0019513 -0.0025201 0.0015888
120.0000000 230.0000000 0.0017083 -0.0021048 0.0014750
120.0000000 240.0000000 0.0018040 -0.0020557 0.0013535
120.0000000 250.0000000 0.0016199 -0.0018251 0.0012918
120.0000000 260.0000000 0.0013966 -0.0016755 0.0013056
120.0000000 270.0000000 0.0018833 -0.0019156 0.0013093
120.0000000 280.0000000 0.0014844 -0.0016019 0.0013426
120.0000000 290.0000000 0.0012311 -0.0011269 0.0010602
120.0000000 300.0000000 0.0011481 -0.0013137 0.0012351
120.0000000 310.0000000 0.0016453 -0.0018752 0.0013204
120.0000000 320.0000000 0.0033116 -0.0038853 0.0017897
120.0000000 330.0000000 0.0012208 -0.0015082 0.0012521
120.0000000 340.0000000 0.0028516 -0.0029841 0.0014646
120.0000000 350.0000000 0.0010783 -0.0012432 0.0011690
120.0000000 360.0000000 0.0027884 -0.0028327 0.0014247
120.0000000 370.0000000 0.0006684 -0.0008374 0.0011334
120.0000000 380.0000000 0.0025867 -0.0031935 0.0017701
120.0000000 390.0000000 0.0016306 -0.0019610 0.0013675
120.0000000 400.0000000 0.0015895 -0.0021387 0.0014770
120.0000000 410.0000000 0.0010872 -0.0015416 0.0013336
120.0000000 420.0000000 0.0012680 -0.0019533 0.0015557
120.0000000 430.0000000 0.0022957 -0.0028917 0.0016512
120.0000000 440.0000000 0.0024619 -0.0032335 0.0019578
130.0000000 10.0000000 0.0034017 -0.0065956 0.0036399
130.0000000 20.0000000 0.0025954 -0.0048966 0.0029361
130.0000000 30.0000000 0.0018525 -0.0033424 0.0021847
130.0000000 40.0000000 0.0022277 -0.0038677 0.0023701
130.0000000 50.0000000 0.0018498 -0.0033444 0.0022161
130.0000000 60.0000000 0.0027715 -0.0049282 0.0027290
130.0000000 70.0000000 0.0020133 -0.0033219 0.0020754
130.0000000 80.0000000 0.0014496 -0.0025088 0.0019215
130.0000000 90.0000000 0.0012120 -0.0022248 0.0018356
130.0000000 100.0000000 0.0002976 -0.0007952 0.0014492
130.0000000 110.0000000 0.0008797 -0.0016269 0.0017752
130.0000000 120.0000000 0.0012908 -0.0019811 0.0016006
130.0000000 130.0000000 0.0016729 -0.0026378 0.0019081
130.0000000 140.0000000 0.0013869 -0.0020567 0.0016329
130.0000000 150.0000000 0.0013300 -0.0021794 0.0017449
130.0000000 160.0000000 0.0011179 -0.0017728 0.0016348
130.0000000 170.0000000 0.0006245 -0.0007982 0.0012663
130.0000000 180.0000000 0.0004986 -0.0006700 0.0011393
130.0000000 190.0000000 0.0004748 -0.0005926 0.0011653
130.0000000 200.0000000 0.0007913 -0.0008472 0.0010887
130.0000000 210.0000000 0.0015155 -0.0017791 0.0013260
130.0000000 220.0000000 0.0007797 -0.0008761 0.0010837
130.0000000 230.0000000 0.0010265 -0.0012170 0.0012529
130.0000000 240.0000000 0.0009140 -0.0008264 0.0010270
130.0000000 250.0000000 0.0007668 -0.0007214 0.0010999
130.0000000 260.0000000 0.0012266 -0.0009864 0.0010086
130.0000000 270.0000000 0.0006086 -0.0004873 0.0009430
130.0000000 280.0000000 0.0008040 -0.0007680 0.0010070
130.0000000 290.0000000 0.0009642 -0.0008301 0.0010778
130.0000000 300.0000000 0.0010490 -0.0009743 0.0010845
130.0000000 310.0000000 0.0009618 -0.0008236 0.0010550
130.0000000 320.0000000 0.0013963 -0.0015289 0.0012712
130.0000000 330.0000000 0.0015885 -0.0017936 0.0012757
130.0000000 340.0000000 0.0019139 -0.0021206 0.0013366
130.0000000 350.0000000 0.0013677 -0.0012087 0.0010293
130.0000000 360.0000000 0.0012682 -0.0010796 0.0010618
130.0000000 370.0000000 0.0012332 -0.0010480 0.0010492
130.0000000 380.0000000 0.0012104 -0.0010997 0.0011135
130.0000000 390.0000000 0.0013376 -0.0011844 0.0011077
130.0000000 400.0000000 0.0014996 -0.0020629 0.0015733
130.0000000 410.0000000 0.0008298 -0.0008077 0.0010373
130.0000000 420.0000000 0.0006108 -0.0008405 0.0011474
130.0000000 430.0000000 0.0015930 -0.0022744 0.0017027
130.0000000 440.0000000 0.0022982 -0.0028588 0.0017644
140.0000000 10.0000000 0.0027931 -0.0055304 0.0033124
140.0000000 20.0000000 0.0018275 -0.0033434 0.0022947
140.0000000 30.0000000 0.0030391 -0.0054818 0.0030591
140.0000000 40.0000000 0.0016375 -0.0027009 0.0018392
140.0000000 50.0000000 0.0016077 -0.0025965 0.0018631
140.0000000 60.0000000 0.0014804 -0.0024038 0.0017378
140.0000000 70.0000000 0.0015073 -0.0024136 0.0017520
140.0000000 80.0000000 0.0010432 -0.0015795 0.0014229
140.0000000 90.0000000 0.0010131 -0.0016256 0.0015119
140.0000000 100.0000000 0.0004527 -0.0008202 0.0014189
140.0000000 110.0000000 0.0010462 -0.0019112 0.0018054
140.0000000 120.0000000 0.0017521 -0.0028009 0.0019819
140.0000000 130.0000000 0.0012220 -0.0017899 0.0015635
140.0000000 140.0000000 0.0017156 -0.0027605 0.0020044
140.0000000 150.0000000 0.0011681 -0.0017438 0.0016186
140.0000000 160.0000000 0.0006927 -0.0010615 0.0013494
140.0000000 170.0000000 0.0012199 -0.0015343 0.0013821
140.0000000 180.0000000 0.0006905 -0.0008319 0.0011094
140.0000000 190.0000000 0.0008956 -0.0009577 0.0011962
140.0000000 200.0000000 0.0015353 -0.0016343 0.0012450
140.0000000 210.0000000 0.0008002 -0.0008155 0.0010669
140.0000000 220.0000000 0.0007810 -0.0008038 0.0011334
140.0000000 230.0000000 0.0007946 -0.0007914 0.0010713
140.0000000 240.0000000 0.0007543 -0.0005836 0.0009700
140.0000000 250.0000000 0.0014201 -0.0012680 0.0011984
140.0000000 260.0000000 0.0005069 -0.0003816 0.0009836
140.0000000 270.0000000 0.0009116 -0.0006959 0.0009851
140.0000000 280.0000000 0.0010421 -0.0008693 0.0010100
140.0000000 290.0000000 0.0007766 -0.0005640 0.0010521
140.0000000 300.0000000 0.0015161 -0.0014586 0.0011389
140.0000000 310.0000000 0.0012001 -0.0012305 0.0010881
140.0000000 320.0000000 0.0012953 -0.0012373 0.0011101
140.0000000 330.0000000 0.0009879 -0.0009326 0.0010647
140.0000000 340.0000000 0.0012492 -0.0015338 0.0011715
140.0000000 350.0000000 0.0009067 -0.0008167 0.0009311
140.0000000 360.0000000 0.0010334 -0.0009389 0.0010743
140.0000000 370.0000000 0.0014486 -0.0012382 0.0011547
140.0000000 380.0000000 0.0016257 -0.0017508 0.0013576
140.0000000 390.0000000 0.0018795 -0.0020209 0.0013155
140.0000000 400.0000000 0.0011214 -0.0013877 0.0012875
140.0000000 410.0000000 0.0004587 -0.0003103 0.0009540
140.0000000 420.0000000 0.0006741 -0.0010331 0.0012914
140.0000000 430.0000000 0.0017139 -0.0018464 0.0013353
140.0000000 440.0000000 0.0030292 -0.0034513 0.0018312
150.0000000 10.0000000 0.0021165 -0.0040229 0.0026115
150.0000000 20.0000000 0.0016349 -0.0028160 0.0020313
150.0000000 30.0000000 0.0027639 -0.0048257 0.0027374
150.0000000 40.0000000 0.0018378 -0.0031363 0.0021000
150.0000000 50.0000000 0.0013656 -0.0021078 0.0015936
150.0000000 60.0000000 0.0017145 -0.0028985 0.0019265
150.0000000 70.0000000 0.0010448 -0.0015073 0.0013731
150.0000000 80.0000000 0.0013517 -0.0022573 0.0017471
150.0000000 90.0000000 0.0011185 -0.0020332 0.0017884
150.0000000 100.0000000 0.0010150 -0.0019151 0.0017492
150.0000000 110.0000000 0.0008697 -0.0012673 0.0014138
150.0000000 120.0000000 0.0014744 -0.0022410 0.0017401
150.0000000 130.0000000 0.0012303 -0.0015546 0.0013822
150.0000000 140.0000000 0.0012350 -0.0019000 0.0016457
150.0000000 150.0000000 0.0011003 -0.0019338 0.0016564
150.0000000 160.0000000 0.0008430 -0.0009903 0.0011764
150.0000000 170.0000000 0.0007710 -0.0010049 0.0012552
150.0000000 180.0000000 0.0007695 -0.0009378 0.0012048
150.0000000 190.0000000 0.0012833 -0.0014595 0.0012273
150.0000000 200.0000000 0.0005530 -0.0006762 0.0011345
150.0000000 210.0000000 0.0012593 -0.0014264 0.0012290
150.0000000 220.0000000 0.0012797 -0.0012372 0.0010670
150.0000000 230.0000000 0.0008044 -0.0006603 0.0009953
150.0000000 240.0000000 0.0009621 -0.0008146 0.0009875
150.0000000 250.0000000 0.0011739 -0.0010698 0.0010387
150.0000000 260.0000000 0.0004499 -0.0003361 0.0009465
150.0000000 270.0000000 0.0006523 -0.0005209 0.0009670
150.0000000 280.0000000 0.0004765 -0.0002272 0.0009673
150.0000000 290.0000000 0.0005198 -0.0003194 0.0008994
150.0000000 300.0000000 0.0007447 -0.0005544 0.0009849
150.0000000 310.0000000 0.0007514 -0.0007345 0.0010301
150.0000000 320.0000000 0.0011302 -0.0010741 0.0010155
150.0000000 330.0000000 0.0013501 -0.0014291 0.0011172
150.0000000 340.0000000 0.0013068 -0.0014121 0.0012234
150.0000000 350.0000000 0.0014294 -0.0013912 0.0010422
150.0000000 360.0000000 0.0010860 -0.0009857 0.0009907
150.0000000 370.0000000 0.0010200 -0.0009830 0.0010431
150.0000000 380.0000000 0.0002937 0.0000195 0.0007978
150.0000000 390.0000000 0.0011337 -0.0011288 0.0012902
150.0000000 400.0000000 0.0008011 -0.0006821 0.0009897
150.0000000 410.0000000 0.0004109 -0.0002591 0.0009601
150.0000000 420.0000000 0.0004280 -0.0005192 0.0010734
150.0000000 430.0000000 0.0015363 -0.0017232 0.0012896
150.0000000 440.0000000 0.0023567 -0.0021120 0.0013348
160.0000000 10.0000000 0.0027141 -0.0049342 0.0028125
160.0000000 20.0000000 0.0026395 -0.0046141 0.0026409
160.0000000 30.0000000 0.0024028 -0.0039641 0.0022938
160.0000000 40.0000000 0.0018177 -0.0030952 0.0020843
160.0000000 50.0000000 0.0018081 -0.0029958 0.0019983
160.0000000 60.0000000 0.0014551 -0.0023874 0.0017548
160.0000000 70.0000000 0.0013331 -0.0021764 0.0017120
160.0000000 80.0000000 0.0014688 -0.0020442 0.0014721
160.0000000 90.0000000 0.0007425 -0.0014415 0.0015610
160.0000000 100.0000000 0.0006956 -0.0014222 0.0016118
160.0000000 110.0000000 0.0007891 -0.0013981 0.0015961
160.0000000 120.0000000 0.0014599 -0.0023440 0.0018419
160.0000000 130.0000000 0.0015826 -0.0024702 0.0018182
160.0000000 140.0000000 0.0011855 -0.0017846 0.0015271
160.0000000 150.0000000 0.0009767 -0.0015545 0.0015155
160.0000000 160.0000000 0.0010364 -0.0017618 0.0015600
160.0000000 170.0000000 0.0009232 -0.0013824 0.0013646
160.0000000 180.0000000 0.0011703 -0.0014580 0.0012933
160.0000000 190.0000000 0.0009922 -0.0011813 0.0013003
160.0000000 200.0000000 0.0011074 -0.0012335 0.0012227
160.0000000 210.0000000 0.0012423 -0.0014428 0.0012613
160.0000000 220.0000000 0.0008563 -0.0008331 0.0011081
160.0000000 230.0000000 0.0020718 -0.0019794 0.0012120
160.0000000 240.0000000 0.0007934 -0.0007858 0.0010264
160.0000000 250.0000000 0.0009831 -0.0010870 0.0010952
160.0000000 260.0000000 0.0008664 -0.0008615 0.0011438
160.0000000 270.0000000 0.0008388 -0.0005962 0.0009912
160.0000000 280.0000000 0.0011649 -0.0009567 0.0011024
160.0000000 290.0000000 0.0012107 -0.0008916 0.0009914
160.0000000 300.0000000 0.0003537 -0.0000297 0.0008362
160.0000000 310.0000000 0.0007939 -0.0006619 0.0009738
160.0000000 320.0000000 0.0010549 -0.0009267 0.0010640
160.0000000 330.0000000 0.0009563 -0.0009144 0.0010853
160.0000000 340.0000000 0.0015784 -0.0017993 0.0012477
160.0000000 350.0000000 0.0011412 -0.0012246 0.0012556
160.0000000 360.0000000 0.0013608 -0.0013431 0.0011142
160.0000000 370.0000000 0.0009203 -0.0007184 0.0009309
160.0000000 380.0000000 0.0011918 -0.0010819 0.0011103
160.0000000 390.0000000 0.0003606 -0.0003943 0.0011320
160.0000000 400.0000000 0.0005347 -0.0002988 0.0009878
160.0000000 410.0000000 0.0004441 -0.0004564 0.0010032
160.0000000 420.0000000 0.0003796 -0.0003923 0.0009975
160.0000000 430.0000000 0.0011090 -0.0011840 0.0011252
160.0000000 440.0000000 0.0019354 -0.0020179 0.0013533
170.0000000 10.0000000 0.0018122 -0.0032590 0.0022359
170.0000000 20.0000000 0.0018245 -0.0031725 0.0022253
170.0000000 30.0000000 0.0013500 -0.0022307 0.0018029
170.0000000 40.0000000 0.0024519 -0.0043447 0.0025766
170.0000000 50.0000000 0.0015393 -0.0026319 0.0019501
170.0000000 60.0000000 0.0009208 -0.0013239 0.0013492
170.0000000 70.0000000 0.0013806 -0.0022930 0.0017268
170.0000000 80.0000000 0.0010466 -0.0015123 0.0014105
170.0000000 90.0000000 0.0011605 -0.0021336 0.0018220
170.0000000 100.0000000 0.0004921 -0.0009317 0.0014449
170.0000000 110.0000000 0.0006644 -0.0010238 0.0013844
170.0000000 120.0000000 0.0011183 -0.0017027 0.0015914
170.0000000 130.0000000 0.0012416 -0.0016568 0.0015071
170.0000000 140.0000000 0.0012921 -0.0018604 0.0015612
170.0000000 150.0000000 0.0008415 -0.0011094 0.0012446
170.0000000 160.0000000 0.0008844 -0.0012828 0.0012610
170.0000000 170.0000000 0.0009563 -0.0013226 0.0013362
170.0000000 180.0000000 0.0012760 -0.0017384 0.0014648
170.0000000 190.0000000 0.0012897 -0.0015170 0.0012802
170.0000000 200.0000000 0.0017451 -0.0020383 0.0013615
170.0000000 210.0000000 0.0011795 -0.0011012 0.0010640
170.0000000 220.0000000 0.0009625 -0.0009920 0.0011167
170.0000000 230.0000000 0.0008751 -0.0008087 0.0010947
170.0000000 240.0000000 0.0012913 -0.0012930 0.0011103
170.0000000 250.0000000 0.0012271 -0.0010999 0.0010267
170.0000000 260.0000000 0.0004482 -0.0003456 0.0009254
170.0000000 270.0000000 0.0011841 -0.0010383 0.0010838
170.0000000 280.0000000 0.0005331 -0.0003955 0.0009153
170.0000000 290.0000000 0.0004848 -0.0002696 0.0009433
170.0000000 300.0000000 0.0009028 -0.0006807 0.0009852
170.0000000 310.0000000 0.0007739 -0.0007043 0.0009926
170.0000000 320.0000000 0.0006362 -0.0005081 0.0009171
170.0000000 330.0000000 0.0008366 -0.0006615 0.0009303
170.0000000 340.0000000 0.0006253 -0.0006146 0.0009787
170.0000000 350.0000000 0.0006420 -0.0004662 0.0008862
170.0000000 360.0000000 0.0007703 -0.0006310 0.0009164
170.0000000 370.0000000 0.0003535 -0.0002311 0.0008664
170.0000000 380.0000000 0.0004671 -0.0003706 0.0008642
170.0000000 390.0000000 0.0003453 -0.0002630 0.0009950
170.0000000 400.0000000 0.0001852 0.0001269 0.0008726
170.0000000 410.0000000 0.0000537 0.0002021 0.0008370
170.0000000 420.0000000 0.0005769 -0.0007183 0.0011444
170.0000000 430.0000000 0.0013283 -0.0016186 0.0013809
170.0000000 440.0000000 0.0020812 -0.0020716 0.0013347
180.0000000 10.0000000 0.0028296 -0.0054035 0.0030981
180.0000000 20.0000000 0.0024861 -0.0046559 0.0028051
180.0000000 30.0000000 0.0021169 -0.0038873 0.0024510
180.0000000 40.0000000 0.0016843 -0.0026505 0.0018479
180.0000000 50.0000000 0.0019142 -0.0034416 0.0021865
180.0000000 60.0000000 0.0020431 -0.0035240 0.0021440
180.0000000 70.0000000 0.0018745 -0.0033127 0.0020362
180.0000000 80.0000000 0.0013310 -0.0020048 0.0015972
180.0000000 90.0000000 0.0011477 -0.0020572 0.0017524
180.0000000 100.0000000 0.0007717 -0.0013372 0.0015010
180.0000000 110.0000000 0.0007629 -0.0013001 0.0015301
180.0000000 120.0000000 0.0014943 -0.0022894 0.0017920
180.0000000 130.0000000 0.0012130 -0.0017360 0.0015434
180.0000000 140.0000000 0.0014003 -0.0020652 0.0016674
180.0000000 150.0000000 0.0012443 -0.0019121 0.0015704
180.0000000 160.0000000 0.0009578 -0.0014703 0.0013765
180.0000000 170.0000000 0.0008053 -0.0011098 0.0012263
180.0000000 180.0000000 0.0009803 -0.0010836 0.0011703
180.0000000 190.0000000 0.0012480 -0.0014374 0.0012581
180.0000000 200.0000000 0.0011002 -0.0013187 0.0012376
180.0000000 210.0000000 0.0009631 -0.0010398 0.0011558
180.0000000 220.0000000 0.0008453 -0.0009385 0.0011111
180.0000000 230.0000000 0.0007564 -0.0006257 0.0010242
180.0000000 240.0000000 0.0009216 -0.0008361 0.0009822
180.0000000 250.0000000 0.0010149 -0.0008569 0.0009898
180.0000000 260.0000000 0.0006464 -0.0005264 0.0009549
180.0000000 270.0000000 0.0006217 -0.0007009 0.0010884
180.0000000 280.0000000 0.0014662 -0.0012389 0.0010865
180.0000000 290.0000000 0.0000933 0.0000983 0.0008543
180.0000000 300.0000000 0.0006191 -0.0005305 0.0009302
180.0000000 310.0000000 0.0005588 -0.0004503 0.0009775
180.0000000 320.0000000 0.0002875 -0.0002441 0.0009356
180.0000000 330.0000000 0.0001601 -0.0000116 0.0008677
180.0000000 340.0000000 0.0006040 -0.0007681 0.0011332
180.0000000 350.0000000 0.0009544 -0.0010796 0.0011863
180.0000000 360.0000000 0.0007904 -0.0008156 0.0010066
180.0000000 370.0000000 0.0005847 -0.0006266 0.0009726
180.0000000 380.0000000 0.0006458 -0.0007422 0.0011119
180.0000000 390.0000000 0.0010925 -0.0010241 0.0011035
180.0000000 400.0000000 0.0004527 -0.0002820 0.0009845
180.0000000 410.0000000 0.0000498 0.0001698 0.0009467
180.0000000 420.0000000 0.0001022 0.0000679 0.0008990
180.0000000 430.0000000 0.0004934 -0.0004306 0.0009895
180.0000000 440.0000000 0.0021666 -0.0022966 0.0015097
190.0000000 10.0000000 0.0024193 -0.0044946 0.0027006
190.0000000 20.0000000 0.0017438 -0.0030879 0.0021236
190.0000000 30.0000000 0.0024174 -0.0041355 0.0024539
190.0000000 40.0000000 0.0020123 -0.0033637 0.0021768
190.0000000 50.0000000 0.0014766 -0.0026138 0.0019703
190.0000000 60.0000000 0.0016503 -0.0029952 0.0020903
190.0000000 70.0000000 0.0015599 -0.0027051 0.0018553
190.0000000 80.0000000 0.0012696 -0.0020153 0.0015818
190.0000000 90.0000000 0.0011836 -0.0021100 0.0017314
190.0000000 100.0000000 0.0012013 -0.0022249 0.0019034
190.0000000 110.0000000 0.0010370 -0.0018552 0.0017565
190.0000000 120.0000000 0.0013920 -0.0020663 0.0016891
190.0000000 130.0000000 0.0013702 -0.0018897 0.0015722
190.0000000 140.0000000 0.0011264 -0.0017069 0.0015467
190.0000000 150.0000000 0.0009288 -0.0015980 0.0015561
190.0000000 160.0000000 0.0009954 -0.0014195 0.0013937
190.0000000 170.0000000 0.0007663 -0.0010755 0.0012341
190.0000000 180.0000000 0.0008232 -0.0010912 0.0013287
190.0000000 190.0000000 0.0011226 -0.0014084 0.0012675
190.0000000 200.0000000 0.0002445 -0.0003281 0.0010546
190.0000000 210.0000000 0.0010223 -0.0012666 0.0011957
190.0000000 220.0000000 0.0010872 -0.0012181 0.0011399
190.0000000 230.0000000 0.0010334 -0.0010966 0.0011442
190.0000000 240.0000000 0.0008365 -0.0008912 0.0010855
190.0000000 250.0000000 0.0007971 -0.0009603 0.0011082
190.0000000 260.0000000 0.0007312 -0.0006564 0.0009624
190.0000000 270.0000000 0.0003271 -0.0001937 0.0009148
190.0000000 280.0000000 0.0002857 -0.0003049 0.0010007
190.0000000 290.0000000 0.0003402 -0.0003564 0.0010231
190.0000000 300.0000000 0.0003526 -0.0002623 0.0009808
190.0000000 310.0000000 0.0002369 0.0000558 0.0008064
190.0000000 320.0000000 0.0004121 -0.0003839 0.0009909
190.0000000 330.0000000 0.0005886 -0.0006192 0.0010438
190.0000000 340.0000000 0.0006022 -0.0005258 0.0009611
190.0000000 350.0000000 0.0002981 -0.0002154 0.0008842
190.0000000 360.0000000 0.0000859 0.0001217 0.0007730
190.0000000 370.0000000 0.0006718 -0.0006863 0.0009356
190.0000000 380.0000000 0.0011828 -0.0010745 0.0010987
190.0000000 390.0000000 0.0010537 -0.0011449 0.0012276
190.0000000 400.0000000 0.0000456 0.0001170 0.0008736
190.0000000 410.0000000 0.0003535 -0.0002304 0.0009789
190.0000000 420.0000000 0.0002297 -0.0001489 0.0009765
190.0000000 430.0000000 -0.0000481 0.0001544 0.0009115
190.0000000 440.0000000 0.0017932 -0.0017456 0.0012999
200.0000000 10.0000000 0.0018017 -0.0033327 0.0024714
200.0000000 20.0000000 0.0019971 -0.0034947 0.0022578
200.0000000 30.0000000 0.0015988 -0.0026727 0.0019894
200.0000000 40.0000000 0.0018960 -0.0031945 0.0022241
200.0000000 50.0000000 0.0014583 -0.0024991 0.0018446
200.0000000 60.0000000 0.0015360 -0.0026536 0.0019309
200.0000000 70.0000000 0.0017359 -0.0028200 0.0018413
200.0000000 80.0000000 0.0017665 -0.0030024 0.0019625
200.0000000 90.0000000 0.0013334 -0.0024756 0.0019126
200.0000000 100.0000000 0.0010384 -0.0019659 0.0017668
200.0000000 110.0000000 0.0011089 -0.0019869 0.0018030
200.0000000 120.0000000 0.0012541 -0.0019124 0.0016622
200.0000000 130.0000000 0.0014272 -0.0020457 0.0016862
200.0000000 140.0000000 0.0012429 -0.0021469 0.0017495
200.0000000 150.0000000 0.0008347 -0.0012490 0.0013813
200.0000000 160.0000000 0.0008202 -0.0013026 0.0013795
200.0000000 170.0000000 0.0010729 -0.0015065 0.0013957
200.0000000 180.0000000 0.0010652 -0.0014125 0.0013336
200.0000000 190.0000000 0.0011456 -0.0014562 0.0013028
200.0000000 200.0000000 0.0012360 -0.0014782 0.0012941
200.0000000 210.0000000 0.0008038 -0.0007712 0.0009902
200.0000000 220.0000000 0.0004717 -0.0005904 0.0009966
200.0000000 230.0000000 0.0008052 -0.0009931 0.0011656
200.0000000 240.0000000 0.0009605 -0.0010690 0.0011724
200.0000000 250.0000000 0.0006572 -0.0007941 0.0010768
200.0000000 260.0000000 0.0005857 -0.0004744 0.0009437
200.0000000 270.0000000 0.0001240 -0.0000020 0.0008601
200.0000000 280.0000000 0.0000700 -0.0000599 0.0009473
200.0000000 290.0000000 -0.0000587 0.0002235 0.0008005
200.0000000 300.0000000 0.0000804 0.0001037 0.0008896
200.0000000 310.0000000 0.0002223 -0.0001866 0.0010520
200.0000000 320.0000000 0.0000174 0.0001163 0.0008376
200.0000000 330.0000000 0.0001972 -0.0002013 0.0009346
200.0000000 340.0000000 0.0006211 -0.0005647 0.0009174
200.0000000 350.0000000 0.0007295 -0.0007774 0.0010576
200.0000000 360.0000000 0.0001436 -0.0001828 0.0009466
200.0000000 370.0000000 0.0001146 -0.0000341 0.0008725
200.0000000 380.0000000 0.0003541 -0.0002557 0.0009297
200.0000000 390.0000000 0.0001734 0.0000564 0.0009164
200.0000000 400.0000000 0.0001298 0.0000787 0.0008876
200.0000000 410.0000000 0.0001511 -0.0001280 0.0010432
200.0000000 420.0000000 0.0004408 -0.0003514 0.0010387
200.0000000 430.0000000 0.0002606 -0.0003198 0.0010816
200.0000000 440.0000000 0.0007623 -0.0008715 0.0012223
210.0000000 10.0000000 0.0024766 -0.0047030 0.0029210
210.0000000 20.0000000 0.0016361 -0.0029856 0.0021584
210.0000000 30.0000000 0.0024702 -0.0046039 0.0028433
210.0000000 40.0000000 0.0019715 -0.0033359 0.0022093
210.0000000 50.0000000 0.0017647 -0.0033083 0.0023124
210.0000000 60.0000000 0.0011181 -0.0018495 0.0016160
210.0000000 70.0000000 0.0015211 -0.0026785 0.0019392
210.0000000 80.0000000 0.0016911 -0.0030201 0.0020646
210.0000000 90.0000000 0.0015370 -0.0025815 0.0019284
210.0000000 100.0000000 0.0011929 -0.0021703 0.0018325
210.0000000 110.0000000 0.0007057 -0.0013407 0.0015700
210.0000000 120.0000000 0.0012412 -0.0020960 0.0017869
210.0000000 130.0000000 0.0015890 -0.0024254 0.0018070
210.0000000 140.0000000 0.0007108 -0.0009485 0.0012371
210.0000000 150.0000000 0.0008371 -0.0016040 0.0015454
210.0000000 160.0000000 0.0004990 -0.0009093 0.0013186
210.0000000 170.0000000 0.0007554 -0.0011772 0.0013601
210.0000000 180.0000000 0.0009394 -0.0013639 0.0014239
210.0000000 190.0000000 0.0009424 -0.0012556 0.0013110
210.0000000 200.0000000 0.0013837 -0.0018575 0.0014865
210.0000000 210.0000000 0.0012831 -0.0014633 0.0012775
210.0000000 220.0000000 0.0014915 -0.0016683 0.0012900
210.0000000 230.0000000 0.0005144 -0.0007630 0.0011028
210.0000000 240.0000000 0.0003847 -0.0004459 0.0010604
210.0000000 250.0000000 0.0003751 -0.0002281 0.0009392
210.0000000 260.0000000 0.0006360 -0.0006968 0.0010994
210.0000000 270.0000000 0.0003210 -0.0004751 0.0011014
210.0000000 280.0000000 0.0006005 -0.0004540 0.0009838
210.0000000 290.0000000 0.0000258 0.0000258 0.0009344
210.0000000 300.0000000 -0.0000482 0.0002647 0.0008969
210.0000000 310.0000000 0.0002344 -0.0002964 0.0010764
210.0000000 320.0000000 -0.0001265 0.0002287 0.0008613
210.0000000 330.0000000 0.0005753 -0.0006814 0.0010562
210.0000000 340.0000000 0.0003231 -0.0002980 0.0009184
210.0000000 350.0000000 0.0028998 -0.0031029 0.0014622
210.0000000 360.0000000 0.0001372 -0.0000247 0.0007641
210.0000000 370.0000000 0.0009974 -0.0010209 0.0010440
210.0000000 380.0000000 0.0005167 -0.0006907 0.0011254
210.0000000 390.0000000 -0.0003011 0.0002683 0.0008690
210.0000000 400.0000000 0.0000782 -0.0000220 0.0008590
210.0000000 410.0000000 0.0001678 -0.0000696 0.0009397
210.0000000 420.0000000 0.0003916 -0.0003622 0.0010768
210.0000000 430.0000000 -0.0001147 0.0001791 0.0009840
210.0000000 440.0000000 0.0021468 -0.0026398 0.0018078
220.0000000 10.0000000 0.0026692 -0.0051505 0.0031347
220.0000000 20.0000000 0.0017054 -0.0033886 0.0025345
220.0000000 30.0000000 0.0014361 -0.0025575 0.0020152
220.0000000 40.0000000 0.0018827 -0.0031534 0.0021912
220.0000000 50.0000000 0.0017732 -0.0032404 0.0022235
220.0000000 60.0000000 0.0011085 -0.0018538 0.0016068
220.0000000 70.0000000 0.0016788 -0.0027414 0.0018970
220.0000000 80.0000000 0.0014519 -0.0024008 0.0018305
220.0000000 90.0000000 0.0013468 -0.0023070 0.0018873
220.0000000 100.0000000 0.0008752 -0.0013714 0.0014353
220.0000000 110.0000000 0.0008036 -0.0014521 0.0016242
220.0000000 120.0000000 0.0010693 -0.0016516 0.0016710
220.0000000 130.0000000 0.0010190 -0.0013999 0.0014198
220.0000000 140.0000000 0.0007445 -0.0012620 0.0015734
220.0000000 150.0000000 0.0008187 -0.0015655 0.0015585
220.0000000 160.0000000 0.0006806 -0.0011413 0.0013335
220.0000000 170.0000000 0.0009879 -0.0014608 0.0013766
220.0000000 180.0000000 0.0010606 -0.0015671 0.0013973
220.0000000 190.0000000 0.0007610 -0.0010835 0.0012427
220.0000000 200.0000000 0.0011307 -0.0013990 0.0012404
220.0000000 210.0000000 0.0003810 -0.0005861 0.0010973
220.0000000 220.0000000 0.0002419 -0.0004575 0.0011632
220.0000000 230.0000000 0.0008549 -0.0012472 0.0012789
220.0000000 240.0000000 0.0005184 -0.0006926 0.0011160
220.0000000 250.0000000 0.0004078 -0.0004972 0.0010271
220.0000000 260.0000000 0.0002690 -0.0004263 0.0010496
220.0000000 270.0000000 0.0004524 -0.0003803 0.0009299
220.0000000 280.0000000 -0.0000640 0.0000405 0.0009217
220.0000000 290.0000000 -0.0000088 -0.0001177 0.0010218
220.0000000 300.0000000 -0.0000883 0.0001024 0.0009463
220.0000000 310.0000000 0.0003064 -0.0003470 0.0010037
220.0000000 320.0000000 0.0004975 -0.0006503 0.0011686
220.0000000 330.0000000 0.0003411 -0.0003457 0.0010066
220.0000000 340.0000000 0.0006999 -0.0010106 0.0011790
220.0000000 350.0000000 0.0001605 -0.0001711 0.0009137
220.0000000 360.0000000 0.0003222 -0.0002806 0.0008926
220.0000000 370.0000000 0.0009734 -0.0012645 0.0012104
220.0000000 380.0000000 0.0004041 -0.0005302 0.0011015
220.0000000 390.0000000 0.0008137 -0.0008809 0.0011081
220.0000000 400.0000000 0.0004771 -0.0007348 0.0011706
220.0000000 410.0000000 0.0005029 -0.0005935 0.0011011
220.0000000 420.0000000 0.0004360 -0.0004121 0.0010468
220.0000000 430.0000000 0.0005522 -0.0006264 0.0011633
220.0000000 440.0000000 0.0014447 -0.0013640 0.0013169
230.0000000 10.0000000 0.0021502 -0.0042148 0.0028855
230.0000000 20.0000000 0.0016987 -0.0031762 0.0022697
230.0000000 30.0000000 0.0024563 -0.0043677 0.0026848
230.0000000 40.0000000 0.0021245 -0.0034594 0.0022731
230.0000000 50.0000000 0.0014595 -0.0028069 0.0021739
230.0000000 60.0000000 0.0010312 -0.0016651 0.0016803
230.0000000 70.0000000 0.0011569 -0.0020139 0.0018279
230.0000000 80.0000000 0.0009436 -0.0015749 0.0015414
230.0000000 90.0000000 0.0017770 -0.0031491 0.0021213
230.0000000 100.0000000 0.0011111 -0.0019164 0.0017758
230.0000000 110.0000000 0.0012075 -0.0017741 0.0015720
230.0000000 120.0000000 0.0014649 -0.0024003 0.0019599
230.0000000 130.0000000 0.0009086 -0.0014192 0.0015467
230.0000000 140.0000000 0.0004014 -0.0006193 0.0013458
230.0000000 150.0000000 0.0005230 -0.0010778 0.0014529
230.0000000 160.0000000 0.0003456 -0.0006478 0.0012701
230.0000000 170.0000000 0.0008334 -0.0013778 0.0014768
230.0000000 180.0000000 0.0008532 -0.0013244 0.0013791
230.0000000 190.0000000 0.0010356 -0.0014984 0.0013681
230.0000000 200.0000000 0.0010578 -0.0014035 0.0012998
230.0000000 210.0000000 0.0011779 -0.0013842 0.0012065
230.0000000 220.0000000 0.0010892 -0.0013819 0.0012940
230.0000000 230.0000000 0.0005634 -0.0008614 0.0012502
230.0000000 240.0000000 0.0009627 -0.0014299 0.0013684
230.0000000 250.0000000 0.0003163 -0.0004295 0.0010157
230.0000000 260.0000000 0.0004662 -0.0005857 0.0010786
230.0000000 270.0000000 0.0004797 -0.0006765 0.0011103
230.0000000 280.0000000 0.0002936 -0.0003523 0.0010301
230.0000000 290.0000000 0.0000662 -0.0001646 0.0010278
230.0000000 300.0000000 -0.0001300 0.0000735 0.0009679
230.0000000 310.0000000 -0.0001644 0.0001819 0.0009316
230.0000000 320.0000000 0.0001315 -0.0003390 0.0011232
230.0000000 330.0000000 0.0010766 -0.0013681 0.0013213
230.0000000 340.0000000 0.0000615 -0.0001983 0.0010153
230.0000000 350.0000000 0.0003952 -0.0004701 0.0009623
230.0000000 360.0000000 0.0005976 -0.0007472 0.0010586
230.0000000 370.0000000 0.0002896 -0.0003769 0.0009264
230.0000000 380.0000000 0.0004830 -0.0006197 0.0010446
230.0000000 390.0000000 0.0000964 -0.0001953 0.0010364
230.0000000 400.0000000 0.0002415 -0.0003001 0.0009653
230.0000000 410.0000000 0.0009860 -0.0011410 0.0011709
230.0000000 420.0000000 0.0004788 -0.0003869 0.0009824
230.0000000 430.0000000 0.0000160 0.0001423 0.0008806
230.0000000 440.0000000 0.0014003 -0.0014368 0.0013168
240.0000000 10.0000000 0.0016369 -0.0033973 0.0025992
240.0000000 20.0000000 0.0018492 -0.0032809 0.0023736
240.0000000 30.0000000 0.0016694 -0.0030010 0.0023430
240.0000000 40.0000000 0.0015638 -0.0026646 0.0022006
240.0000000 50.0000000 0.0013329 -0.0021866 0.0018876
240.0000000 60.0000000 0.0010514 -0.0018727 0.0017249
240.0000000 70.0000000 0.0008319 -0.0013302 0.0014725
240.0000000 80.0000000 0.0009756 -0.0016194 0.0015460
240.0000000 90.0000000 0.0012208 -0.0019985 0.0017079
240.0000000 100.0000000 0.0007475 -0.0011299 0.0014289
240.0000000 110.0000000 0.0009502 -0.0013740 0.0014324
240.0000000 120.0000000 0.0008528 -0.0013462 0.0015309
240.0000000 130.0000000 0.0009853 -0.0015060 0.0015660
240.0000000 140.0000000 0.0003690 -0.0005945 0.0013257
240.0000000 150.0000000 0.0002923 -0.0007007 0.0013781
240.0000000 160.0000000 0.0002154 -0.0003289 0.0010633
240.0000000 170.0000000 0.0008997 -0.0015902 0.0016251
240.0000000 180.0000000 0.0012569 -0.0016959 0.0014054
240.0000000 190.0000000 0.0011447 -0.0016688 0.0014331
240.0000000 200.0000000 0.0010099 -0.0016175 0.0014530
240.0000000 210.0000000 0.0010605 -0.0014004 0.0013166
240.0000000 220.0000000 0.0004753 -0.0006485 0.0010965
240.0000000 230.0000000 0.0007554 -0.0010350 0.0012184
240.0000000 240.0000000 0.0004384 -0.0005403 0.0010704
240.0000000 250.0000000 0.0005693 -0.0008815 0.0012321
240.0000000 260.0000000 0.0005712 -0.0006803 0.0010612
240.0000000 270.0000000 0.0001549 -0.0002576 0.0010213
240.0000000 280.0000000 0.0002169 -0.0003606 0.0010663
240.0000000 290.0000000 0.0008825 -0.0010039 0.0011674
240.0000000 300.0000000 0.0007796 -0.0008764 0.0010843
240.0000000 310.0000000 0.0003470 -0.0005166 0.0011479
240.0000000 320.0000000 0.0004384 -0.0006601 0.0011132
240.0000000 330.0000000 0.0005936 -0.0007078 0.0010904
240.0000000 340.0000000 0.0004618 -0.0006257 0.0010763
240.0000000 350.0000000 0.0007963 -0.0010066 0.0011048
240.0000000 360.0000000 0.0004726 -0.0004351 0.0009494
240.0000000 370.0000000 0.0004805 -0.0005194 0.0009740
240.0000000 380.0000000 0.0005459 -0.0006125 0.0009773
240.0000000 390.0000000 0.0003385 -0.0003721 0.0009747
240.0000000 400.0000000 0.0003772 -0.0005062 0.0010233
240.0000000 410.0000000 0.0006933 -0.0009714 0.0012332
240.0000000 420.0000000 0.0010270 -0.0013228 0.0013603
240.0000000 430.0000000 -0.0000178 0.0000637 0.0009815
240.0000000 440.0000000 0.0013310 -0.0015726 0.0014994
250.0000000 10.0000000 0.0016291 -0.0034058 0.0026439
250.0000000 20.0000000 0.0022538 -0.0042112 0.0028365
250.0000000 30.0000000 0.0019388 -0.0036238 0.0026360
250.0000000 40.0000000 0.0017837 -0.0029893 0.0022600
250.0000000 50.0000000 0.0012892 -0.0022299 0.0019813
250.0000000 60.0000000 0.0007917 -0.0016057 0.0017889
250.0000000 70.0000000 0.0012911 -0.0021983 0.0018481
250.0000000 80.0000000 0.0012365 -0.0020989 0.0017548
250.0000000 90.0000000 0.0008031 -0.0011832 0.0014099
250.0000000 100.0000000 0.0009228 -0.0017266 0.0017393
250.0000000 110.0000000 0.0009087 -0.0013097 0.0014544
250.0000000 120.0000000 0.0012480 -0.0019394 0.0016194
250.0000000 130.0000000 0.0005067 -0.0007748 0.0013692
250.0000000 140.0000000 0.0009428 -0.0015985 0.0016127
250.0000000 150.0000000 0.0004435 -0.0010589 0.0015523
250.0000000 160.0000000 0.0007523 -0.0014660 0.0016893
250.0000000 170.0000000 0.0008833 -0.0012747 0.0013405
250.0000000 180.0000000 0.0010804 -0.0016382 0.0015648
250.0000000 190.0000000 0.0012529 -0.0018282 0.0014943
250.0000000 200.0000000 0.0010758 -0.0015660 0.0013971
250.0000000 210.0000000 0.0014662 -0.0020524 0.0015560
250.0000000 220.0000000 0.0005975 -0.0008660 0.0012554
250.0000000 230.0000000 0.0003697 -0.0007101 0.0012372
250.0000000 240.0000000 0.0007095 -0.0010217 0.0012562
250.0000000 250.0000000 0.0008712 -0.0013971 0.0014298
250.0000000 260.0000000 0.0011507 -0.0014040 0.0012559
250.0000000 270.0000000 0.0016306 -0.0020132 0.0014681
250.0000000 280.0000000 0.0018894 -0.0022337 0.0014264
250.0000000 290.0000000 0.0010320 -0.0010439 0.0010800
250.0000000 300.0000000 0.0004243 -0.0005550 0.0010640
250.0000000 310.0000000 0.0004375 -0.0005776 0.0011193
250.0000000 320.0000000 0.0003061 -0.0002638 0.0009528
250.0000000 330.0000000 -0.0001163 0.0001666 0.0008927
250.0000000 340.0000000 0.0007784 -0.0008694 0.0010506
250.0000000 350.0000000 -0.0001716 0.0005126 0.0006518
250.0000000 360.0000000 0.0007679 -0.0008476 0.0009934
250.0000000 370.0000000 0.0006864 -0.0009415 0.0010884
250.0000000 380.0000000 0.0004946 -0.0006113 0.0010389
250.0000000 390.0000000 0.0004827 -0.0008501 0.0011810
250.0000000 400.0000000 0.0005558 -0.0008815 0.0011618
250.0000000 410.0000000 0.0008553 -0.0011512 0.0012950
250.0000000 420.0000000 0.0008247 -0.0009848 0.0012248
250.0000000 430.0000000 0.0007198 -0.0010248 0.0013037
250.0000000 440.0000000 0.0021995 -0.0027763 0.0018231
260.0000000 10.0000000 0.0017893 -0.0034686 0.0025687
260.0000000 20.0000000 0.0022424 -0.0040843 0.0026662
260.0000000 30.0000000 0.0020845 -0.0036698 0.0025260
260.0000000 40.0000000 0.0016894 -0.0030214 0.0023601
260.0000000 50.0000000 0.0012852 -0.0024360 0.0020924
260.0000000 60.0000000 0.0012110 -0.0021519 0.0019558
260.0000000 70.0000000 0.0009644 -0.0016036 0.0016360
260.0000000 80.0000000 0.0014188 -0.0024685 0.0018624
260.0000000 90.0000000 0.0008651 -0.0013906 0.0015278
260.0000000 100.0000000 0.0009589 -0.0015285 0.0014815
260.0000000 110.0000000 0.0011491 -0.0021301 0.0019248
260.0000000 120.0000000 0.0010973 -0.0015911 0.0015751
260.0000000 130.0000000 0.0007111 -0.0012194 0.0015669
260.0000000 140.0000000 0.0005238 -0.0010238 0.0014710
260.0000000 150.0000000 0.0001806 -0.0007559 0.0014519
260.0000000 160.0000000 0.0004629 -0.0007585 0.0013087
260.0000000 170.0000000 0.0008569 -0.0014223 0.0015240
260.0000000 180.0000000 0.0006804 -0.0009239 0.0012552
260.0000000 190.0000000 0.0014346 -0.0021933 0.0016105
260.0000000 200.0000000 0.0013839 -0.0020427 0.0015517
260.0000000 210.0000000 0.0007276 -0.0009022 0.0011194
260.0000000 220.0000000 0.0005425 -0.0007098 0.0011579
260.0000000 230.0000000 0.0000758 -0.0002193 0.0010523
260.0000000 240.0000000 0.0007851 -0.0011995 0.0012923
260.0000000 250.0000000 0.0007221 -0.0009530 0.0011968
260.0000000 260.0000000 0.0004297 -0.0007213 0.0012010
260.0000000 270.0000000 0.0013209 -0.0017827 0.0014263
260.0000000 280.0000000 0.0002925 -0.0003528 0.0010217
260.0000000 290.0000000 0.0004891 -0.0006156 0.0010873
260.0000000 300.0000000 0.0013290 -0.0014543 0.0012766
260.0000000 310.0000000 0.0004924 -0.0005608 0.0011279
260.0000000 320.0000000 0.0001160 -0.0000891 0.0009558
260.0000000 330.0000000 0.0000201 -0.0000191 0.0009406
260.0000000 340.0000000 0.0011572 -0.0015386 0.0013855
260.0000000 350.0000000 0.0006426 -0.0006546 0.0010341
260.0000000 360.0000000 0.0010667 -0.0012658 0.0011096
260.0000000 370.0000000 0.0013383 -0.0015955 0.0012205
260.0000000 380.0000000 0.0000523 -0.0000356 0.0008323
260.0000000 390.0000000 0.0005417 -0.0008963 0.0011791
260.0000000 400.0000000 0.0007007 -0.0010386 0.0012059
260.0000000 410.0000000 0.0011807 -0.0015995 0.0013946
260.0000000 420.0000000 0.0012806 -0.0017220 0.0014705
260.0000000 430.0000000 0.0005282 -0.0007889 0.0012969
260.0000000 440.0000000 0.0027690 -0.0034295 0.0019670
270.0000000 10.0000000 0.0015597 -0.0029847 0.0023890
270.0000000 20.0000000 0.0008988 -0.0015570 0.0018464
270.0000000 30.0000000 0.0010771 -0.0021298 0.0021751
270.0000000 40.0000000 0.0013084 -0.0021926 0.0020796
270.0000000 50.0000000 0.0014333 -0.0023401 0.0019126
270.0000000 60.0000000 0.0012454 -0.0022230 0.0018357
270.0000000 70.0000000 0.0011632 -0.0020051 0.0018173
270.0000000 80.0000000 0.0015085 -0.0026045 0.0020970
270.0000000 90.0000000 0.0012685 -0.0023545 0.0020137
270.0000000 100.0000000 0.0009521 -0.0017181 0.0016293
270.0000000 110.0000000 0.0012222 -0.0022029 0.0019033
270.0000000 120.0000000 0.0007036 -0.0008540 0.0012872
270.0000000 130.0000000 0.0008485 -0.0012375 0.0014813
270.0000000 140.0000000 0.0007933 -0.0011482 0.0014770
270.0000000 150.0000000 0.0005069 -0.0010827 0.0015293
270.0000000 160.0000000 0.0001225 -0.0000049 0.0010542
270.0000000 170.0000000 0.0001713 -0.0000007 0.0009454
270.0000000 180.0000000 0.0006864 -0.0008055 0.0011720
270.0000000 190.0000000 0.0005496 -0.0005641 0.0011064
270.0000000 200.0000000 0.0005658 -0.0007076 0.0011807
270.0000000 210.0000000 0.0006011 -0.0007283 0.0010669
270.0000000 220.0000000 0.0000931 -0.0000677 0.0009288
270.0000000 230.0000000 -0.0000151 0.0001417 0.0009239
270.0000000 240.0000000 0.0001758 -0.0002015 0.0010038
270.0000000 250.0000000 0.0006081 -0.0005641 0.0010426
270.0000000 260.0000000 0.0006196 -0.0007359 0.0010930
270.0000000 270.0000000 0.0006885 -0.0006327 0.0009757
270.0000000 280.0000000 0.0004765 -0.0006018 0.0010898
270.0000000 290.0000000 0.0004729 -0.0005467 0.0010171
270.0000000 300.0000000 0.0000557 0.0000715 0.0008522
270.0000000 310.0000000 0.0003492 -0.0004780 0.0010998
270.0000000 320.0000000 0.0000824 0.0000448 0.0008977
270.0000000 330.0000000 0.0004005 -0.0004766 0.0010295
270.0000000 340.0000000 0.0007892 -0.0009515 0.0011245
270.0000000 350.0000000 0.0012486 -0.0014102 0.0012035
270.0000000 360.0000000 0.0007460 -0.0008073 0.0010710
270.0000000 370.0000000 0.0003884 -0.0004610 0.0009904
270.0000000 380.0000000 0.0006688 -0.0012553 0.0013765
270.0000000 390.0000000 0.0007364 -0.0013113 0.0013423
270.0000000 400.0000000 0.0008933 -0.0012831 0.0012542
270.0000000 410.0000000 0.0010304 -0.0013822 0.0012564
270.0000000 420.0000000 0.0012199 -0.0015835 0.0013968
270.0000000 430.0000000 0.0005727 -0.0006995 0.0011996
270.0000000 440.0000000 0.0042742 -0.0049151 0.0022857
280.0000000 10.0000000 0.0016083 -0.0033331 0.0026721
280.0000000 20.0000000 0.0019415 -0.0038408 0.0028088
280.0000000 30.0000000 0.0013164 -0.0024385 0.0021625
280.0000000 40.0000000 0.0012510 -0.0024108 0.0021366
280.0000000 50.0000000 0.0011831 -0.0024710 0.0022161
280.0000000 60.0000000 0.0010634 -0.0019372 0.0019439
280.0000000 70.0000000 0.0010898 -0.0018301 0.0016749
280.0000000 80.0000000 0.0009514 -0.0015898 0.0017082
280.0000000 90.0000000 0.0016116 -0.0029711 0.0021998
280.0000000 100.0000000 0.0014323 -0.0027952 0.0020823
280.0000000 110.0000000 0.0009011 -0.0015128 0.0016461
280.0000000 120.0000000 0.0009310 -0.0015436 0.0015573
280.0000000 130.0000000 0.0012017 -0.0016797 0.0015846
280.0000000 140.0000000 -0.0002235 0.0000949 0.0011979
280.0000000 150.0000000 0.0000973 -0.0000765 0.0010580
280.0000000 160.0000000 0.0005340 -0.0007777 0.0013162
280.0000000 170.0000000 0.0002116 -0.0001972 0.0010669
280.0000000 180.0000000 0.0004133 -0.0004378 0.0010444
280.0000000 190.0000000 0.0006644 -0.0008140 0.0011782
280.0000000 200.0000000 0.0006288 -0.0009335 0.0011888
280.0000000 210.0000000 0.0007211 -0.0008345 0.0010456
280.0000000 220.0000000 0.0003444 -0.0004383 0.0010083
280.0000000 230.0000000 0.0001129 -0.0000126 0.0008765
280.0000000 240.0000000 0.0002094 -0.0001161 0.0008693
280.0000000 250.0000000 0.0007969 -0.0008382 0.0010358
280.0000000 260.0000000 0.0007331 -0.0008072 0.0010982
280.0000000 270.0000000 0.0005989 -0.0006719 0.0010150
280.0000000 280.0000000 0.0003691 -0.0002859 0.0008784
280.0000000 290.0000000 0.0002687 -0.0003094 0.0009829
280.0000000 300.0000000 0.0003054 -0.0003694 0.0009360
280.0000000 310.0000000 0.0001439 -0.0003069 0.0010424
280.0000000 320.0000000 0.0003176 -0.0004122 0.0010681
280.0000000 330.0000000 0.0007025 -0.0008900 0.0012687
280.0000000 340.0000000 0.0002381 -0.0000324 0.0008823
280.0000000 350.0000000 0.0006752 -0.0007038 0.0010234
280.0000000 360.0000000 0.0009067 -0.0015345 0.0014465
280.0000000 370.0000000 0.0006921 -0.0010612 0.0012482
280.0000000 380.0000000 0.0004137 -0.0007598 0.0011517
280.0000000 390.0000000 0.0007321 -0.0010620 0.0012267
280.0000000 400.0000000 0.0008940 -0.0011673 0.0012594
280.0000000 410.0000000 0.0013723 -0.0017818 0.0014038
280.0000000 420.0000000 0.0009741 -0.0012810 0.0013720
280.0000000 430.0000000 0.0017021 -0.0026055 0.0019285
280.0000000 440.0000000 0.0055532 -0.0060905 0.0025208
290.0000000 10.0000000 0.0013327 -0.0026090 0.0023870
290.0000000 20.0000000 0.0021903 -0.0042910 0.0029634
290.0000000 30.0000000 0.0018896 -0.0037248 0.0026730
290.0000000 40.0000000 0.0012413 -0.0023819 0.0022505
290.0000000 50.0000000 0.0015368 -0.0031455 0.0025314
290.0000000 60.0000000 0.0005359 -0.0010779 0.0017487
290.0000000 70.0000000 0.0012188 -0.0023740 0.0021765
290.0000000 80.0000000 0.0013011 -0.0023815 0.0020374
290.0000000 90.0000000 0.0013630 -0.0026617 0.0022589
290.0000000 100.0000000 0.0014376 -0.0026944 0.0020266
290.0000000 110.0000000 0.0011032 -0.0020949 0.0018899
290.0000000 120.0000000 0.0009661 -0.0013637 0.0014454
290.0000000 130.0000000 0.0013132 -0.0021284 0.0016789
290.0000000 140.0000000 0.0002797 -0.0006724 0.0013588
290.0000000 150.0000000 0.0002841 -0.0004744 0.0012920
290.0000000 160.0000000 0.0004709 -0.0008324 0.0014088
290.0000000 170.0000000 0.0003108 -0.0002104 0.0010137
290.0000000 180.0000000 0.0007577 -0.0010515 0.0013233
290.0000000 190.0000000 0.0006602 -0.0005124 0.0010504
290.0000000 200.0000000 0.0005150 -0.0007503 0.0011319
290.0000000 210.0000000 0.0007444 -0.0007618 0.0010230
290.0000000 220.0000000 0.0003667 -0.0003664 0.0009835
290.0000000 230.0000000 0.0002347 -0.0002049 0.0009229
290.0000000 240.0000000 0.0003704 -0.0005551 0.0011152
290.0000000 250.0000000 0.0005088 -0.0005476 0.0011293
290.0000000 260.0000000 0.0009177 -0.0010980 0.0012251
290.0000000 270.0000000 0.0008008 -0.0010213 0.0011922
290.0000000 280.0000000 0.0005569 -0.0007944 0.0011295
290.0000000 290.0000000 0.0002669 -0.0002588 0.0009253
290.0000000 300.0000000 0.0006737 -0.0012388 0.0014255
290.0000000 310.0000000 0.0003064 -0.0004654 0.0010110
290.0000000 320.0000000 0.0001966 -0.0002802 0.0010195
290.0000000 330.0000000 0.0007936 -0.0010687 0.0011623
290.0000000 340.0000000 0.0005357 -0.0005298 0.0010685
290.0000000 350.0000000 0.0009740 -0.0010861 0.0011168
290.0000000 360.0000000 0.0006873 -0.0009477 0.0012028
290.0000000 370.0000000 0.0005417 -0.0006717 0.0011292
290.0000000 380.0000000 0.0006292 -0.0009464 0.0012223
290.0000000 390.0000000 0.0007511 -0.0010949 0.0012838
290.0000000 400.0000000 0.0012509 -0.0017970 0.0013901
290.0000000 410.0000000 0.0014293 -0.0019371 0.0014069
290.0000000 420.0000000 0.0015398 -0.0022125 0.0016441
290.0000000 430.0000000 0.0005791 -0.0007684 0.0012507
290.0000000 440.0000000 0.0035271 -0.0035819 0.0018510
300.0000000 10.0000000 0.0014015 -0.0027524 0.0023528
300.0000000 20.0000000 0.0014721 -0.0030036 0.0025547
300.0000000 30.0000000 0.0009612 -0.0016261 0.0018822
300.0000000 40.0000000 0.0015318 -0.0028307 0.0022939
300.0000000 50.0000000 0.0014685 -0.0026787 0.0021802
300.0000000 60.0000000 0.0009946 -0.0019683 0.0020212
300.0000000 70.0000000 0.0003463 -0.0007241 0.0015428
300.0000000 80.0000000 0.0010175 -0.0017645 0.0018845
300.0000000 90.0000000 0.0006860 -0.0010871 0.0015135
300.0000000 100.0000000 0.0007599 -0.0013676 0.0015884
300.0000000 110.0000000 0.0006230 -0.0010554 0.0014481
300.0000000 120.0000000 0.0006617 -0.0013560 0.0015363
300.0000000 130.0000000 0.0008980 -0.0013510 0.0013457
300.0000000 140.0000000 0.0005546 -0.0010896 0.0014923
300.0000000 150.0000000 -0.0000522 0.0002548 0.0009621
300.0000000 160.0000000 0.0000077 0.0002405 0.0009479
300.0000000 170.0000000 0.0003214 -0.0002692 0.0010578
300.0000000 180.0000000 0.0003339 -0.0001411 0.0009984
300.0000000 190.0000000 0.0001824 -0.0001843 0.0009885
300.0000000 200.0000000 -0.0000539 0.0001371 0.0010317
300.0000000 210.0000000 -0.0001358 0.0003888 0.0008980
300.0000000 220.0000000 -0.0002616 0.0004660 0.0010400
300.0000000 230.0000000 -0.0004686 0.0009380 0.0007045
300.0000000 240.0000000 -0.0002984 0.0007813 0.0008637
300.0000000 250.0000000 0.0002003 0.0001033 0.0008924
300.0000000 260.0000000 0.0008339 -0.0008360 0.0010114
300.0000000 270.0000000 0.0000844 0.0000498 0.0009611
300.0000000 280.0000000 0.0004951 -0.0005653 0.0009587
300.0000000 290.0000000 -0.0001011 0.0003536 0.0008226
300.0000000 300.0000000 0.0000387 0.0000379 0.0009785
300.0000000 310.0000000 0.0003020 -0.0003833 0.0009684
300.0000000 320.0000000 0.0000041 0.0001206 0.0009018
300.0000000 330.0000000 0.0006044 -0.0005373 0.0010149
300.0000000 340.0000000 0.0002718 -0.0001096 0.0009887
300.0000000 350.0000000 -0.0002817 0.0006250 0.0008855
300.0000000 360.0000000 0.0002455 -0.0002826 0.0010867
300.0000000 370.0000000 0.0000390 0.0001657 0.0009878
300.0000000 380.0000000 0.0002119 -0.0002461 0.0010176
300.0000000 390.0000000 0.0005474 -0.0007382 0.0010716
300.0000000 400.0000000 0.0014027 -0.0019168 0.0014909
300.0000000 410.0000000 0.0017129 -0.0023030 0.0015339
300.0000000 420.0000000 0.0016711 -0.0026584 0.0019335
300.0000000 430.0000000 0.0014105 -0.0019788 0.0015840
300.0000000 440.0000000 0.0041429 -0.0042827 0.0021042
310.0000000 10.0000000 0.0017506 -0.0035933 0.0026748
310.0000000 20.0000000 0.0011910 -0.0022652 0.0022387
310.0000000 30.0000000 0.0013999 -0.0027107 0.0023857
310.0000000 40.0000000 0.0013536 -0.0022492 0.0019996
310.0000000 50.0000000 0.0010764 -0.0019904 0.0020642
310.0000000 60.0000000 0.0004831 -0.0009985 0.0018059
310.0000000 70.0000000 0.0010791 -0.0016122 0.0017497
310.0000000 80.0000000 0.0008137 -0.0014023 0.0016584
310.0000000 90.0000000 0.0009992 -0.0018194 0.0018396
310.0000000 100.0000000 0.0011214 -0.0018788 0.0016799
310.0000000 110.0000000 0.0011641 -0.0020866 0.0017181
310.0000000 120.0000000 0.0006925 -0.0014010 0.0015260
310.0000000 130.0000000 0.0012558 -0.0019263 0.0014675
310.0000000 140.0000000 0.0012238 -0.0020031 0.0015996
310.0000000 150.0000000 0.0008601 -0.0014759 0.0015064
310.0000000 160.0000000 0.0002217 -0.0002442 0.0010267
310.0000000 170.0000000 0.0000733 0.0002024 0.0011331
310.0000000 180.0000000 -0.0003834 0.0005834 0.0011645
310.0000000 190.0000000 -0.0004548 0.0008358 0.0009403
310.0000000 200.0000000 -0.0001250 0.0004540 0.0009051
310.0000000 210.0000000 -0.0001816 0.0004083 0.0009747
310.0000000 220.0000000 -0.0002567 0.0004753 0.0009107
310.0000000 230.0000000 0.0002934 -0.0004322 0.0010720
310.0000000 240.0000000 0.0001296 0.0000651 0.0009428
310.0000000 250.0000000 0.0006113 -0.0007248 0.0011123
310.0000000 260.0000000 0.0003859 -0.0003387 0.0011276
310.0000000 270.0000000 -0.0002122 0.0004961 0.0008481
310.0000000 280.0000000 0.0001133 0.0000494 0.0009037
310.0000000 290.0000000 0.0002050 -0.0001724 0.0009699
310.0000000 300.0000000 -0.0001012 0.0002200 0.0008642
310.0000000 310.0000000 0.0001795 -0.0002283 0.0010074
310.0000000 320.0000000 0.0005430 -0.0004657 0.0010058
310.0000000 330.0000000 0.0006818 -0.0007346 0.0011284
310.0000000 340.0000000 0.0003725 -0.0003720 0.0011531
310.0000000 350.0000000 0.0000975 0.0000263 0.0009072
310.0000000 360.0000000 0.0001648 -0.0000837 0.0010061
310.0000000 370.0000000 0.0002712 -0.0003603 0.0011763
310.0000000 380.0000000 -0.0003131 0.0005240 0.0010004
310.0000000 390.0000000 0.0005543 -0.0008258 0.0012328
310.0000000 400.0000000 0.0015994 -0.0023485 0.0015740
310.0000000 410.0000000 0.0012607 -0.0016671 0.0013751
310.0000000 420.0000000 0.0015220 -0.0023352 0.0017193
310.0000000 430.0000000 0.0009027 -0.0014998 0.0015699
310.0000000 440.0000000 0.0046711 -0.0053446 0.0024315
320.0000000 10.0000000 0.0015713 -0.0030758 0.0023768
320.0000000 20.0000000 0.0017312 -0.0032979 0.0024385
320.0000000 30.0000000 0.0008767 -0.0017759 0.0021039
320.0000000 40.0000000 0.0006392 -0.0012415 0.0017873
320.0000000 50.0000000 0.0004225 -0.0007623 0.0016721
320.0000000 60.0000000 0.0006649 -0.0015026 0.0019059
320.0000000 70.0000000 0.0005777 -0.0011003 0.0016514
320.0000000 80.0000000 0.0009686 -0.0016456 0.0018243
320.0000000 90.0000000 0.0009496 -0.0019993 0.0022139
320.0000000 100.0000000 0.0011070 -0.0024483 0.0022681
320.0000000 110.0000000 0.0006012 -0.0011314 0.0015736
320.0000000 120.0000000 0.0011084 -0.0016807 0.0015334
320.0000000 130.0000000 0.0008317 -0.0011662 0.0013801
320.0000000 140.0000000 0.0005056 -0.0006284 0.0011962
320.0000000 150.0000000 0.0000740 -0.0001925 0.0013234
320.0000000 160.0000000 0.0005549 -0.0007824 0.0014209
320.0000000 170.0000000 0.0002583 -0.0001140 0.0012395
320.0000000 180.0000000 -0.0004159 0.0008751 0.0009055
320.0000000 190.0000000 -0.0003155 0.0004597 0.0010690
320.0000000 200.0000000 -0.0002208 0.0005986 0.0007678
320.0000000 210.0000000 0.0006597 -0.0009335 0.0012400
320.0000000 220.0000000 0.0003173 -0.0003341 0.0010112
320.0000000 230.0000000 0.0001116 0.0001241 0.0008894
320.0000000 240.0000000 0.0009896 -0.0014515 0.0014516
320.0000000 250.0000000 0.0004254 -0.0003125 0.0009822
320.0000000 260.0000000 0.0002605 -0.0000788 0.0008482
320.0000000 270.0000000 0.0005403 -0.0007628 0.0010649
320.0000000 280.0000000 0.0008114 -0.0011285 0.0011554
320.0000000 290.0000000 0.0004742 -0.0006478 0.0010567
320.0000000 300.0000000 0.0005437 -0.0007173 0.0011058
320.0000000 310.0000000 0.0005519 -0.0008660 0.0011850
320.0000000 320.0000000 0.0012556 -0.0015534 0.0012717
320.0000000 330.0000000 0.0011599 -0.0014372 0.0012831
320.0000000 340.0000000 0.0003942 -0.0004712 0.0010177
320.0000000 350.0000000 0.0003652 -0.0003827 0.0010523
320.0000000 360.0000000 0.0004841 -0.0005960 0.0011630
320.0000000 370.0000000 0.0001308 0.0000610 0.0008337
320.0000000 380.0000000 -0.0000299 0.0002231 0.0009659
320.0000000 390.0000000 0.0015091 -0.0021406 0.0015805
320.0000000 400.0000000 0.0016600 -0.0024584 0.0016520
320.0000000 410.0000000 0.0009128 -0.0012678 0.0013751
320.0000000 420.0000000 0.0015128 -0.0022561 0.0017198
320.0000000 430.0000000 0.0012339 -0.0020046 0.0018116
320.0000000 440.0000000 0.0068584 -0.0080177 0.0032706
330.0000000 10.0000000 0.0013532 -0.0030425 0.0028459
330.0000000 20.0000000 0.0007182 -0.0015190 0.0021093
330.0000000 30.0000000 0.0006846 -0.0013110 0.0019902
330.0000000 40.0000000 0.0005061 -0.0010594 0.0017971
330.0000000 50.0000000 0.0009649 -0.0018322 0.0021758
330.0000000 60.0000000 0.0004437 -0.0008579 0.0016567
330.0000000 70.0000000 0.0010608 -0.0018194 0.0018612
330.0000000 80.0000000 0.0006481 -0.0011469 0.0018191
330.0000000 90.0000000 0.0006406 -0.0011011 0.0017491
330.0000000 100.0000000 0.0009470 -0.0019675 0.0019640
330.0000000 110.0000000 0.0006026 -0.0012281 0.0015723
330.0000000 120.0000000 0.0012332 -0.0022654 0.0018686
330.0000000 130.0000000 0.0009426 -0.0016422 0.0016216
330.0000000 140.0000000 0.0008420 -0.0014220 0.0014321
330.0000000 150.0000000 0.0002824 -0.0006622 0.0013852
330.0000000 160.0000000 0.0003090 -0.0002830 0.0010200
330.0000000 170.0000000 0.0002423 -0.0002371 0.0011334
330.0000000 180.0000000 -0.0000561 0.0004962 0.0008597
330.0000000 190.0000000 -0.0004208 0.0005509 0.0009626
330.0000000 200.0000000 -0.0000010 0.0002535 0.0009367
330.0000000 210.0000000 0.0002572 -0.0001677 0.0009570
330.0000000 220.0000000 0.0002844 -0.0003849 0.0009923
330.0000000 230.0000000 0.0005393 -0.0005907 0.0010656
330.0000000 240.0000000 0.0005504 -0.0007134 0.0010673
330.0000000 250.0000000 0.0003235 -0.0000586 0.0009056
330.0000000 260.0000000 -0.0004738 0.0009875 0.0007181
330.0000000 270.0000000 -0.0005155 0.0010086 0.0007217
330.0000000 280.0000000 -0.0004785 0.0010627 0.0007301
330.0000000 290.0000000 -0.0001842 0.0005913 0.0007789
330.0000000 300.0000000 -0.0002145 0.0002681 0.0011051
330.0000000 310.0000000 0.0001407 -0.0000043 0.0009585
330.0000000 320.0000000 -0.0000523 0.0004076 0.0008755
330.0000000 330.0000000 0.0002554 0.0000572 0.0008551
330.0000000 340.0000000 -0.0002081 0.0004167 0.0009019
330.0000000 350.0000000 -0.0002759 0.0006739 0.0008133
330.0000000 360.0000000 -0.0008042 0.0015961 0.0006524
330.0000000 370.0000000 -0.0005383 0.0010989 0.0007231
330.0000000 380.0000000 -0.0002012 0.0001553 0.0013349
330.0000000 390.0000000 0.0006979 -0.0008775 0.0013200
330.0000000 400.0000000 0.0007842 -0.0008349 0.0012087
330.0000000 410.0000000 0.0015433 -0.0021981 0.0017008
330.0000000 420.0000000 0.0017926 -0.0029856 0.0021296
330.0000000 430.0000000 0.0018378 -0.0029644 0.0020735
330.0000000 440.0000000 0.0037855 -0.0054860 0.0030923
340.0000000 10.0000000 0.0009831 -0.0020531 0.0022384
340.0000000 20.0000000 0.0015644 -0.0028665 0.0023290
340.0000000 30.0000000 0.0003965 -0.0009157 0.0017178
340.0000000 40.0000000 0.0005306 -0.0008879 0.0015586
340.0000000 50.0000000 0.0008870 -0.0015432 0.0019040
340.0000000 60.0000000 0.0006536 -0.0012637 0.0017151
340.0000000 70.0000000 0.0003789 -0.0007120 0.0015942
340.0000000 80.0000000 0.0006453 -0.0014202 0.0019948
340.0000000 90.0000000 0.0006761 -0.0008869 0.0014791
340.0000000 100.0000000 -0.0004498 0.0001674 0.0013171
340.0000000 110.0000000 0.0006212 -0.0012555 0.0016381
340.0000000 120.0000000 0.0010274 -0.0017463 0.0015896
340.0000000 130.0000000 0.0013110 -0.0022630 0.0017761
340.0000000 140.0000000 -0.0005675 0.0009134 0.0010385
340.0000000 150.0000000 -0.0003592 0.0006784 0.0009342
340.0000000 160.0000000 0.0001318 -0.0001074 0.0011357
340.0000000 170.0000000 0.0002074 -0.0002987 0.0012872
340.0000000 180.0000000 -0.0000760 0.0003233 0.0009348
340.0000000 190.0000000 -0.0006138 0.0010498 0.0008792
340.0000000 200.0000000 -0.0004080 0.0007390 0.0008174
340.0000000 210.0000000 -0.0001542 0.0005558 0.0008211
340.0000000 220.0000000 -0.0001617 0.0003126 0.0011278
340.0000000 230.0000000 0.0002933 -0.0003387 0.0011232
340.0000000 240.0000000 0.0012626 -0.0017485 0.0014770
340.0000000 250.0000000 -0.0000644 0.0000643 0.0011989
340.0000000 260.0000000 0.0002588 -0.0005530 0.0013093
340.0000000 270.0000000 -0.0005775 0.0012123 0.0005827
340.0000000 280.0000000 -0.0002795 0.0008088 0.0006686
340.0000000 290.0000000 -0.0001208 0.0004072 0.0008298
340.0000000 300.0000000 -0.0000622 0.0002860 0.0009321
340.0000000 310.0000000 0.0001386 0.0000431 0.0008803
340.0000000 320.0000000 0.0000106 0.0005088 0.0007844
340.0000000 330.0000000 0.0002847 -0.0003515 0.0010062
340.0000000 340.0000000 -0.0000527 0.0002432 0.0008714
340.0000000 350.0000000 -0.0000707 0.0002582 0.0010880
340.0000000 360.0000000 -0.0002153 0.0005938 0.0008922
340.0000000 370.0000000 -0.0004859 0.0008551 0.0008862
340.0000000 380.0000000 -0.0000541 0.0004434 0.0009212
340.0000000 390.0000000 -0.0001827 0.0005040 0.0010254
340.0000000 400.0000000 0.0012000 -0.0016615 0.0015768
340.0000000 410.0000000 0.0011821 -0.0016798 0.0016328
340.0000000 420.0000000 0.0012213 -0.0017879 0.0016399
340.0000000 430.0000000 0.0019963 -0.0027944 0.0020436
340.0000000 440.0000000 0.0049461 -0.0062979 0.0028787
350.0000000 10.0000000 0.0017073 -0.0031959 0.0023819
350.0000000 20.0000000 0.0015930 -0.0030303 0.0024069
350.0000000 30.0000000 0.0008045 -0.0018239 0.0020233
350.0000000 40.0000000 0.0013788 -0.0023585 0.0019821
350.0000000 50.0000000 0.0012385 -0.0022046 0.0021670
350.0000000 60.0000000 0.0013438 -0.0026336 0.0022363
350.0000000 70.0000000 0.0006691 -0.0011163 0.0016938
350.0000000 80.0000000 0.0013709 -0.0023621 0.0019757
350.0000000 90.0000000 0.0008141 -0.0018491 0.0019507
350.0000000 100.0000000 0.0008451 -0.0016929 0.0018438
350.0000000 110.0000000 -0.0003691 0.0003983 0.0013955
350.0000000 120.0000000 0.0005690 -0.0011307 0.0017282
350.0000000 130.0000000 0.0004929 -0.0010044 0.0015910
350.0000000 140.0000000 0.0004087 -0.0008712 0.0015093
350.0000000 150.0000000 0.0000392 -0.0001390 0.0012879
350.0000000 160.0000000 -0.0002072 0.0005315 0.0010456
350.0000000 170.0000000 0.0003080 -0.0002663 0.0011714
350.0000000 180.0000000 0.0000632 -0.0000702 0.0011363
350.0000000 190.0000000 -0.0000557 -0.0001209 0.0012959
350.0000000 200.0000000 -0.0001783 0.0003266 0.0011154
350.0000000 210.0000000 0.0002314 -0.0003052 0.0012375
350.0000000 220.0000000 0.0008936 -0.0016367 0.0017485
350.0000000 230.0000000 0.0000027 0.0002715 0.0009777
350.0000000 240.0000000 0.0007288 -0.0011873 0.0014157
350.0000000 250.0000000 0.0000065 0.0000918 0.0009739
350.0000000 260.0000000 -0.0007209 0.0013999 0.0005720
350.0000000 270.0000000 -0.0001992 0.0005607 0.0008046
350.0000000 280.0000000 0.0007105 -0.0011771 0.0014559
350.0000000 290.0000000 -0.0002634 0.0007443 0.0007814
350.0000000 300.0000000 -0.0002790 0.0008143 0.0006887
350.0000000 310.0000000 0.0000051 0.0004000 0.0008756
350.0000000 320.0000000 0.0004050 -0.0001941 0.0011920
350.0000000 330.0000000 0.0002036 -0.0005244 0.0013513
350.0000000 340.0000000 0.0006414 -0.0010323 0.0013600
350.0000000 350.0000000 -0.0002699 0.0006584 0.0008467
350.0000000 360.0000000 -0.0001831 0.0005498 0.0008460
350.0000000 370.0000000 -0.0002389 0.0004667 0.0010174
350.0000000 380.0000000 -0.0004849 0.0005983 0.0012907
350.0000000 390.0000000 -0.0006324 0.0010292 0.0011379
350.0000000 400.0000000 -0.0000060 0.0003721 0.0011646
350.0000000 410.0000000 -0.0000381 0.0001454 0.0014724
350.0000000 420.0000000 -0.0005303 0.0008465 0.0011770
350.0000000 430.0000000 0.0009017 -0.0011410 0.0016135
350.0000000 440.0000000 0.0028794 -0.0040283 0.0026045
