10.0000000 10.0000000 0.0046822 -0.0128460 0.0093305
10.0000000 20.0000000 0.0022086 -0.0040023 0.0029967
10.0000000 30.0000000 0.0019928 -0.0038139 0.0031691
10.0000000 40.0000000 0.0030404 -0.0071079 0.0055600
10.0000000 50.0000000 0.0045753 -0.0144710 0.0116460
10.0000000 60.0000000 0.0021676 -0.0044941 0.0038228
10.0000000 70.0000000 0.0034817 -0.0100887 0.0079674
10.0000000 80.0000000 0.0018438 -0.0032257 0.0025765
10.0000000 90.0000000 0.0040815 -0.0123285 0.0095852
10.0000000 100.0000000 0.0034751 -0.0094622 0.0073980
10.0000000 110.0000000 0.0018696 -0.0032350 0.0025720
10.0000000 120.0000000 0.0043130 -0.0134141 0.0106061
10.0000000 130.0000000 0.0032248 -0.0090457 0.0072650
10.0000000 140.0000000 0.0027458 -0.0072776 0.0060006
10.0000000 150.0000000 0.0011038 0.0000251 0.0000697
10.0000000 160.0000000 0.0018894 -0.0036351 0.0029545
10.0000000 170.0000000 0.0014026 -0.0013917 0.0009888
10.0000000 180.0000000 0.0020700 -0.0046429 0.0036314
10.0000000 190.0000000 0.0021061 -0.0043452 0.0031528
10.0000000 200.0000000 0.0012844 -0.0014866 0.0011236
10.0000000 210.0000000 0.0018143 -0.0036841 0.0029507
10.0000000 220.0000000 0.0027991 -0.0074006 0.0057970
10.0000000 230.0000000 0.0028723 -0.0079215 0.0062896
10.0000000 240.0000000 0.0029746 -0.0082798 0.0065483
10.0000000 250.0000000 0.0018600 -0.0037108 0.0029573
10.0000000 260.0000000 0.0016978 -0.0027521 0.0020487
10.0000000 270.0000000 0.0017257 -0.0036661 0.0030552
10.0000000 280.0000000 0.0015940 -0.0031405 0.0027237
10.0000000 290.0000000 0.0019174 -0.0043930 0.0037296
10.0000000 300.0000000 0.0022185 -0.0055889 0.0046059
10.0000000 310.0000000 0.0017759 -0.0039696 0.0033751
10.0000000 320.0000000 0.0032991 -0.0093993 0.0073870
10.0000000 330.0000000 0.0033796 -0.0098857 0.0077149
10.0000000 340.0000000 0.0021337 -0.0052531 0.0042021
10.0000000 350.0000000 0.0022746 -0.0055534 0.0043248
10.0000000 360.0000000 0.0021128 -0.0051765 0.0039911
10.0000000 370.0000000 0.0020910 -0.0045569 0.0034470
10.0000000 380.0000000 0.0017271 -0.0029369 0.0023910
10.0000000 390.0000000 0.0031770 -0.0085704 0.0066483
10.0000000 400.0000000 0.0026786 -0.0063640 0.0050040
10.0000000 410.0000000 0.0015947 -0.0024857 0.0019889
10.0000000 420.0000000 0.0017010 -0.0027196 0.0021509
10.0000000 430.0000000 0.0019592 -0.0035355 0.0028225
10.0000000 440.0000000 0.0026959 -0.0066427 0.0060222
20.0000000 10.0000000 0.0030538 -0.0070810 0.0050975
20.0000000 20.0000000 0.0036088 -0.0096791 0.0074863
20.0000000 30.0000000 0.0023903 -0.0049341 0.0038238
20.0000000 40.0000000 0.0030089 -0.0064121 0.0046432
20.0000000 50.0000000 0.0039668 -0.0119259 0.0097460
20.0000000 60.0000000 0.0049820 -0.0163867 0.0133322
20.0000000 70.0000000 0.0040345 -0.0128065 0.0107269
20.0000000 80.0000000 0.0065082 -0.0233273 0.0191340
20.0000000 90.0000000 0.0046194 -0.0151555 0.0121988
20.0000000 100.0000000 0.0016040 -0.0018776 0.0013553
20.0000000 110.0000000 0.0064588 -0.0230052 0.0187761
20.0000000 120.0000000 0.0028490 -0.0077942 0.0064210
20.0000000 130.0000000 0.0018420 -0.0036240 0.0032679
20.0000000 140.0000000 0.0030867 -0.0086791 0.0071948
20.0000000 150.0000000 0.0020393 -0.0045195 0.0039788
20.0000000 160.0000000 0.0022166 -0.0055028 0.0046616
20.0000000 170.0000000 0.0024982 -0.0057092 0.0045270
20.0000000 180.0000000 0.0028746 -0.0077811 0.0060882
20.0000000 190.0000000 0.0042537 -0.0137476 0.0109922
20.0000000 200.0000000 0.0030811 -0.0086141 0.0067712
20.0000000 210.0000000 0.0034962 -0.0103834 0.0081789
20.0000000 220.0000000 0.0019811 -0.0041951 0.0034256
20.0000000 230.0000000 0.0023249 -0.0052439 0.0040178
20.0000000 240.0000000 0.0021671 -0.0054664 0.0045904
20.0000000 250.0000000 0.0022733 -0.0057886 0.0048065
20.0000000 260.0000000 0.0023902 -0.0062393 0.0050434
20.0000000 270.0000000 0.0021127 -0.0052762 0.0044605
20.0000000 280.0000000 0.0043131 -0.0139682 0.0111620
20.0000000 290.0000000 0.0035060 -0.0109908 0.0090146
20.0000000 300.0000000 0.0029067 -0.0085799 0.0070998
20.0000000 310.0000000 0.0039237 -0.0127757 0.0103195
20.0000000 320.0000000 0.0034827 -0.0108563 0.0087846
20.0000000 330.0000000 0.0039532 -0.0124259 0.0098832
20.0000000 340.0000000 0.0031071 -0.0093680 0.0075276
20.0000000 350.0000000 0.0039799 -0.0125664 0.0099954
20.0000000 360.0000000 0.0024913 -0.0070029 0.0057409
20.0000000 370.0000000 0.0016364 -0.0031870 0.0025883
20.0000000 380.0000000 0.0021879 -0.0052898 0.0042993
20.0000000 390.0000000 0.0022344 -0.0055174 0.0044328
20.0000000 400.0000000 0.0026962 -0.0063196 0.0047616
20.0000000 410.0000000 0.0018750 -0.0036893 0.0031071
20.0000000 420.0000000 0.0015612 -0.0021985 0.0017083
20.0000000 430.0000000 0.0021808 -0.0044214 0.0035912
20.0000000 440.0000000 0.0020583 -0.0045042 0.0042636
30.0000000 10.0000000 0.0028720 -0.0067317 0.0053166
30.0000000 20.0000000 0.0031342 -0.0085162 0.0070423
30.0000000 30.0000000 0.0029056 -0.0071671 0.0055240
30.0000000 40.0000000 0.0030596 -0.0079981 0.0063232
30.0000000 50.0000000 0.0018784 -0.0024474 0.0015503
30.0000000 60.0000000 0.0014121 -0.0012701 0.0011067
30.0000000 70.0000000 0.0019769 -0.0039038 0.0033948
30.0000000 80.0000000 0.0028082 -0.0072891 0.0060215
30.0000000 90.0000000 0.0044786 -0.0144919 0.0119433
30.0000000 100.0000000 0.0031925 -0.0093436 0.0078453
30.0000000 110.0000000 0.0026377 -0.0066966 0.0054703
30.0000000 120.0000000 0.0039151 -0.0119961 0.0101569
30.0000000 130.0000000 0.0032065 -0.0101279 0.0089039
30.0000000 140.0000000 0.0034826 -0.0106451 0.0091540
30.0000000 150.0000000 0.0051193 -0.0184763 0.0158786
30.0000000 160.0000000 0.0026703 -0.0075146 0.0063923
30.0000000 170.0000000 0.0052872 -0.0189522 0.0159936
30.0000000 180.0000000 0.0056678 -0.0206833 0.0174348
30.0000000 190.0000000 0.0053899 -0.0188447 0.0156442
30.0000000 200.0000000 0.0067392 -0.0254688 0.0213409
30.0000000 210.0000000 0.0044316 -0.0146523 0.0121565
30.0000000 220.0000000 0.0083127 -0.0326732 0.0275830
30.0000000 230.0000000 0.0031721 -0.0095991 0.0080445
30.0000000 240.0000000 0.0026175 -0.0074169 0.0062643
30.0000000 250.0000000 0.0051217 -0.0187185 0.0159177
30.0000000 260.0000000 0.0034568 -0.0112493 0.0096356
30.0000000 270.0000000 0.0049166 -0.0176304 0.0150818
30.0000000 280.0000000 0.0042771 -0.0146165 0.0123578
30.0000000 290.0000000 0.0045979 -0.0160432 0.0135341
30.0000000 300.0000000 0.0048472 -0.0176177 0.0151877
30.0000000 310.0000000 0.0084077 -0.0332856 0.0281618
30.0000000 320.0000000 0.0047840 -0.0173835 0.0148149
30.0000000 330.0000000 0.0019824 -0.0048846 0.0042164
30.0000000 340.0000000 0.0020769 -0.0050177 0.0042075
30.0000000 350.0000000 0.0043111 -0.0146038 0.0121201
30.0000000 360.0000000 0.0039287 -0.0130261 0.0108073
30.0000000 370.0000000 0.0057979 -0.0203938 0.0167310
30.0000000 380.0000000 0.0053149 -0.0189392 0.0156284
30.0000000 390.0000000 0.0029560 -0.0078602 0.0062319
30.0000000 400.0000000 0.0022062 -0.0048740 0.0039042
30.0000000 410.0000000 0.0013597 -0.0015258 0.0012344
30.0000000 420.0000000 0.0021237 -0.0039780 0.0029409
30.0000000 430.0000000 0.0019860 -0.0040212 0.0032790
30.0000000 440.0000000 0.0018794 -0.0035141 0.0030152
40.0000000 10.0000000 0.0028836 -0.0073640 0.0058235
40.0000000 20.0000000 0.0037472 -0.0108773 0.0087672
40.0000000 30.0000000 0.0025296 -0.0057582 0.0044067
40.0000000 40.0000000 0.0024663 -0.0059640 0.0046951
40.0000000 50.0000000 0.0013517 -0.0003324 -0.0003630
40.0000000 60.0000000 0.0012366 -0.0002802 -0.0000125
40.0000000 70.0000000 0.0027261 -0.0065760 0.0053081
40.0000000 80.0000000 0.0018816 -0.0010526 -0.0000053
40.0000000 90.0000000 0.0048319 -0.0161805 0.0136304
40.0000000 100.0000000 0.0037122 -0.0114481 0.0094933
40.0000000 110.0000000 0.0035380 -0.0108722 0.0093299
40.0000000 120.0000000 0.0028600 -0.0077832 0.0065585
40.0000000 130.0000000 0.0027730 -0.0075201 0.0066017
40.0000000 140.0000000 0.0016532 -0.0027376 0.0025446
40.0000000 150.0000000 0.0014267 -0.0016752 0.0016214
40.0000000 160.0000000 0.0007792 0.0006371 -0.0003077
40.0000000 170.0000000 0.0012734 -0.0007001 0.0004918
40.0000000 180.0000000 0.0008693 0.0009709 -0.0010488
40.0000000 190.0000000 0.0008879 0.0007233 -0.0008195
40.0000000 200.0000000 0.0009583 0.0007842 -0.0010313
40.0000000 210.0000000 0.0008328 0.0005886 -0.0005494
40.0000000 220.0000000 0.0007900 0.0004794 -0.0002841
40.0000000 230.0000000 0.0007048 0.0006509 -0.0004096
40.0000000 240.0000000 0.0006809 0.0008277 -0.0005471
40.0000000 250.0000000 0.0004677 0.0022727 -0.0018873
40.0000000 260.0000000 0.0004247 0.0020535 -0.0015359
40.0000000 270.0000000 0.0006756 0.0010110 -0.0007244
40.0000000 280.0000000 0.0005285 0.0012830 -0.0007234
40.0000000 290.0000000 0.0004805 0.0013362 -0.0007296
40.0000000 300.0000000 0.0006099 0.0010577 -0.0006043
40.0000000 310.0000000 0.0012445 -0.0018972 0.0018638
40.0000000 320.0000000 0.0012324 -0.0020211 0.0020746
40.0000000 330.0000000 0.0011597 -0.0015513 0.0014511
40.0000000 340.0000000 0.0014621 -0.0029159 0.0027047
40.0000000 350.0000000 0.0014923 -0.0029507 0.0025744
40.0000000 360.0000000 0.0024121 -0.0065634 0.0054879
40.0000000 370.0000000 0.0018276 -0.0044897 0.0039459
40.0000000 380.0000000 0.0029179 -0.0087756 0.0073545
40.0000000 390.0000000 0.0022064 -0.0053202 0.0045210
40.0000000 400.0000000 0.0011165 -0.0005977 0.0005024
40.0000000 410.0000000 0.0008526 -0.0001209 0.0003933
40.0000000 420.0000000 0.0010916 -0.0002346 0.0003493
40.0000000 430.0000000 0.0006500 0.0014402 -0.0008358
40.0000000 440.0000000 0.0007589 0.0015140 -0.0015715
50.0000000 10.0000000 0.0020814 -0.0016694 0.0001007
50.0000000 20.0000000 0.0032849 -0.0085298 0.0067239
50.0000000 30.0000000 0.0035387 -0.0098760 0.0079078
50.0000000 40.0000000 0.0018821 -0.0038055 0.0031500
50.0000000 50.0000000 0.0032821 -0.0094475 0.0075386
50.0000000 60.0000000 0.0022080 -0.0043461 0.0034540
50.0000000 70.0000000 0.0012957 -0.0000545 -0.0004394
50.0000000 80.0000000 0.0014278 -0.0014105 0.0010315
50.0000000 90.0000000 0.0033750 -0.0089835 0.0071385
50.0000000 100.0000000 0.0021904 -0.0049503 0.0041725
50.0000000 110.0000000 0.0028107 -0.0073379 0.0060534
50.0000000 120.0000000 0.0018486 -0.0029388 0.0022963
50.0000000 130.0000000 0.0017283 -0.0033388 0.0029372
50.0000000 140.0000000 0.0021763 -0.0048470 0.0041652
50.0000000 150.0000000 0.0011365 -0.0000748 0.0001283
50.0000000 160.0000000 0.0008655 0.0007434 -0.0005421
50.0000000 170.0000000 0.0009476 0.0001748 -0.0002036
50.0000000 180.0000000 0.0012083 0.0003031 -0.0008752
50.0000000 190.0000000 0.0014934 -0.0008347 -0.0001208
50.0000000 200.0000000 0.0009430 0.0008473 -0.0011467
50.0000000 210.0000000 0.0013071 -0.0004518 -0.0000728
50.0000000 220.0000000 0.0007579 0.0012682 -0.0012413
50.0000000 230.0000000 0.0008932 0.0005905 -0.0006104
50.0000000 240.0000000 0.0007127 0.0009751 -0.0008605
50.0000000 250.0000000 0.0007243 0.0016859 -0.0017131
50.0000000 260.0000000 0.0002730 0.0029114 -0.0023290
50.0000000 270.0000000 0.0005241 0.0015488 -0.0011773
50.0000000 280.0000000 0.0003497 0.0022963 -0.0017690
50.0000000 290.0000000 0.0006256 0.0009591 -0.0005285
50.0000000 300.0000000 0.0007373 0.0005404 -0.0002408
50.0000000 310.0000000 0.0009898 -0.0005264 0.0006553
50.0000000 320.0000000 0.0009606 -0.0006165 0.0007562
50.0000000 330.0000000 0.0010432 -0.0011263 0.0011907
50.0000000 340.0000000 0.0011409 -0.0016977 0.0017016
50.0000000 350.0000000 0.0014893 -0.0025635 0.0021996
50.0000000 360.0000000 0.0016332 -0.0032481 0.0026315
50.0000000 370.0000000 0.0015060 -0.0030777 0.0027756
50.0000000 380.0000000 0.0025240 -0.0071397 0.0060240
50.0000000 390.0000000 0.0027672 -0.0075425 0.0061235
50.0000000 400.0000000 0.0014624 -0.0019193 0.0013062
50.0000000 410.0000000 0.0009411 -0.0003041 0.0005972
50.0000000 420.0000000 -0.0000906 0.0050066 -0.0040493
50.0000000 430.0000000 0.0011808 -0.0000693 -0.0001054
50.0000000 440.0000000 0.0007774 0.0017003 -0.0019146
60.0000000 10.0000000 0.0045195 -0.0124609 0.0092804
60.0000000 20.0000000 0.0047202 -0.0136045 0.0102609
60.0000000 30.0000000 0.0033116 -0.0091428 0.0072278
60.0000000 40.0000000 0.0031832 -0.0091931 0.0075430
60.0000000 50.0000000 0.0025546 -0.0056887 0.0041736
60.0000000 60.0000000 0.0028059 -0.0077144 0.0064883
60.0000000 70.0000000 0.0029192 -0.0082138 0.0071109
60.0000000 80.0000000 0.0019562 -0.0035049 0.0028350
60.0000000 90.0000000 0.0033263 -0.0088312 0.0070473
60.0000000 100.0000000 0.0031829 -0.0083856 0.0067021
60.0000000 110.0000000 0.0026165 -0.0059274 0.0043804
60.0000000 120.0000000 0.0019918 -0.0038231 0.0030847
60.0000000 130.0000000 0.0024442 -0.0057720 0.0046669
60.0000000 140.0000000 0.0021340 -0.0041227 0.0033558
60.0000000 150.0000000 0.0015812 -0.0015172 0.0009104
60.0000000 160.0000000 0.0018368 -0.0029537 0.0021506
60.0000000 170.0000000 0.0018188 -0.0023279 0.0013986
60.0000000 180.0000000 0.0022239 -0.0046373 0.0033587
60.0000000 190.0000000 0.0022309 -0.0049345 0.0038569
60.0000000 200.0000000 0.0031932 -0.0081500 0.0061335
60.0000000 210.0000000 0.0034424 -0.0103415 0.0084732
60.0000000 220.0000000 0.0020046 -0.0039636 0.0029809
60.0000000 230.0000000 0.0018774 -0.0039719 0.0033821
60.0000000 240.0000000 0.0019110 -0.0039651 0.0032155
60.0000000 250.0000000 0.0018132 -0.0029877 0.0022947
60.0000000 260.0000000 0.0006760 0.0008400 -0.0005181
60.0000000 270.0000000 0.0009723 0.0001547 -0.0002160
60.0000000 280.0000000 0.0007786 0.0003620 -0.0001647
60.0000000 290.0000000 0.0008568 0.0001761 -0.0000488
60.0000000 300.0000000 0.0007832 0.0002747 0.0000407
60.0000000 310.0000000 0.0014528 -0.0025843 0.0023258
60.0000000 320.0000000 0.0013784 -0.0023966 0.0021969
60.0000000 330.0000000 0.0012667 -0.0020678 0.0018692
60.0000000 340.0000000 0.0016636 -0.0036042 0.0032069
60.0000000 350.0000000 0.0016098 -0.0034364 0.0030600
60.0000000 360.0000000 0.0014304 -0.0026283 0.0023124
60.0000000 370.0000000 0.0014392 -0.0029943 0.0027938
60.0000000 380.0000000 0.0013560 -0.0025559 0.0023896
60.0000000 390.0000000 0.0034520 -0.0109782 0.0091064
60.0000000 400.0000000 0.0015014 -0.0023128 0.0019255
60.0000000 410.0000000 0.0012971 -0.0014796 0.0013335
60.0000000 420.0000000 0.0013133 -0.0012807 0.0012104
60.0000000 430.0000000 0.0013536 -0.0010607 0.0008420
60.0000000 440.0000000 0.0016031 -0.0010644 0.0000876
70.0000000 10.0000000 0.0050386 -0.0163213 0.0134500
70.0000000 20.0000000 0.0058012 -0.0203420 0.0172302
70.0000000 30.0000000 0.0066435 -0.0235345 0.0197098
70.0000000 40.0000000 0.0035223 -0.0090928 0.0066746
70.0000000 50.0000000 0.0026841 -0.0072549 0.0059976
70.0000000 60.0000000 0.0023901 -0.0066026 0.0059722
70.0000000 70.0000000 0.0036087 -0.0117298 0.0105045
70.0000000 80.0000000 0.0034348 -0.0104969 0.0092541
70.0000000 90.0000000 0.0037494 -0.0109961 0.0090567
70.0000000 100.0000000 0.0021062 -0.0045618 0.0036320
70.0000000 110.0000000 0.0029410 -0.0076649 0.0061800
70.0000000 120.0000000 0.0032927 -0.0085180 0.0064513
70.0000000 130.0000000 0.0024001 -0.0051861 0.0040190
70.0000000 140.0000000 0.0020083 -0.0038929 0.0031054
70.0000000 150.0000000 0.0015723 -0.0019667 0.0013813
70.0000000 160.0000000 0.0018713 -0.0037117 0.0031101
70.0000000 170.0000000 0.0014723 -0.0021686 0.0018946
70.0000000 180.0000000 0.0032449 -0.0094776 0.0078925
70.0000000 190.0000000 0.0028749 -0.0085936 0.0074460
70.0000000 200.0000000 0.0018095 -0.0037846 0.0033574
70.0000000 210.0000000 0.0016897 -0.0032681 0.0027367
70.0000000 220.0000000 0.0016890 -0.0036012 0.0033111
70.0000000 230.0000000 0.0022387 -0.0061713 0.0055535
70.0000000 240.0000000 0.0021492 -0.0057032 0.0053332
70.0000000 250.0000000 0.0014823 -0.0028141 0.0025683
70.0000000 260.0000000 0.0012687 -0.0014634 0.0014242
70.0000000 270.0000000 0.0011340 -0.0010532 0.0010819
70.0000000 280.0000000 0.0017170 -0.0038840 0.0034648
70.0000000 290.0000000 0.0010737 -0.0008123 0.0009042
70.0000000 300.0000000 0.0020763 -0.0053398 0.0048048
70.0000000 310.0000000 0.0013210 -0.0022489 0.0021834
70.0000000 320.0000000 0.0017811 -0.0040625 0.0035974
70.0000000 330.0000000 0.0015028 -0.0032713 0.0030975
70.0000000 340.0000000 0.0016221 -0.0039858 0.0037076
70.0000000 350.0000000 0.0012720 -0.0021139 0.0021404
70.0000000 360.0000000 0.0021416 -0.0059382 0.0052536
70.0000000 370.0000000 0.0022023 -0.0063355 0.0055104
70.0000000 380.0000000 0.0016376 -0.0038380 0.0034192
70.0000000 390.0000000 0.0020147 -0.0055351 0.0048972
70.0000000 400.0000000 0.0016573 -0.0028779 0.0022794
70.0000000 410.0000000 0.0024938 -0.0067863 0.0059261
70.0000000 420.0000000 0.0015040 -0.0026259 0.0024353
70.0000000 430.0000000 0.0026581 -0.0069946 0.0060748
70.0000000 440.0000000 0.0037992 -0.0129423 0.0128770
80.0000000 10.0000000 0.0071702 -0.0272357 0.0239289
80.0000000 20.0000000 0.0057784 -0.0204050 0.0173973
80.0000000 30.0000000 0.0077461 -0.0291670 0.0251125
80.0000000 40.0000000 0.0080153 -0.0311621 0.0270874
80.0000000 50.0000000 0.0038913 -0.0122716 0.0104982
80.0000000 60.0000000 0.0012437 -0.0008491 0.0007350
80.0000000 70.0000000 0.0029452 -0.0088460 0.0077658
80.0000000 80.0000000 0.0018898 -0.0043366 0.0040238
80.0000000 90.0000000 0.0054516 -0.0209334 0.0192018
80.0000000 100.0000000 0.0041049 -0.0129774 0.0108087
80.0000000 110.0000000 0.0039378 -0.0127686 0.0108701
80.0000000 120.0000000 0.0038581 -0.0115752 0.0096474
80.0000000 130.0000000 0.0040807 -0.0131997 0.0112386
80.0000000 140.0000000 0.0029733 -0.0082231 0.0070007
80.0000000 150.0000000 0.0040299 -0.0134208 0.0118868
80.0000000 160.0000000 0.0024030 -0.0062194 0.0054407
80.0000000 170.0000000 0.0039645 -0.0136258 0.0119923
80.0000000 180.0000000 0.0035831 -0.0118247 0.0106507
80.0000000 190.0000000 0.0041091 -0.0135192 0.0116434
80.0000000 200.0000000 0.0031559 -0.0103861 0.0094777
80.0000000 210.0000000 0.0026127 -0.0077775 0.0070455
80.0000000 220.0000000 0.0032583 -0.0104014 0.0091296
80.0000000 230.0000000 0.0026863 -0.0083401 0.0076496
80.0000000 240.0000000 0.0024733 -0.0073286 0.0067405
80.0000000 250.0000000 0.0023750 -0.0067905 0.0061956
80.0000000 260.0000000 0.0020085 -0.0050980 0.0047285
80.0000000 270.0000000 0.0026080 -0.0083001 0.0077419
80.0000000 280.0000000 0.0026068 -0.0081106 0.0073932
80.0000000 290.0000000 0.0017791 -0.0049075 0.0048807
80.0000000 300.0000000 0.0026686 -0.0082266 0.0075246
80.0000000 310.0000000 0.0020721 -0.0061254 0.0061828
80.0000000 320.0000000 0.0027002 -0.0083802 0.0076513
80.0000000 330.0000000 0.0020596 -0.0060350 0.0055952
80.0000000 340.0000000 0.0039065 -0.0148663 0.0137004
80.0000000 350.0000000 0.0049231 -0.0193721 0.0174340
80.0000000 360.0000000 0.0027608 -0.0091378 0.0082203
80.0000000 370.0000000 0.0038920 -0.0138070 0.0122331
80.0000000 380.0000000 0.0031538 -0.0106674 0.0093978
80.0000000 390.0000000 0.0023624 -0.0066880 0.0057129
80.0000000 400.0000000 0.0020990 -0.0056423 0.0050616
80.0000000 410.0000000 0.0029366 -0.0094620 0.0086158
80.0000000 420.0000000 0.0032099 -0.0098295 0.0085490
80.0000000 430.0000000 0.0036942 -0.0133049 0.0130562
80.0000000 440.0000000 0.0037629 -0.0143194 0.0152365
90.0000000 10.0000000 0.0046476 -0.0148372 0.0124847
90.0000000 20.0000000 0.0061576 -0.0230131 0.0202923
90.0000000 30.0000000 0.0051552 -0.0186332 0.0165974
90.0000000 40.0000000 0.0064363 -0.0257120 0.0235583
90.0000000 50.0000000 0.0051132 -0.0193895 0.0181248
90.0000000 60.0000000 0.0055915 -0.0225738 0.0213165
90.0000000 70.0000000 0.0026239 -0.0076332 0.0069424
90.0000000 80.0000000 0.0021185 -0.0062729 0.0063466
90.0000000 90.0000000 0.0012272 -0.0002362 0.0001207
90.0000000 100.0000000 0.0046495 -0.0172597 0.0159632
90.0000000 110.0000000 0.0042496 -0.0143285 0.0126849
90.0000000 120.0000000 0.0030759 -0.0093174 0.0081811
90.0000000 130.0000000 0.0032879 -0.0101570 0.0089998
90.0000000 140.0000000 0.0050424 -0.0186655 0.0168098
90.0000000 150.0000000 0.0043014 -0.0150645 0.0136692
90.0000000 160.0000000 0.0032114 -0.0107094 0.0098702
90.0000000 170.0000000 0.0041135 -0.0147799 0.0133705
90.0000000 180.0000000 0.0035709 -0.0121389 0.0108849
90.0000000 190.0000000 0.0034611 -0.0118351 0.0106824
90.0000000 200.0000000 0.0030415 -0.0099603 0.0091553
90.0000000 210.0000000 0.0032972 -0.0113741 0.0104074
90.0000000 220.0000000 0.0028047 -0.0095144 0.0088805
90.0000000 230.0000000 0.0021777 -0.0065726 0.0063505
90.0000000 240.0000000 0.0035694 -0.0128449 0.0119451
90.0000000 250.0000000 0.0038585 -0.0136916 0.0122517
90.0000000 260.0000000 0.0023555 -0.0073854 0.0072653
90.0000000 270.0000000 0.0040591 -0.0151352 0.0151454
90.0000000 280.0000000 0.0021564 -0.0063758 0.0060811
90.0000000 290.0000000 0.0017475 -0.0046570 0.0047299
90.0000000 300.0000000 0.0028856 -0.0096567 0.0088662
90.0000000 310.0000000 0.0022827 -0.0072390 0.0069793
90.0000000 320.0000000 0.0021915 -0.0067580 0.0064231
90.0000000 330.0000000 0.0036129 -0.0130983 0.0119518
90.0000000 340.0000000 0.0041273 -0.0159679 0.0148158
90.0000000 350.0000000 0.0018187 -0.0050279 0.0049137
90.0000000 360.0000000 0.0028147 -0.0099848 0.0093910
90.0000000 370.0000000 0.0032646 -0.0112054 0.0100902
90.0000000 380.0000000 0.0024449 -0.0068731 0.0057640
90.0000000 390.0000000 0.0027407 -0.0078326 0.0065675
90.0000000 400.0000000 0.0033069 -0.0117009 0.0108291
90.0000000 410.0000000 0.0051521 -0.0195298 0.0175556
90.0000000 420.0000000 0.0036965 -0.0129259 0.0116891
90.0000000 430.0000000 0.0030840 -0.0104722 0.0098208
90.0000000 440.0000000 0.0052210 -0.0218141 0.0234756
100.0000000 10.0000000 0.0030021 -0.0079083 0.0065684
100.0000000 20.0000000 0.0023612 -0.0047760 0.0035604
100.0000000 30.0000000 0.0024333 -0.0045251 0.0030567
100.0000000 40.0000000 0.0032073 -0.0086139 0.0073589
100.0000000 50.0000000 0.0032508 -0.0105923 0.0100219
100.0000000 60.0000000 0.0038342 -0.0149821 0.0151859
100.0000000 70.0000000 0.0016962 -0.0032020 0.0029107
100.0000000 80.0000000 0.0020637 -0.0032494 0.0021744
100.0000000 90.0000000 0.0026930 -0.0079455 0.0076095
100.0000000 100.0000000 0.0034710 -0.0121676 0.0117616
100.0000000 110.0000000 0.0050749 -0.0192042 0.0180676
100.0000000 120.0000000 0.0051088 -0.0195623 0.0182972
100.0000000 130.0000000 0.0052370 -0.0210240 0.0201832
100.0000000 140.0000000 0.0052824 -0.0217731 0.0213100
100.0000000 150.0000000 0.0043270 -0.0172093 0.0167732
100.0000000 160.0000000 0.0038203 -0.0145284 0.0138923
100.0000000 170.0000000 0.0050392 -0.0202844 0.0191385
100.0000000 180.0000000 0.0035351 -0.0130903 0.0129207
100.0000000 190.0000000 0.0032806 -0.0125815 0.0126215
100.0000000 200.0000000 0.0056038 -0.0238238 0.0230821
100.0000000 210.0000000 0.0053799 -0.0226005 0.0222666
100.0000000 220.0000000 0.0036616 -0.0134356 0.0128757
100.0000000 230.0000000 0.0035640 -0.0132903 0.0127822
100.0000000 240.0000000 0.0034928 -0.0133501 0.0130770
100.0000000 250.0000000 0.0041252 -0.0159756 0.0151408
100.0000000 260.0000000 0.0026521 -0.0092832 0.0091871
100.0000000 270.0000000 0.0045877 -0.0189245 0.0186946
100.0000000 280.0000000 0.0036267 -0.0141028 0.0149894
100.0000000 290.0000000 0.0044151 -0.0175077 0.0169591
100.0000000 300.0000000 0.0031482 -0.0112287 0.0109500
100.0000000 310.0000000 0.0045621 -0.0190336 0.0197750
100.0000000 320.0000000 0.0026745 -0.0095813 0.0093664
100.0000000 330.0000000 0.0028905 -0.0109352 0.0107427
100.0000000 340.0000000 0.0040263 -0.0164319 0.0159010
100.0000000 350.0000000 0.0037595 -0.0150063 0.0146506
100.0000000 360.0000000 0.0028875 -0.0103285 0.0099080
100.0000000 370.0000000 0.0030178 -0.0107714 0.0101240
100.0000000 380.0000000 0.0032982 -0.0112758 0.0102339
100.0000000 390.0000000 0.0040118 -0.0140632 0.0126892
100.0000000 400.0000000 0.0057745 -0.0236803 0.0222928
100.0000000 410.0000000 0.0051856 -0.0208214 0.0196054
100.0000000 420.0000000 0.0063362 -0.0259204 0.0243984
100.0000000 430.0000000 0.0049263 -0.0200120 0.0193010
100.0000000 440.0000000 0.0089472 -0.0425738 0.0472386
110.0000000 10.0000000 0.0042027 -0.0157960 0.0154214
110.0000000 20.0000000 0.0048331 -0.0211476 0.0223058
110.0000000 30.0000000 0.0044813 -0.0195237 0.0209758
110.0000000 40.0000000 0.0042262 -0.0165376 0.0170391
110.0000000 50.0000000 0.0036653 -0.0142236 0.0155018
110.0000000 60.0000000 0.0020941 -0.0059325 0.0062975
110.0000000 70.0000000 0.0068431 -0.0371163 0.0431661
110.0000000 80.0000000 0.0061026 -0.0312405 0.0355818
110.0000000 90.0000000 0.0022623 -0.0064275 0.0066040
110.0000000 100.0000000 0.0044898 -0.0199040 0.0218279
110.0000000 110.0000000 0.0019031 -0.0032587 0.0026230
110.0000000 120.0000000 0.0067617 -0.0312441 0.0329076
110.0000000 130.0000000 0.0049662 -0.0213423 0.0223845
110.0000000 140.0000000 0.0049636 -0.0215619 0.0226588
110.0000000 150.0000000 0.0085991 -0.0432386 0.0464767
110.0000000 160.0000000 0.0062238 -0.0283821 0.0295281
110.0000000 170.0000000 0.0059003 -0.0280701 0.0298330
110.0000000 180.0000000 0.0044570 -0.0197324 0.0205860
110.0000000 190.0000000 0.0043548 -0.0193918 0.0204542
110.0000000 200.0000000 0.0055244 -0.0259160 0.0272980
110.0000000 210.0000000 0.0058768 -0.0273476 0.0282337
110.0000000 220.0000000 0.0053128 -0.0242686 0.0251340
110.0000000 230.0000000 0.0058697 -0.0288821 0.0331871
110.0000000 240.0000000 0.0055946 -0.0277403 0.0318578
110.0000000 250.0000000 0.0056242 -0.0269738 0.0303235
110.0000000 260.0000000 0.0052747 -0.0249229 0.0280310
110.0000000 270.0000000 0.0039439 -0.0167263 0.0171243
110.0000000 280.0000000 0.0050823 -0.0233631 0.0262920
110.0000000 290.0000000 0.0036678 -0.0155476 0.0163420
110.0000000 300.0000000 0.0037332 -0.0163003 0.0182082
110.0000000 310.0000000 0.0033641 -0.0134629 0.0135303
110.0000000 320.0000000 0.0062064 -0.0305950 0.0344383
110.0000000 330.0000000 0.0049923 -0.0226920 0.0235166
110.0000000 340.0000000 0.0055464 -0.0257546 0.0264717
110.0000000 350.0000000 0.0033363 -0.0135523 0.0138175
110.0000000 360.0000000 0.0029191 -0.0111546 0.0115258
110.0000000 370.0000000 0.0035072 -0.0145041 0.0148527
110.0000000 380.0000000 0.0028665 -0.0096440 0.0093745
110.0000000 390.0000000 0.0054806 -0.0240551 0.0244934
110.0000000 400.0000000 0.0047306 -0.0227884 0.0260891
110.0000000 410.0000000 0.0048266 -0.0214815 0.0218456
110.0000000 420.0000000 0.0057685 -0.0269338 0.0279180
110.0000000 430.0000000 0.0061952 -0.0281523 0.0282606
110.0000000 440.0000000 0.0062256 -0.0314068 0.0373898
120.0000000 10.0000000 0.0047579 -0.0198879 0.0212276
120.0000000 20.0000000 0.0052459 -0.0238217 0.0257311
120.0000000 30.0000000 0.0048141 -0.0206376 0.0217618
120.0000000 40.0000000 0.0045375 -0.0213074 0.0239996
120.0000000 50.0000000 0.0040353 -0.0179680 0.0198819
120.0000000 60.0000000 0.0051368 -0.0241928 0.0266278
120.0000000 70.0000000 0.0031918 -0.0142271 0.0169361
120.0000000 80.0000000 0.0034617 -0.0154245 0.0179448
120.0000000 90.0000000 0.0030317 -0.0119842 0.0137497
120.0000000 100.0000000 0.0031025 -0.0120949 0.0139115
120.0000000 110.0000000 0.0026285 -0.0084813 0.0091794
120.0000000 120.0000000 0.0047551 -0.0205331 0.0225592
120.0000000 130.0000000 0.0033215 -0.0116615 0.0124872
120.0000000 140.0000000 0.0032681 -0.0125752 0.0139292
120.0000000 150.0000000 0.0038754 -0.0163503 0.0178831
120.0000000 160.0000000 0.0025756 -0.0087354 0.0094761
120.0000000 170.0000000 0.0028598 -0.0116327 0.0131579
120.0000000 180.0000000 0.0024189 -0.0084886 0.0093509
120.0000000 190.0000000 0.0031288 -0.0128085 0.0142870
120.0000000 200.0000000 0.0055115 -0.0278206 0.0314348
120.0000000 210.0000000 0.0024402 -0.0091188 0.0102066
120.0000000 220.0000000 0.0025300 -0.0096615 0.0109014
120.0000000 230.0000000 0.0030515 -0.0130243 0.0148018
120.0000000 240.0000000 0.0025403 -0.0104911 0.0128239
120.0000000 250.0000000 0.0033633 -0.0158462 0.0194976
120.0000000 260.0000000 0.0036695 -0.0175089 0.0214130
120.0000000 270.0000000 0.0035074 -0.0166390 0.0205269
120.0000000 280.0000000 0.0039178 -0.0186396 0.0228405
120.0000000 290.0000000 0.0040815 -0.0210017 0.0261718
120.0000000 300.0000000 0.0024918 -0.0099684 0.0122492
120.0000000 310.0000000 0.0039706 -0.0195160 0.0238980
120.0000000 320.0000000 0.0039042 -0.0181304 0.0202869
120.0000000 330.0000000 0.0019264 -0.0057203 0.0057308
120.0000000 340.0000000 0.0017466 -0.0048175 0.0048361
120.0000000 350.0000000 0.0018075 -0.0054087 0.0058128
120.0000000 360.0000000 0.0021540 -0.0081619 0.0099727
120.0000000 370.0000000 0.0025988 -0.0104536 0.0117632
120.0000000 380.0000000 0.0034630 -0.0143986 0.0156792
120.0000000 390.0000000 0.0025016 -0.0097225 0.0109107
120.0000000 400.0000000 0.0039852 -0.0186133 0.0206369
120.0000000 410.0000000 0.0032469 -0.0140271 0.0154044
120.0000000 420.0000000 0.0042070 -0.0193164 0.0211190
120.0000000 430.0000000 0.0039775 -0.0181811 0.0199092
120.0000000 440.0000000 0.0040228 -0.0180827 0.0226269
130.0000000 10.0000000 0.0072528 -0.0310265 0.0315770
130.0000000 20.0000000 0.0050200 -0.0194624 0.0200745
130.0000000 30.0000000 0.0051724 -0.0245749 0.0274745
130.0000000 40.0000000 0.0047048 -0.0203736 0.0222617
130.0000000 50.0000000 0.0044999 -0.0193917 0.0210343
130.0000000 60.0000000 0.0052330 -0.0236463 0.0256673
130.0000000 70.0000000 0.0045229 -0.0207049 0.0231019
130.0000000 80.0000000 0.0043034 -0.0193231 0.0220812
130.0000000 90.0000000 0.0031587 -0.0117915 0.0129300
130.0000000 100.0000000 0.0020615 -0.0045668 0.0044485
130.0000000 110.0000000 0.0030972 -0.0106105 0.0115001
130.0000000 120.0000000 0.0030640 -0.0120660 0.0134894
130.0000000 130.0000000 0.0022304 -0.0052758 0.0050506
130.0000000 140.0000000 0.0024226 -0.0072032 0.0072093
130.0000000 150.0000000 0.0023929 -0.0064281 0.0061105
130.0000000 160.0000000 0.0020282 -0.0044200 0.0042586
130.0000000 170.0000000 0.0019703 -0.0053881 0.0057846
130.0000000 180.0000000 0.0015920 -0.0036247 0.0038465
130.0000000 190.0000000 0.0017235 -0.0042240 0.0045924
130.0000000 200.0000000 0.0014144 -0.0030956 0.0035448
130.0000000 210.0000000 0.0017199 -0.0045336 0.0048900
130.0000000 220.0000000 0.0011956 -0.0016981 0.0019166
130.0000000 230.0000000 0.0018347 -0.0052878 0.0062634
130.0000000 240.0000000 0.0011331 -0.0016353 0.0020698
130.0000000 250.0000000 0.0015640 -0.0039089 0.0047887
130.0000000 260.0000000 0.0012321 -0.0026249 0.0034688
130.0000000 270.0000000 0.0015805 -0.0049828 0.0064727
130.0000000 280.0000000 0.0016111 -0.0050219 0.0063265
130.0000000 290.0000000 0.0015103 -0.0039536 0.0051292
130.0000000 300.0000000 0.0016416 -0.0049571 0.0063205
130.0000000 310.0000000 0.0015445 -0.0042965 0.0055302
130.0000000 320.0000000 0.0019338 -0.0062220 0.0075571
130.0000000 330.0000000 0.0014773 -0.0032040 0.0033925
130.0000000 340.0000000 0.0010760 -0.0001152 -0.0009947
130.0000000 350.0000000 0.0009439 -0.0006206 0.0006416
130.0000000 360.0000000 0.0011715 -0.0019396 0.0025077
130.0000000 370.0000000 0.0011533 -0.0016828 0.0018648
130.0000000 380.0000000 0.0009541 0.0002096 -0.0004139
130.0000000 390.0000000 0.0011013 -0.0013159 0.0016542
130.0000000 400.0000000 0.0019156 -0.0046025 0.0048538
130.0000000 410.0000000 0.0014260 -0.0033409 0.0037012
130.0000000 420.0000000 0.0020710 -0.0068752 0.0076166
130.0000000 430.0000000 0.0025517 -0.0082548 0.0093495
130.0000000 440.0000000 0.0030881 -0.0122962 0.0151331
140.0000000 10.0000000 0.0063929 -0.0276150 0.0288053
140.0000000 20.0000000 0.0051369 -0.0228550 0.0248801
140.0000000 30.0000000 0.0050745 -0.0182932 0.0164083
140.0000000 40.0000000 0.0042747 -0.0198524 0.0222881
140.0000000 50.0000000 0.0038705 -0.0166966 0.0184945
140.0000000 60.0000000 0.0043100 -0.0204136 0.0232362
140.0000000 70.0000000 0.0037126 -0.0160506 0.0180496
140.0000000 80.0000000 0.0030550 -0.0131229 0.0152425
140.0000000 90.0000000 0.0026251 -0.0094358 0.0105177
140.0000000 100.0000000 0.0023628 -0.0072562 0.0081582
140.0000000 110.0000000 0.0029164 -0.0099811 0.0111204
140.0000000 120.0000000 0.0028170 -0.0086213 0.0087111
140.0000000 130.0000000 0.0020159 -0.0051992 0.0056169
140.0000000 140.0000000 0.0028996 -0.0088861 0.0090525
140.0000000 150.0000000 0.0022934 -0.0064049 0.0068119
140.0000000 160.0000000 0.0018275 -0.0042665 0.0044748
140.0000000 170.0000000 0.0020186 -0.0057907 0.0061752
140.0000000 180.0000000 0.0016887 -0.0045846 0.0049032
140.0000000 190.0000000 0.0017370 -0.0045574 0.0050734
140.0000000 200.0000000 0.0015041 -0.0034452 0.0037425
140.0000000 210.0000000 0.0014693 -0.0036090 0.0043789
140.0000000 220.0000000 0.0015598 -0.0036979 0.0043600
140.0000000 230.0000000 0.0011943 -0.0016806 0.0020105
140.0000000 240.0000000 0.0013032 -0.0029657 0.0039162
140.0000000 250.0000000 0.0014611 -0.0032158 0.0040993
140.0000000 260.0000000 0.0014370 -0.0035935 0.0047075
140.0000000 270.0000000 0.0014189 -0.0037470 0.0048748
140.0000000 280.0000000 0.0014306 -0.0039587 0.0052647
140.0000000 290.0000000 0.0016226 -0.0044495 0.0056469
140.0000000 300.0000000 0.0014410 -0.0036486 0.0044536
140.0000000 310.0000000 0.0013603 -0.0033998 0.0043694
140.0000000 320.0000000 0.0014540 -0.0037448 0.0047043
140.0000000 330.0000000 0.0012040 -0.0017671 0.0018616
140.0000000 340.0000000 0.0008979 0.0005087 -0.0015825
140.0000000 350.0000000 0.0006834 0.0008473 -0.0011259
140.0000000 360.0000000 0.0015541 -0.0043250 0.0054178
140.0000000 370.0000000 0.0012085 -0.0015906 0.0018058
140.0000000 380.0000000 0.0012057 -0.0003447 -0.0003253
140.0000000 390.0000000 0.0018095 -0.0055445 0.0062389
140.0000000 400.0000000 0.0018419 -0.0052803 0.0059581
140.0000000 410.0000000 0.0016240 -0.0046479 0.0053233
140.0000000 420.0000000 0.0024210 -0.0082475 0.0086206
140.0000000 430.0000000 0.0024506 -0.0094602 0.0111821
140.0000000 440.0000000 0.0028049 -0.0102385 0.0121233
150.0000000 10.0000000 0.0064598 -0.0309596 0.0341788
150.0000000 20.0000000 0.0044063 -0.0191638 0.0210888
150.0000000 30.0000000 0.0048678 -0.0202295 0.0210466
150.0000000 40.0000000 0.0042442 -0.0179112 0.0195662
150.0000000 50.0000000 0.0034029 -0.0151521 0.0176349
150.0000000 60.0000000 0.0048657 -0.0231585 0.0258915
150.0000000 70.0000000 0.0030208 -0.0133659 0.0156638
150.0000000 80.0000000 0.0035050 -0.0145267 0.0161693
150.0000000 90.0000000 0.0022514 -0.0051358 0.0049362
150.0000000 100.0000000 0.0031056 -0.0109957 0.0117799
150.0000000 110.0000000 0.0021592 -0.0062834 0.0067569
150.0000000 120.0000000 0.0024140 -0.0071133 0.0074403
150.0000000 130.0000000 0.0017914 -0.0044475 0.0048282
150.0000000 140.0000000 0.0021329 -0.0052357 0.0053036
150.0000000 150.0000000 0.0020891 -0.0048240 0.0045046
150.0000000 160.0000000 0.0015093 -0.0032681 0.0035783
150.0000000 170.0000000 0.0020223 -0.0058700 0.0060455
150.0000000 180.0000000 0.0016574 -0.0038866 0.0041015
150.0000000 190.0000000 0.0013619 -0.0025387 0.0028137
150.0000000 200.0000000 0.0017415 -0.0046962 0.0052233
150.0000000 210.0000000 0.0016016 -0.0040466 0.0046260
150.0000000 220.0000000 0.0013623 -0.0033767 0.0041472
150.0000000 230.0000000 0.0011357 -0.0016518 0.0020977
150.0000000 240.0000000 0.0012067 -0.0024030 0.0031041
150.0000000 250.0000000 0.0012715 -0.0028001 0.0035547
150.0000000 260.0000000 0.0010788 -0.0013231 0.0018141
150.0000000 270.0000000 0.0014799 -0.0041473 0.0053882
150.0000000 280.0000000 0.0017139 -0.0055059 0.0073829
150.0000000 290.0000000 0.0013360 -0.0033659 0.0044351
150.0000000 300.0000000 0.0014088 -0.0034857 0.0044928
150.0000000 310.0000000 0.0016582 -0.0051156 0.0064144
150.0000000 320.0000000 0.0014632 -0.0042863 0.0054269
150.0000000 330.0000000 0.0012306 -0.0022095 0.0023475
150.0000000 340.0000000 0.0012325 -0.0012321 0.0006870
150.0000000 350.0000000 0.0009559 -0.0008002 0.0007048
150.0000000 360.0000000 0.0009350 -0.0005900 0.0005794
150.0000000 370.0000000 0.0011041 -0.0013478 0.0013792
150.0000000 380.0000000 0.0008515 -0.0000347 0.0001285
150.0000000 390.0000000 0.0014300 -0.0021150 0.0023599
150.0000000 400.0000000 0.0012225 -0.0022806 0.0027347
150.0000000 410.0000000 0.0015508 -0.0040806 0.0046976
150.0000000 420.0000000 0.0019398 -0.0061628 0.0068241
150.0000000 430.0000000 0.0020700 -0.0069794 0.0079515
150.0000000 440.0000000 0.0019782 -0.0067157 0.0086491
160.0000000 10.0000000 0.0066911 -0.0316904 0.0339925
160.0000000 20.0000000 0.0063772 -0.0311241 0.0346319
160.0000000 30.0000000 0.0049975 -0.0237197 0.0267089
160.0000000 40.0000000 0.0045689 -0.0205788 0.0228662
160.0000000 50.0000000 0.0044903 -0.0199809 0.0220618
160.0000000 60.0000000 0.0037163 -0.0162559 0.0184028
160.0000000 70.0000000 0.0036265 -0.0154873 0.0173771
160.0000000 80.0000000 0.0032534 -0.0148079 0.0173383
160.0000000 90.0000000 0.0023144 -0.0065985 0.0068810
160.0000000 100.0000000 0.0022183 -0.0054737 0.0054590
160.0000000 110.0000000 0.0022907 -0.0061993 0.0065201
160.0000000 120.0000000 0.0026854 -0.0082432 0.0086627
160.0000000 130.0000000 0.0025527 -0.0075971 0.0077544
160.0000000 140.0000000 0.0023600 -0.0073191 0.0075850
160.0000000 150.0000000 0.0017802 -0.0033461 0.0031358
160.0000000 160.0000000 0.0023673 -0.0072194 0.0074695
160.0000000 170.0000000 0.0019377 -0.0052990 0.0056405
160.0000000 180.0000000 0.0018376 -0.0052161 0.0057580
160.0000000 190.0000000 0.0017614 -0.0043497 0.0048310
160.0000000 200.0000000 0.0015608 -0.0036992 0.0044374
160.0000000 210.0000000 0.0014717 -0.0030196 0.0034364
160.0000000 220.0000000 0.0015767 -0.0039696 0.0045450
160.0000000 230.0000000 0.0014103 -0.0035555 0.0044055
160.0000000 240.0000000 0.0012349 -0.0023913 0.0030931
160.0000000 250.0000000 0.0014802 -0.0038498 0.0046434
160.0000000 260.0000000 0.0016011 -0.0040369 0.0049517
160.0000000 270.0000000 0.0014173 -0.0035364 0.0045947
160.0000000 280.0000000 0.0018468 -0.0062460 0.0081277
160.0000000 290.0000000 0.0014862 -0.0044485 0.0059479
160.0000000 300.0000000 0.0013088 -0.0032456 0.0043685
160.0000000 310.0000000 0.0017093 -0.0057487 0.0073036
160.0000000 320.0000000 0.0016109 -0.0048119 0.0061559
160.0000000 330.0000000 0.0015566 -0.0041605 0.0050667
160.0000000 340.0000000 0.0013288 -0.0021678 0.0017389
160.0000000 350.0000000 0.0015735 -0.0034120 0.0039018
160.0000000 360.0000000 0.0011784 -0.0017944 0.0019378
160.0000000 370.0000000 0.0012415 -0.0028615 0.0035202
160.0000000 380.0000000 0.0010444 -0.0003767 0.0002461
160.0000000 390.0000000 0.0013568 -0.0020817 0.0024979
160.0000000 400.0000000 0.0011854 -0.0016748 0.0022584
160.0000000 410.0000000 0.0017921 -0.0055806 0.0061945
160.0000000 420.0000000 0.0021355 -0.0077578 0.0086268
160.0000000 430.0000000 0.0021468 -0.0081544 0.0097691
160.0000000 440.0000000 0.0023762 -0.0093062 0.0119578
170.0000000 10.0000000 0.0047650 -0.0206346 0.0222844
170.0000000 20.0000000 0.0050373 -0.0227623 0.0253748
170.0000000 30.0000000 0.0032401 -0.0124537 0.0138809
170.0000000 40.0000000 0.0049740 -0.0213419 0.0230235
170.0000000 50.0000000 0.0034031 -0.0127231 0.0142877
170.0000000 60.0000000 0.0024761 -0.0091516 0.0104487
170.0000000 70.0000000 0.0028234 -0.0100415 0.0108795
170.0000000 80.0000000 0.0025432 -0.0095586 0.0110197
170.0000000 90.0000000 0.0020103 -0.0032344 0.0021686
170.0000000 100.0000000 0.0009086 0.0028227 -0.0039960
170.0000000 110.0000000 0.0013695 -0.0008822 0.0005409
170.0000000 120.0000000 0.0017210 -0.0027861 0.0024388
170.0000000 130.0000000 0.0015144 -0.0019272 0.0018774
170.0000000 140.0000000 0.0017860 -0.0035731 0.0036380
170.0000000 150.0000000 0.0016012 -0.0034926 0.0036381
170.0000000 160.0000000 0.0017930 -0.0047170 0.0047370
170.0000000 170.0000000 0.0016655 -0.0036444 0.0038777
170.0000000 180.0000000 0.0020032 -0.0055196 0.0060007
170.0000000 190.0000000 0.0014053 -0.0025041 0.0026738
170.0000000 200.0000000 0.0014849 -0.0030436 0.0031672
170.0000000 210.0000000 0.0013667 -0.0032469 0.0039855
170.0000000 220.0000000 0.0013393 -0.0026591 0.0033093
170.0000000 230.0000000 0.0013472 -0.0027563 0.0036787
170.0000000 240.0000000 0.0014946 -0.0041674 0.0052993
170.0000000 250.0000000 0.0012753 -0.0029491 0.0037888
170.0000000 260.0000000 0.0012837 -0.0028647 0.0037164
170.0000000 270.0000000 0.0016531 -0.0050513 0.0064246
170.0000000 280.0000000 0.0016106 -0.0052225 0.0067249
170.0000000 290.0000000 0.0014656 -0.0039362 0.0052682
170.0000000 300.0000000 0.0013494 -0.0033096 0.0044397
170.0000000 310.0000000 0.0016309 -0.0052253 0.0067163
170.0000000 320.0000000 0.0013373 -0.0035421 0.0046850
170.0000000 330.0000000 0.0007362 0.0005984 -0.0006310
170.0000000 340.0000000 0.0005755 0.0021947 -0.0030100
170.0000000 350.0000000 0.0007837 0.0001968 -0.0000304
170.0000000 360.0000000 0.0009500 -0.0009376 0.0013363
170.0000000 370.0000000 0.0010619 -0.0015977 0.0020950
170.0000000 380.0000000 0.0008663 -0.0003172 0.0005057
170.0000000 390.0000000 0.0009138 -0.0000216 0.0003806
170.0000000 400.0000000 0.0019052 -0.0063811 0.0074576
170.0000000 410.0000000 0.0012273 -0.0023169 0.0028585
170.0000000 420.0000000 0.0022322 -0.0079048 0.0088273
170.0000000 430.0000000 0.0024020 -0.0084884 0.0097314
170.0000000 440.0000000 0.0024250 -0.0097619 0.0124022
180.0000000 10.0000000 0.0051799 -0.0196321 0.0184969
180.0000000 20.0000000 0.0046910 -0.0174144 0.0165893
180.0000000 30.0000000 0.0049136 -0.0210680 0.0221655
180.0000000 40.0000000 0.0031704 -0.0116742 0.0120999
180.0000000 50.0000000 0.0047413 -0.0211274 0.0226034
180.0000000 60.0000000 0.0045935 -0.0202576 0.0215276
180.0000000 70.0000000 0.0040166 -0.0169154 0.0178365
180.0000000 80.0000000 0.0029360 -0.0113257 0.0123480
180.0000000 90.0000000 0.0024836 -0.0068487 0.0066149
180.0000000 100.0000000 0.0024268 -0.0076829 0.0083277
180.0000000 110.0000000 0.0031369 -0.0122519 0.0137737
180.0000000 120.0000000 0.0031425 -0.0120249 0.0135742
180.0000000 130.0000000 0.0021369 -0.0059852 0.0064864
180.0000000 140.0000000 0.0017964 -0.0030594 0.0028218
180.0000000 150.0000000 0.0025030 -0.0082350 0.0087364
180.0000000 160.0000000 0.0018798 -0.0049366 0.0051781
180.0000000 170.0000000 0.0020796 -0.0068989 0.0077392
180.0000000 180.0000000 0.0015372 -0.0036108 0.0040786
180.0000000 190.0000000 0.0014760 -0.0030596 0.0033917
180.0000000 200.0000000 0.0018688 -0.0056686 0.0064039
180.0000000 210.0000000 0.0014398 -0.0031017 0.0037474
180.0000000 220.0000000 0.0014881 -0.0036867 0.0045708
180.0000000 230.0000000 0.0014609 -0.0037872 0.0050068
180.0000000 240.0000000 0.0013488 -0.0034704 0.0044360
180.0000000 250.0000000 0.0012500 -0.0027503 0.0035834
180.0000000 260.0000000 0.0012747 -0.0028357 0.0037512
180.0000000 270.0000000 0.0016689 -0.0048555 0.0061517
180.0000000 280.0000000 0.0014972 -0.0044095 0.0060109
180.0000000 290.0000000 0.0014587 -0.0041407 0.0056007
180.0000000 300.0000000 0.0014610 -0.0041551 0.0051823
180.0000000 310.0000000 0.0016152 -0.0049045 0.0063141
180.0000000 320.0000000 0.0010836 -0.0013764 0.0018903
180.0000000 330.0000000 0.0008113 0.0003387 -0.0002213
180.0000000 340.0000000 0.0011721 -0.0009164 0.0005995
180.0000000 350.0000000 0.0010465 -0.0000109 -0.0005449
180.0000000 360.0000000 0.0008058 0.0004380 -0.0005199
180.0000000 370.0000000 0.0008630 0.0001305 -0.0003500
180.0000000 380.0000000 0.0013026 -0.0018188 0.0018318
180.0000000 390.0000000 0.0010265 -0.0007399 0.0010086
180.0000000 400.0000000 0.0013102 -0.0023553 0.0027549
180.0000000 410.0000000 0.0018843 -0.0060115 0.0071435
180.0000000 420.0000000 0.0016056 -0.0044747 0.0051294
180.0000000 430.0000000 0.0019334 -0.0065929 0.0074543
180.0000000 440.0000000 0.0031496 -0.0138544 0.0176426
190.0000000 10.0000000 0.0053939 -0.0235923 0.0249335
190.0000000 20.0000000 0.0042552 -0.0182126 0.0198074
190.0000000 30.0000000 0.0058525 -0.0289838 0.0328597
190.0000000 40.0000000 0.0045921 -0.0201828 0.0222283
190.0000000 50.0000000 0.0037200 -0.0148658 0.0163527
190.0000000 60.0000000 0.0049247 -0.0222601 0.0241673
190.0000000 70.0000000 0.0036778 -0.0152222 0.0164582
190.0000000 80.0000000 0.0030830 -0.0123100 0.0133666
190.0000000 90.0000000 0.0024966 -0.0072129 0.0067960
190.0000000 100.0000000 0.0035251 -0.0131513 0.0141720
190.0000000 110.0000000 0.0029979 -0.0104175 0.0112462
190.0000000 120.0000000 0.0020013 -0.0046051 0.0046692
190.0000000 130.0000000 0.0022976 -0.0070130 0.0077385
190.0000000 140.0000000 0.0027626 -0.0098223 0.0106008
190.0000000 150.0000000 0.0022543 -0.0063472 0.0066629
190.0000000 160.0000000 0.0020309 -0.0059575 0.0067632
190.0000000 170.0000000 0.0018860 -0.0054906 0.0060463
190.0000000 180.0000000 0.0017978 -0.0043465 0.0048306
190.0000000 190.0000000 0.0016543 -0.0042167 0.0047695
190.0000000 200.0000000 0.0015995 -0.0040004 0.0046534
190.0000000 210.0000000 0.0013188 -0.0022896 0.0026146
190.0000000 220.0000000 0.0014121 -0.0032601 0.0039677
190.0000000 230.0000000 0.0014552 -0.0033937 0.0042058
190.0000000 240.0000000 0.0013878 -0.0031388 0.0039397
190.0000000 250.0000000 0.0014879 -0.0037175 0.0045244
190.0000000 260.0000000 0.0013754 -0.0035674 0.0045401
190.0000000 270.0000000 0.0013575 -0.0033748 0.0045863
190.0000000 280.0000000 0.0015383 -0.0042018 0.0055267
190.0000000 290.0000000 0.0016982 -0.0051028 0.0065343
190.0000000 300.0000000 0.0017147 -0.0053623 0.0069123
190.0000000 310.0000000 0.0013474 -0.0037668 0.0052583
190.0000000 320.0000000 0.0017682 -0.0058917 0.0076245
190.0000000 330.0000000 0.0014019 -0.0031641 0.0039306
190.0000000 340.0000000 0.0008932 -0.0001009 0.0001160
190.0000000 350.0000000 0.0004932 0.0025139 -0.0032053
190.0000000 360.0000000 0.0007855 -0.0000149 0.0003560
190.0000000 370.0000000 0.0011290 -0.0020040 0.0022880
190.0000000 380.0000000 0.0009270 0.0001349 -0.0000176
190.0000000 390.0000000 0.0010514 -0.0002472 0.0005016
190.0000000 400.0000000 0.0013112 -0.0028109 0.0034808
190.0000000 410.0000000 0.0017576 -0.0053818 0.0062919
190.0000000 420.0000000 0.0020421 -0.0071401 0.0082177
190.0000000 430.0000000 0.0017546 -0.0053318 0.0061465
190.0000000 440.0000000 0.0022595 -0.0082835 0.0098701
200.0000000 10.0000000 0.0038147 -0.0123532 0.0124102
200.0000000 20.0000000 0.0041430 -0.0165515 0.0172825
200.0000000 30.0000000 0.0035736 -0.0136868 0.0146015
200.0000000 40.0000000 0.0037763 -0.0139165 0.0145143
200.0000000 50.0000000 0.0034635 -0.0140791 0.0154148
200.0000000 60.0000000 0.0037887 -0.0151628 0.0160495
200.0000000 70.0000000 0.0034430 -0.0136340 0.0140970
200.0000000 80.0000000 0.0036922 -0.0147623 0.0156835
200.0000000 90.0000000 0.0028060 -0.0083284 0.0081606
200.0000000 100.0000000 0.0030838 -0.0110888 0.0120998
200.0000000 110.0000000 0.0027987 -0.0085273 0.0086050
200.0000000 120.0000000 0.0022657 -0.0063998 0.0068711
200.0000000 130.0000000 0.0023286 -0.0066899 0.0073180
200.0000000 140.0000000 0.0028864 -0.0098070 0.0103393
200.0000000 150.0000000 0.0019687 -0.0052908 0.0057584
200.0000000 160.0000000 0.0017988 -0.0042311 0.0044725
200.0000000 170.0000000 0.0018245 -0.0046207 0.0051341
200.0000000 180.0000000 0.0017826 -0.0046383 0.0051754
200.0000000 190.0000000 0.0014547 -0.0027867 0.0032063
200.0000000 200.0000000 0.0016594 -0.0042373 0.0049298
200.0000000 210.0000000 0.0014132 -0.0037130 0.0044638
200.0000000 220.0000000 0.0013750 -0.0033246 0.0041402
200.0000000 230.0000000 0.0014958 -0.0034390 0.0040873
200.0000000 240.0000000 0.0016738 -0.0047565 0.0060077
200.0000000 250.0000000 0.0015853 -0.0045025 0.0056984
200.0000000 260.0000000 0.0013380 -0.0033503 0.0044990
200.0000000 270.0000000 0.0011625 -0.0022460 0.0032332
200.0000000 280.0000000 0.0013385 -0.0030069 0.0042017
200.0000000 290.0000000 0.0013463 -0.0035900 0.0048797
200.0000000 300.0000000 0.0013570 -0.0031685 0.0043171
200.0000000 310.0000000 0.0019049 -0.0061195 0.0078708
200.0000000 320.0000000 0.0010203 -0.0012244 0.0018484
200.0000000 330.0000000 0.0011173 -0.0014790 0.0018431
200.0000000 340.0000000 0.0007524 0.0005833 -0.0008206
200.0000000 350.0000000 0.0008604 0.0004673 -0.0006092
200.0000000 360.0000000 0.0009274 -0.0002009 0.0004179
200.0000000 370.0000000 0.0009734 -0.0006319 0.0007555
200.0000000 380.0000000 0.0008210 0.0005736 -0.0004958
200.0000000 390.0000000 0.0009505 -0.0002120 0.0006434
200.0000000 400.0000000 0.0012736 -0.0025950 0.0033800
200.0000000 410.0000000 0.0018896 -0.0058253 0.0068724
200.0000000 420.0000000 0.0021598 -0.0077569 0.0089664
200.0000000 430.0000000 0.0018816 -0.0056306 0.0066118
200.0000000 440.0000000 0.0025566 -0.0102382 0.0132276
210.0000000 10.0000000 0.0054482 -0.0226223 0.0236468
210.0000000 20.0000000 0.0046070 -0.0187000 0.0194334
210.0000000 30.0000000 0.0054119 -0.0227853 0.0241335
210.0000000 40.0000000 0.0051972 -0.0239875 0.0264877
210.0000000 50.0000000 0.0043944 -0.0176234 0.0186997
210.0000000 60.0000000 0.0030746 -0.0116015 0.0123131
210.0000000 70.0000000 0.0034460 -0.0127637 0.0131264
210.0000000 80.0000000 0.0034830 -0.0130300 0.0134660
210.0000000 90.0000000 0.0026931 -0.0078821 0.0077640
210.0000000 100.0000000 0.0024436 -0.0061729 0.0057012
210.0000000 110.0000000 0.0022695 -0.0056854 0.0055985
210.0000000 120.0000000 0.0027529 -0.0086680 0.0092725
210.0000000 130.0000000 0.0031406 -0.0116108 0.0127199
210.0000000 140.0000000 0.0019575 -0.0060188 0.0070518
210.0000000 150.0000000 0.0025482 -0.0082586 0.0086014
210.0000000 160.0000000 0.0020726 -0.0059887 0.0065382
210.0000000 170.0000000 0.0019411 -0.0053393 0.0061133
210.0000000 180.0000000 0.0017722 -0.0039884 0.0045149
210.0000000 190.0000000 0.0018088 -0.0049269 0.0057763
210.0000000 200.0000000 0.0019715 -0.0054908 0.0062421
210.0000000 210.0000000 0.0016176 -0.0041331 0.0049905
210.0000000 220.0000000 0.0014783 -0.0032235 0.0037379
210.0000000 230.0000000 0.0012942 -0.0022509 0.0026913
210.0000000 240.0000000 0.0016707 -0.0048351 0.0062554
210.0000000 250.0000000 0.0013695 -0.0033218 0.0045124
210.0000000 260.0000000 0.0015286 -0.0038248 0.0048889
210.0000000 270.0000000 0.0018982 -0.0062598 0.0081356
210.0000000 280.0000000 0.0014127 -0.0036711 0.0050900
210.0000000 290.0000000 0.0014064 -0.0033775 0.0045977
210.0000000 300.0000000 0.0014979 -0.0039933 0.0055587
210.0000000 310.0000000 0.0020587 -0.0072303 0.0093263
210.0000000 320.0000000 0.0014741 -0.0041047 0.0055546
210.0000000 330.0000000 0.0012022 -0.0018059 0.0022018
210.0000000 340.0000000 0.0008935 -0.0001303 0.0001485
210.0000000 350.0000000 0.0008863 0.0003479 -0.0007026
210.0000000 360.0000000 0.0007207 0.0000844 0.0002998
210.0000000 370.0000000 0.0009295 -0.0005602 0.0009156
210.0000000 380.0000000 0.0012687 -0.0015792 0.0018403
210.0000000 390.0000000 0.0007651 0.0009811 -0.0010725
210.0000000 400.0000000 0.0013278 -0.0031859 0.0038195
210.0000000 410.0000000 0.0017189 -0.0053320 0.0063770
210.0000000 420.0000000 0.0023130 -0.0084595 0.0096142
210.0000000 430.0000000 0.0014860 -0.0030636 0.0034567
210.0000000 440.0000000 0.0037432 -0.0162077 0.0203077
220.0000000 10.0000000 0.0064323 -0.0274822 0.0283388
220.0000000 20.0000000 0.0050173 -0.0196177 0.0200136
220.0000000 30.0000000 0.0041019 -0.0170421 0.0186962
220.0000000 40.0000000 0.0045176 -0.0190934 0.0206211
220.0000000 50.0000000 0.0048645 -0.0208265 0.0218811
220.0000000 60.0000000 0.0036680 -0.0159643 0.0176504
220.0000000 70.0000000 0.0042561 -0.0187001 0.0201895
220.0000000 80.0000000 0.0039777 -0.0172133 0.0190060
220.0000000 90.0000000 0.0029593 -0.0095103 0.0095307
220.0000000 100.0000000 0.0023214 -0.0075564 0.0082035
220.0000000 110.0000000 0.0023005 -0.0060212 0.0061637
220.0000000 120.0000000 0.0024265 -0.0070722 0.0076782
220.0000000 130.0000000 0.0021256 -0.0063573 0.0071611
220.0000000 140.0000000 0.0021773 -0.0054833 0.0060165
220.0000000 150.0000000 0.0023965 -0.0072933 0.0077810
220.0000000 160.0000000 0.0016705 -0.0035064 0.0036837
220.0000000 170.0000000 0.0020532 -0.0062006 0.0069060
220.0000000 180.0000000 0.0018690 -0.0049313 0.0053562
220.0000000 190.0000000 0.0017975 -0.0049436 0.0055511
220.0000000 200.0000000 0.0018296 -0.0055103 0.0062298
220.0000000 210.0000000 0.0013947 -0.0027948 0.0033432
220.0000000 220.0000000 0.0016608 -0.0040600 0.0049132
220.0000000 230.0000000 0.0015611 -0.0033732 0.0037162
220.0000000 240.0000000 0.0015345 -0.0038982 0.0051068
220.0000000 250.0000000 0.0013496 -0.0030085 0.0040611
220.0000000 260.0000000 0.0014196 -0.0032530 0.0043248
220.0000000 270.0000000 0.0016506 -0.0054886 0.0071752
220.0000000 280.0000000 0.0015352 -0.0042762 0.0055720
220.0000000 290.0000000 0.0015048 -0.0036068 0.0046933
220.0000000 300.0000000 0.0017974 -0.0059229 0.0078405
220.0000000 310.0000000 0.0017386 -0.0054543 0.0068613
220.0000000 320.0000000 0.0022843 -0.0084643 0.0106598
220.0000000 330.0000000 0.0012339 -0.0019483 0.0024226
220.0000000 340.0000000 0.0010178 -0.0000220 -0.0004651
220.0000000 350.0000000 0.0006951 0.0012376 -0.0013839
220.0000000 360.0000000 0.0009377 -0.0007588 0.0011370
220.0000000 370.0000000 0.0013747 -0.0025037 0.0026315
220.0000000 380.0000000 0.0012387 -0.0014740 0.0017622
220.0000000 390.0000000 0.0007164 0.0012927 -0.0011422
220.0000000 400.0000000 0.0019462 -0.0059616 0.0066280
220.0000000 410.0000000 0.0020236 -0.0068776 0.0080078
220.0000000 420.0000000 0.0018401 -0.0056647 0.0064752
220.0000000 430.0000000 0.0020768 -0.0066202 0.0074000
220.0000000 440.0000000 0.0024565 -0.0091584 0.0111673
230.0000000 10.0000000 0.0053415 -0.0202667 0.0199557
230.0000000 20.0000000 0.0044685 -0.0178535 0.0183608
230.0000000 30.0000000 0.0061870 -0.0283979 0.0312396
230.0000000 40.0000000 0.0046809 -0.0199964 0.0216294
230.0000000 50.0000000 0.0046965 -0.0202702 0.0221625
230.0000000 60.0000000 0.0030307 -0.0106972 0.0112995
230.0000000 70.0000000 0.0033641 -0.0121764 0.0126383
230.0000000 80.0000000 0.0028682 -0.0107463 0.0119238
230.0000000 90.0000000 0.0041401 -0.0166665 0.0171521
230.0000000 100.0000000 0.0032159 -0.0120419 0.0132346
230.0000000 110.0000000 0.0024987 -0.0079673 0.0083797
230.0000000 120.0000000 0.0033971 -0.0132408 0.0151851
230.0000000 130.0000000 0.0025078 -0.0081872 0.0092290
230.0000000 140.0000000 0.0019849 -0.0050633 0.0059732
230.0000000 150.0000000 0.0022569 -0.0066165 0.0073579
230.0000000 160.0000000 0.0017262 -0.0038831 0.0044648
230.0000000 170.0000000 0.0016334 -0.0026727 0.0028325
230.0000000 180.0000000 0.0016556 -0.0034444 0.0037423
230.0000000 190.0000000 0.0018750 -0.0050197 0.0053106
230.0000000 200.0000000 0.0016697 -0.0039848 0.0042222
230.0000000 210.0000000 0.0012725 -0.0021635 0.0025551
230.0000000 220.0000000 0.0009693 0.0003126 -0.0002774
230.0000000 230.0000000 0.0015761 -0.0032429 0.0036466
230.0000000 240.0000000 0.0019808 -0.0060876 0.0074204
230.0000000 250.0000000 0.0013343 -0.0029012 0.0038408
230.0000000 260.0000000 0.0016038 -0.0044084 0.0056414
230.0000000 270.0000000 0.0012697 -0.0020269 0.0026406
230.0000000 280.0000000 0.0014208 -0.0032956 0.0043285
230.0000000 290.0000000 0.0015471 -0.0038180 0.0048880
230.0000000 300.0000000 0.0015179 -0.0038476 0.0050609
230.0000000 310.0000000 0.0017593 -0.0055604 0.0072075
230.0000000 320.0000000 0.0019911 -0.0062512 0.0073049
230.0000000 330.0000000 0.0015373 -0.0031482 0.0035754
230.0000000 340.0000000 0.0009948 -0.0000121 -0.0001768
230.0000000 350.0000000 0.0008640 0.0000556 -0.0000196
230.0000000 360.0000000 0.0013340 -0.0027357 0.0031672
230.0000000 370.0000000 0.0009738 -0.0008616 0.0011349
230.0000000 380.0000000 0.0014780 -0.0036180 0.0041103
230.0000000 390.0000000 0.0009890 -0.0000298 0.0001124
230.0000000 400.0000000 0.0015796 -0.0043958 0.0050119
230.0000000 410.0000000 0.0016104 -0.0042994 0.0049785
230.0000000 420.0000000 0.0016744 -0.0049921 0.0058134
230.0000000 430.0000000 0.0015893 -0.0044681 0.0052428
230.0000000 440.0000000 0.0026778 -0.0111102 0.0145027
240.0000000 10.0000000 0.0039478 -0.0142184 0.0145151
240.0000000 20.0000000 0.0052575 -0.0227646 0.0247123
240.0000000 30.0000000 0.0042865 -0.0163279 0.0171196
240.0000000 40.0000000 0.0036294 -0.0127635 0.0136830
240.0000000 50.0000000 0.0038640 -0.0157658 0.0174067
240.0000000 60.0000000 0.0031763 -0.0116512 0.0122848
240.0000000 70.0000000 0.0032249 -0.0129413 0.0142248
240.0000000 80.0000000 0.0028779 -0.0106048 0.0114557
240.0000000 90.0000000 0.0031060 -0.0112291 0.0118061
240.0000000 100.0000000 0.0026145 -0.0092467 0.0101854
240.0000000 110.0000000 0.0020503 -0.0055299 0.0055307
240.0000000 120.0000000 0.0025351 -0.0087211 0.0099721
240.0000000 130.0000000 0.0034802 -0.0144173 0.0162251
240.0000000 140.0000000 0.0028561 -0.0111170 0.0130466
240.0000000 150.0000000 0.0027735 -0.0099705 0.0110942
240.0000000 160.0000000 0.0018670 -0.0057009 0.0065659
240.0000000 170.0000000 0.0028329 -0.0098682 0.0109163
240.0000000 180.0000000 0.0021144 -0.0067272 0.0076129
240.0000000 190.0000000 0.0021073 -0.0063007 0.0068746
240.0000000 200.0000000 0.0026586 -0.0096591 0.0104844
240.0000000 210.0000000 0.0019149 -0.0057072 0.0064448
240.0000000 220.0000000 0.0018693 -0.0057975 0.0065380
240.0000000 230.0000000 0.0019436 -0.0060369 0.0068764
240.0000000 240.0000000 0.0018317 -0.0057293 0.0067178
240.0000000 250.0000000 0.0018845 -0.0054717 0.0063760
240.0000000 260.0000000 0.0016745 -0.0049168 0.0058370
240.0000000 270.0000000 0.0016239 -0.0044956 0.0057085
240.0000000 280.0000000 0.0016925 -0.0048797 0.0062506
240.0000000 290.0000000 0.0016829 -0.0047010 0.0056607
240.0000000 300.0000000 0.0014205 -0.0032523 0.0039026
240.0000000 310.0000000 0.0019951 -0.0063002 0.0073850
240.0000000 320.0000000 0.0021540 -0.0077282 0.0089077
240.0000000 330.0000000 0.0013322 -0.0025238 0.0029813
240.0000000 340.0000000 0.0011800 -0.0012198 0.0010577
240.0000000 350.0000000 0.0010777 -0.0008546 0.0006904
240.0000000 360.0000000 0.0010040 -0.0010121 0.0014706
240.0000000 370.0000000 0.0010822 -0.0013494 0.0016888
240.0000000 380.0000000 0.0011360 -0.0018055 0.0021846
240.0000000 390.0000000 0.0012166 -0.0021801 0.0028036
240.0000000 400.0000000 0.0015215 -0.0038327 0.0042467
240.0000000 410.0000000 0.0019025 -0.0055051 0.0060571
240.0000000 420.0000000 0.0027462 -0.0105377 0.0117212
240.0000000 430.0000000 0.0019310 -0.0063786 0.0080019
240.0000000 440.0000000 0.0027898 -0.0104485 0.0124821
250.0000000 10.0000000 0.0050637 -0.0197393 0.0198277
250.0000000 20.0000000 0.0054295 -0.0217653 0.0230625
250.0000000 30.0000000 0.0047713 -0.0188131 0.0201261
250.0000000 40.0000000 0.0036805 -0.0129652 0.0142059
250.0000000 50.0000000 0.0041481 -0.0172746 0.0189445
250.0000000 60.0000000 0.0036793 -0.0145257 0.0159161
250.0000000 70.0000000 0.0032529 -0.0114813 0.0125623
250.0000000 80.0000000 0.0041302 -0.0185076 0.0208548
250.0000000 90.0000000 0.0025412 -0.0085424 0.0097322
250.0000000 100.0000000 0.0030311 -0.0113299 0.0131412
250.0000000 110.0000000 0.0024345 -0.0076754 0.0088689
250.0000000 120.0000000 0.0030854 -0.0123773 0.0140154
250.0000000 130.0000000 0.0023692 -0.0076978 0.0087273
250.0000000 140.0000000 0.0039624 -0.0175172 0.0193876
250.0000000 150.0000000 0.0037768 -0.0162121 0.0180046
250.0000000 160.0000000 0.0036519 -0.0147263 0.0165114
250.0000000 170.0000000 0.0022923 -0.0076629 0.0082902
250.0000000 180.0000000 0.0026978 -0.0092836 0.0099909
250.0000000 190.0000000 0.0025381 -0.0089406 0.0096704
250.0000000 200.0000000 0.0024943 -0.0089444 0.0098019
250.0000000 210.0000000 0.0030965 -0.0124307 0.0136220
250.0000000 220.0000000 0.0024719 -0.0090504 0.0101887
250.0000000 230.0000000 0.0021850 -0.0071849 0.0078955
250.0000000 240.0000000 0.0021194 -0.0070465 0.0078642
250.0000000 250.0000000 0.0019199 -0.0052641 0.0058998
250.0000000 260.0000000 0.0020744 -0.0071134 0.0079438
250.0000000 270.0000000 0.0029245 -0.0120026 0.0134003
250.0000000 280.0000000 0.0022111 -0.0078563 0.0088916
250.0000000 290.0000000 0.0013078 -0.0028919 0.0035742
250.0000000 300.0000000 0.0020503 -0.0070566 0.0080131
250.0000000 310.0000000 0.0023323 -0.0087083 0.0097905
250.0000000 320.0000000 0.0016975 -0.0053209 0.0060141
250.0000000 330.0000000 0.0012574 -0.0023569 0.0028809
250.0000000 340.0000000 0.0011412 -0.0015478 0.0015385
250.0000000 350.0000000 0.0007021 0.0004470 -0.0002061
250.0000000 360.0000000 0.0012810 -0.0028938 0.0033835
250.0000000 370.0000000 0.0016434 -0.0047588 0.0052410
250.0000000 380.0000000 0.0012157 -0.0018987 0.0021339
250.0000000 390.0000000 0.0015731 -0.0035485 0.0036751
250.0000000 400.0000000 0.0016049 -0.0039014 0.0041971
250.0000000 410.0000000 0.0019321 -0.0054742 0.0059972
250.0000000 420.0000000 0.0019697 -0.0060617 0.0068619
250.0000000 430.0000000 0.0022425 -0.0072338 0.0082688
250.0000000 440.0000000 0.0043843 -0.0205774 0.0248591
260.0000000 10.0000000 0.0055394 -0.0229361 0.0234898
260.0000000 20.0000000 0.0052864 -0.0212342 0.0211607
260.0000000 30.0000000 0.0059497 -0.0270208 0.0293037
260.0000000 40.0000000 0.0040325 -0.0137228 0.0130693
260.0000000 50.0000000 0.0041999 -0.0169990 0.0180489
260.0000000 60.0000000 0.0038082 -0.0136434 0.0139141
260.0000000 70.0000000 0.0035050 -0.0144594 0.0158265
260.0000000 80.0000000 0.0039441 -0.0170747 0.0188146
260.0000000 90.0000000 0.0030271 -0.0110929 0.0117292
260.0000000 100.0000000 0.0026160 -0.0093114 0.0099903
260.0000000 110.0000000 0.0032628 -0.0112400 0.0117726
260.0000000 120.0000000 0.0035948 -0.0150595 0.0163864
260.0000000 130.0000000 0.0023257 -0.0059401 0.0052974
260.0000000 140.0000000 0.0025840 -0.0084661 0.0090073
260.0000000 150.0000000 0.0026631 -0.0082854 0.0082519
260.0000000 160.0000000 0.0019193 -0.0044473 0.0040787
260.0000000 170.0000000 0.0020280 -0.0040110 0.0029687
260.0000000 180.0000000 0.0020259 -0.0056879 0.0057374
260.0000000 190.0000000 0.0022936 -0.0065276 0.0060834
260.0000000 200.0000000 0.0014656 -0.0012552 -0.0000042
260.0000000 210.0000000 0.0011793 -0.0011431 0.0006559
260.0000000 220.0000000 0.0018816 -0.0050381 0.0048039
260.0000000 230.0000000 0.0012206 -0.0010193 0.0005800
260.0000000 240.0000000 0.0018196 -0.0045557 0.0042552
260.0000000 250.0000000 0.0010659 -0.0003249 0.0000681
260.0000000 260.0000000 0.0015241 -0.0028701 0.0028468
260.0000000 270.0000000 0.0017935 -0.0038970 0.0032046
260.0000000 280.0000000 0.0010925 -0.0006734 0.0003938
260.0000000 290.0000000 0.0011547 -0.0010191 0.0007733
260.0000000 300.0000000 0.0012551 -0.0015332 0.0015122
260.0000000 310.0000000 0.0013458 -0.0017346 0.0014600
260.0000000 320.0000000 0.0009379 0.0001001 -0.0004018
260.0000000 330.0000000 0.0008786 0.0006867 -0.0011401
260.0000000 340.0000000 0.0011367 0.0002641 -0.0012201
260.0000000 350.0000000 0.0008697 0.0006112 -0.0010658
260.0000000 360.0000000 0.0011439 -0.0017437 0.0019857
260.0000000 370.0000000 0.0011510 -0.0014120 0.0017167
260.0000000 380.0000000 0.0012314 -0.0025230 0.0027251
260.0000000 390.0000000 0.0016769 -0.0042613 0.0044531
260.0000000 400.0000000 0.0019384 -0.0057411 0.0061702
260.0000000 410.0000000 0.0021480 -0.0066245 0.0070846
260.0000000 420.0000000 0.0027063 -0.0098267 0.0107508
260.0000000 430.0000000 0.0020570 -0.0059966 0.0070577
260.0000000 440.0000000 0.0043963 -0.0201799 0.0240064
270.0000000 10.0000000 0.0042821 -0.0148760 0.0146402
270.0000000 20.0000000 0.0023499 -0.0042096 0.0030977
270.0000000 30.0000000 0.0033411 -0.0097829 0.0095022
270.0000000 40.0000000 0.0044649 -0.0172161 0.0181749
270.0000000 50.0000000 0.0039942 -0.0159544 0.0165855
270.0000000 60.0000000 0.0044370 -0.0199425 0.0220106
270.0000000 70.0000000 0.0040986 -0.0172408 0.0186651
270.0000000 80.0000000 0.0045028 -0.0189192 0.0206228
270.0000000 90.0000000 0.0043448 -0.0183974 0.0201223
270.0000000 100.0000000 0.0027319 -0.0099403 0.0111605
270.0000000 110.0000000 0.0041634 -0.0173827 0.0187879
270.0000000 120.0000000 0.0021864 -0.0073007 0.0085743
270.0000000 130.0000000 0.0030951 -0.0120750 0.0134866
270.0000000 140.0000000 0.0036655 -0.0158401 0.0178836
270.0000000 150.0000000 0.0036706 -0.0154465 0.0171268
270.0000000 160.0000000 0.0032688 -0.0145148 0.0166484
270.0000000 170.0000000 0.0023987 -0.0096602 0.0113200
270.0000000 180.0000000 0.0022870 -0.0082853 0.0092728
270.0000000 190.0000000 0.0017953 -0.0051682 0.0060113
270.0000000 200.0000000 0.0022326 -0.0081281 0.0098953
270.0000000 210.0000000 0.0022135 -0.0082815 0.0092367
270.0000000 220.0000000 0.0016825 -0.0050079 0.0059395
270.0000000 230.0000000 0.0019073 -0.0064426 0.0077044
270.0000000 240.0000000 0.0020195 -0.0069947 0.0081115
270.0000000 250.0000000 0.0017479 -0.0055584 0.0069723
270.0000000 260.0000000 0.0019612 -0.0066922 0.0077830
270.0000000 270.0000000 0.0017178 -0.0057657 0.0068920
270.0000000 280.0000000 0.0019664 -0.0066337 0.0077761
270.0000000 290.0000000 0.0021362 -0.0079621 0.0090429
270.0000000 300.0000000 0.0018141 -0.0064876 0.0078707
270.0000000 310.0000000 0.0025002 -0.0097341 0.0109749
270.0000000 320.0000000 0.0019820 -0.0071537 0.0084331
270.0000000 330.0000000 0.0026558 -0.0111195 0.0125972
270.0000000 340.0000000 0.0031641 -0.0137770 0.0153879
270.0000000 350.0000000 0.0019911 -0.0067244 0.0075242
270.0000000 360.0000000 0.0017947 -0.0055773 0.0063056
270.0000000 370.0000000 0.0012752 -0.0021578 0.0021846
270.0000000 380.0000000 0.0021222 -0.0060206 0.0061073
270.0000000 390.0000000 0.0021121 -0.0062331 0.0061669
270.0000000 400.0000000 0.0020194 -0.0062042 0.0064897
270.0000000 410.0000000 0.0020549 -0.0065568 0.0068622
270.0000000 420.0000000 0.0022503 -0.0071152 0.0075905
270.0000000 430.0000000 0.0024766 -0.0091958 0.0108654
270.0000000 440.0000000 0.0054762 -0.0264776 0.0311974
280.0000000 10.0000000 0.0041717 -0.0111225 0.0087834
280.0000000 20.0000000 0.0048064 -0.0156442 0.0137091
280.0000000 30.0000000 0.0039103 -0.0132477 0.0129003
280.0000000 40.0000000 0.0040915 -0.0152377 0.0153884
280.0000000 50.0000000 0.0040321 -0.0140653 0.0136396
280.0000000 60.0000000 0.0034138 -0.0112446 0.0107849
280.0000000 70.0000000 0.0029965 -0.0103390 0.0104647
280.0000000 80.0000000 0.0027126 -0.0081198 0.0081937
280.0000000 90.0000000 0.0042973 -0.0166583 0.0165968
280.0000000 100.0000000 0.0039336 -0.0150706 0.0148355
280.0000000 110.0000000 0.0024119 -0.0065572 0.0064173
280.0000000 120.0000000 0.0025948 -0.0084444 0.0085823
280.0000000 130.0000000 0.0023309 -0.0064229 0.0062221
280.0000000 140.0000000 0.0025066 -0.0084487 0.0091630
280.0000000 150.0000000 0.0024799 -0.0095130 0.0106095
280.0000000 160.0000000 0.0023618 -0.0075334 0.0078064
280.0000000 170.0000000 0.0021226 -0.0071587 0.0080971
280.0000000 180.0000000 0.0023132 -0.0087032 0.0094161
280.0000000 190.0000000 0.0019474 -0.0057239 0.0058327
280.0000000 200.0000000 0.0022187 -0.0076744 0.0081591
280.0000000 210.0000000 0.0016166 -0.0045777 0.0049046
280.0000000 220.0000000 0.0015617 -0.0041134 0.0043129
280.0000000 230.0000000 0.0014741 -0.0038626 0.0042536
280.0000000 240.0000000 0.0011877 -0.0021465 0.0023657
280.0000000 250.0000000 0.0017489 -0.0056433 0.0063797
280.0000000 260.0000000 0.0019260 -0.0063627 0.0070483
280.0000000 270.0000000 0.0013558 -0.0028870 0.0029846
280.0000000 280.0000000 0.0012881 -0.0029503 0.0032895
280.0000000 290.0000000 0.0015206 -0.0037791 0.0043412
280.0000000 300.0000000 0.0011969 -0.0020829 0.0022211
280.0000000 310.0000000 0.0017486 -0.0047315 0.0047143
280.0000000 320.0000000 0.0015285 -0.0033363 0.0033959
280.0000000 330.0000000 0.0016304 -0.0036098 0.0038614
280.0000000 340.0000000 0.0011824 -0.0018378 0.0021323
280.0000000 350.0000000 0.0010897 -0.0009878 0.0007729
280.0000000 360.0000000 0.0019359 -0.0046465 0.0042216
280.0000000 370.0000000 0.0022299 -0.0072554 0.0074097
280.0000000 380.0000000 0.0016811 -0.0039889 0.0037638
280.0000000 390.0000000 0.0018682 -0.0050555 0.0050581
280.0000000 400.0000000 0.0017644 -0.0045310 0.0047934
280.0000000 410.0000000 0.0019556 -0.0052705 0.0052786
280.0000000 420.0000000 0.0022755 -0.0072076 0.0076452
280.0000000 430.0000000 0.0036507 -0.0141304 0.0147670
280.0000000 440.0000000 0.0043714 -0.0188657 0.0228649
290.0000000 10.0000000 0.0030890 -0.0066720 0.0047559
290.0000000 20.0000000 0.0040872 -0.0099234 0.0064697
290.0000000 30.0000000 0.0040155 -0.0118362 0.0096075
290.0000000 40.0000000 0.0035175 -0.0107365 0.0101093
290.0000000 50.0000000 0.0047498 -0.0180046 0.0176197
290.0000000 60.0000000 0.0028186 -0.0073692 0.0062118
290.0000000 70.0000000 0.0024038 -0.0032271 0.0006521
290.0000000 80.0000000 0.0024995 -0.0051278 0.0034428
290.0000000 90.0000000 0.0017832 0.0009610 -0.0042100
290.0000000 100.0000000 0.0030769 -0.0091539 0.0079098
290.0000000 110.0000000 0.0022417 -0.0040475 0.0026325
290.0000000 120.0000000 0.0020493 -0.0054415 0.0053727
290.0000000 130.0000000 0.0015241 -0.0011265 0.0000577
290.0000000 140.0000000 0.0023959 -0.0072938 0.0073388
290.0000000 150.0000000 0.0019902 -0.0046798 0.0043582
290.0000000 160.0000000 0.0019046 -0.0035939 0.0027072
290.0000000 170.0000000 0.0019995 -0.0064354 0.0067789
290.0000000 180.0000000 0.0021836 -0.0064462 0.0063770
290.0000000 190.0000000 0.0014402 -0.0026097 0.0023251
290.0000000 200.0000000 0.0018880 -0.0056329 0.0057123
290.0000000 210.0000000 0.0012870 -0.0022100 0.0020183
290.0000000 220.0000000 0.0018781 -0.0060215 0.0064572
290.0000000 230.0000000 0.0015345 -0.0040231 0.0042841
290.0000000 240.0000000 0.0018494 -0.0053063 0.0054976
290.0000000 250.0000000 0.0021262 -0.0067538 0.0072116
290.0000000 260.0000000 0.0019968 -0.0061813 0.0066113
290.0000000 270.0000000 0.0015349 -0.0033022 0.0032946
290.0000000 280.0000000 0.0012250 -0.0012292 0.0008243
290.0000000 290.0000000 0.0012735 -0.0025357 0.0028107
290.0000000 300.0000000 0.0015668 -0.0023177 0.0013429
290.0000000 310.0000000 0.0015076 -0.0035916 0.0034587
290.0000000 320.0000000 0.0012032 -0.0014937 0.0016916
290.0000000 330.0000000 0.0012626 -0.0014469 0.0007396
290.0000000 340.0000000 0.0010212 -0.0000846 -0.0000141
290.0000000 350.0000000 0.0014394 -0.0030025 0.0027856
290.0000000 360.0000000 0.0012877 -0.0011287 0.0001608
290.0000000 370.0000000 0.0013529 -0.0017718 0.0011319
290.0000000 380.0000000 0.0011405 0.0003520 -0.0013980
290.0000000 390.0000000 0.0015075 -0.0021642 0.0013336
290.0000000 400.0000000 0.0021481 -0.0063131 0.0057115
290.0000000 410.0000000 0.0025887 -0.0094176 0.0096684
290.0000000 420.0000000 0.0019136 -0.0044324 0.0040011
290.0000000 430.0000000 0.0016569 -0.0032779 0.0033388
290.0000000 440.0000000 0.0028649 -0.0105314 0.0120755
300.0000000 10.0000000 0.0041887 -0.0135410 0.0121077
300.0000000 20.0000000 0.0035439 -0.0090347 0.0073655
300.0000000 30.0000000 0.0026254 -0.0058945 0.0047826
300.0000000 40.0000000 0.0042004 -0.0151835 0.0148131
300.0000000 50.0000000 0.0038276 -0.0135583 0.0132729
300.0000000 60.0000000 0.0040921 -0.0157441 0.0161024
300.0000000 70.0000000 0.0031158 -0.0111843 0.0121333
300.0000000 80.0000000 0.0033282 -0.0123161 0.0134506
300.0000000 90.0000000 0.0028030 -0.0096298 0.0103070
300.0000000 100.0000000 0.0032450 -0.0125013 0.0136093
300.0000000 110.0000000 0.0022139 -0.0060718 0.0063312
300.0000000 120.0000000 0.0035586 -0.0148004 0.0158648
300.0000000 130.0000000 0.0026120 -0.0097107 0.0101470
300.0000000 140.0000000 0.0031205 -0.0117848 0.0125646
300.0000000 150.0000000 0.0023018 -0.0082141 0.0090596
300.0000000 160.0000000 0.0023965 -0.0092331 0.0105186
300.0000000 170.0000000 0.0026033 -0.0102593 0.0112387
300.0000000 180.0000000 0.0020732 -0.0071266 0.0080228
300.0000000 190.0000000 0.0022400 -0.0084372 0.0092319
300.0000000 200.0000000 0.0025892 -0.0106291 0.0128636
300.0000000 210.0000000 0.0022616 -0.0090228 0.0111294
300.0000000 220.0000000 0.0022498 -0.0078983 0.0097954
300.0000000 230.0000000 0.0019678 -0.0076058 0.0094824
300.0000000 240.0000000 0.0017586 -0.0057555 0.0077872
300.0000000 250.0000000 0.0018468 -0.0064567 0.0080044
300.0000000 260.0000000 0.0015835 -0.0048476 0.0064872
300.0000000 270.0000000 0.0016977 -0.0051659 0.0065016
300.0000000 280.0000000 0.0017410 -0.0056127 0.0059729
300.0000000 290.0000000 0.0016676 -0.0054880 0.0069524
300.0000000 300.0000000 0.0020005 -0.0069055 0.0082574
300.0000000 310.0000000 0.0017148 -0.0053341 0.0066588
300.0000000 320.0000000 0.0016680 -0.0050995 0.0062010
300.0000000 330.0000000 0.0016840 -0.0048712 0.0054235
300.0000000 340.0000000 0.0019133 -0.0062609 0.0074104
300.0000000 350.0000000 0.0017253 -0.0050072 0.0063401
300.0000000 360.0000000 0.0019036 -0.0053958 0.0059170
300.0000000 370.0000000 0.0021378 -0.0072366 0.0083186
300.0000000 380.0000000 0.0021226 -0.0072603 0.0079575
300.0000000 390.0000000 0.0020066 -0.0065137 0.0067650
300.0000000 400.0000000 0.0026984 -0.0095069 0.0096495
300.0000000 410.0000000 0.0023311 -0.0074646 0.0075665
300.0000000 420.0000000 0.0014573 0.0015508 -0.0039763
300.0000000 430.0000000 0.0012415 0.0017853 -0.0038337
300.0000000 440.0000000 0.0014168 0.0018384 -0.0045299
310.0000000 10.0000000 0.0046316 -0.0144161 0.0123056
310.0000000 20.0000000 0.0040012 -0.0117724 0.0099471
310.0000000 30.0000000 0.0034791 -0.0088697 0.0072190
310.0000000 40.0000000 0.0029075 -0.0080045 0.0074356
310.0000000 50.0000000 0.0041599 -0.0152445 0.0159261
310.0000000 60.0000000 0.0036351 -0.0124009 0.0124941
310.0000000 70.0000000 0.0033560 -0.0119880 0.0126549
310.0000000 80.0000000 0.0031709 -0.0116967 0.0124168
310.0000000 90.0000000 0.0032049 -0.0113307 0.0121180
310.0000000 100.0000000 0.0033331 -0.0128125 0.0132164
310.0000000 110.0000000 0.0036986 -0.0154983 0.0165383
310.0000000 120.0000000 0.0025000 -0.0081433 0.0083675
310.0000000 130.0000000 0.0026500 -0.0099443 0.0101558
310.0000000 140.0000000 0.0030640 -0.0119545 0.0125583
310.0000000 150.0000000 0.0030876 -0.0119398 0.0123179
310.0000000 160.0000000 0.0024204 -0.0094226 0.0102947
310.0000000 170.0000000 0.0032324 -0.0140110 0.0156452
310.0000000 180.0000000 0.0035711 -0.0161741 0.0195712
310.0000000 190.0000000 0.0027966 -0.0121109 0.0151613
310.0000000 200.0000000 0.0026159 -0.0113455 0.0138660
310.0000000 210.0000000 0.0026574 -0.0111491 0.0135308
310.0000000 220.0000000 0.0018279 -0.0062300 0.0079476
310.0000000 230.0000000 0.0026529 -0.0110591 0.0126695
310.0000000 240.0000000 0.0023331 -0.0092316 0.0109035
310.0000000 250.0000000 0.0023661 -0.0090433 0.0100976
310.0000000 260.0000000 0.0026885 -0.0111088 0.0131322
310.0000000 270.0000000 0.0020531 -0.0075453 0.0090655
310.0000000 280.0000000 0.0019343 -0.0067879 0.0079468
310.0000000 290.0000000 0.0024902 -0.0104829 0.0122197
310.0000000 300.0000000 0.0020475 -0.0077265 0.0091711
310.0000000 310.0000000 0.0024020 -0.0092657 0.0102626
310.0000000 320.0000000 0.0023183 -0.0092665 0.0107171
310.0000000 330.0000000 0.0022443 -0.0086018 0.0100957
310.0000000 340.0000000 0.0028106 -0.0113080 0.0128179
310.0000000 350.0000000 0.0021355 -0.0081221 0.0093358
310.0000000 360.0000000 0.0019682 -0.0066014 0.0075039
310.0000000 370.0000000 0.0024557 -0.0088437 0.0098406
310.0000000 380.0000000 0.0023163 -0.0080239 0.0092293
310.0000000 390.0000000 0.0028716 -0.0112639 0.0120315
310.0000000 400.0000000 0.0027361 -0.0095926 0.0094375
310.0000000 410.0000000 0.0015793 -0.0034614 0.0034856
310.0000000 420.0000000 0.0011626 0.0012230 -0.0024826
310.0000000 430.0000000 0.0010785 0.0028429 -0.0052548
310.0000000 440.0000000 0.0006095 0.0060729 -0.0089061
320.0000000 10.0000000 0.0033027 -0.0077488 0.0050961
320.0000000 20.0000000 0.0038822 -0.0123701 0.0115686
320.0000000 30.0000000 0.0032357 -0.0081490 0.0068322
320.0000000 40.0000000 0.0034750 -0.0114009 0.0108677
320.0000000 50.0000000 0.0026681 -0.0065679 0.0063227
320.0000000 60.0000000 0.0031913 -0.0087280 0.0081651
320.0000000 70.0000000 0.0024857 -0.0062881 0.0062654
320.0000000 80.0000000 0.0056678 -0.0271179 0.0299748
320.0000000 90.0000000 0.0039991 -0.0133073 0.0136377
320.0000000 100.0000000 0.0034900 -0.0110492 0.0117034
320.0000000 110.0000000 0.0023215 -0.0062866 0.0065670
320.0000000 120.0000000 0.0027032 -0.0090213 0.0090321
320.0000000 130.0000000 0.0019795 -0.0053814 0.0057803
320.0000000 140.0000000 0.0018468 -0.0049775 0.0053421
320.0000000 150.0000000 0.0048822 -0.0224878 0.0249206
320.0000000 160.0000000 0.0017852 -0.0042463 0.0049074
320.0000000 170.0000000 0.0020970 -0.0062268 0.0070325
320.0000000 180.0000000 0.0043640 -0.0201322 0.0225921
320.0000000 190.0000000 0.0024451 -0.0087308 0.0100305
320.0000000 200.0000000 0.0039500 -0.0184325 0.0204101
320.0000000 210.0000000 0.0024088 -0.0089122 0.0095905
320.0000000 220.0000000 0.0024586 -0.0094886 0.0104422
320.0000000 230.0000000 0.0014647 -0.0031338 0.0032647
320.0000000 240.0000000 0.0043721 -0.0200293 0.0216652
320.0000000 250.0000000 0.0015827 -0.0037697 0.0038188
320.0000000 260.0000000 0.0017834 -0.0055190 0.0059159
320.0000000 270.0000000 0.0019160 -0.0061891 0.0063698
320.0000000 280.0000000 0.0032564 -0.0143535 0.0154456
320.0000000 290.0000000 0.0025442 -0.0092803 0.0093965
320.0000000 300.0000000 0.0039286 -0.0180417 0.0195167
320.0000000 310.0000000 0.0021975 -0.0071763 0.0072968
320.0000000 320.0000000 0.0020258 -0.0064335 0.0064553
320.0000000 330.0000000 0.0030547 -0.0126922 0.0136917
320.0000000 340.0000000 0.0032412 -0.0142691 0.0153461
320.0000000 350.0000000 0.0024503 -0.0087068 0.0090598
320.0000000 360.0000000 0.0033403 -0.0137724 0.0144365
320.0000000 370.0000000 0.0014610 -0.0033749 0.0033020
320.0000000 380.0000000 0.0046528 -0.0209654 0.0225963
320.0000000 390.0000000 0.0047807 -0.0214868 0.0229951
320.0000000 400.0000000 0.0040558 -0.0178832 0.0196178
320.0000000 410.0000000 0.0011136 0.0012234 -0.0020770
320.0000000 420.0000000 0.0016983 -0.0018991 0.0008506
320.0000000 430.0000000 0.0015712 -0.0001906 -0.0010621
320.0000000 440.0000000 0.0028048 -0.0051596 0.0033819
330.0000000 10.0000000 0.0026454 -0.0010867 -0.0016823
330.0000000 20.0000000 0.0021613 -0.0009106 -0.0012691
330.0000000 30.0000000 0.0011835 0.0032385 -0.0043834
330.0000000 40.0000000 0.0026694 -0.0058021 0.0047870
330.0000000 50.0000000 0.0031182 -0.0073694 0.0058518
330.0000000 60.0000000 0.0028249 -0.0074795 0.0068096
330.0000000 70.0000000 0.0025038 -0.0055457 0.0049146
330.0000000 80.0000000 0.0050585 -0.0207231 0.0226556
330.0000000 90.0000000 0.0019760 -0.0024334 0.0020377
330.0000000 100.0000000 0.0033110 -0.0104284 0.0101394
330.0000000 110.0000000 0.0015956 -0.0012854 0.0006534
330.0000000 120.0000000 0.0029458 -0.0088427 0.0083054
330.0000000 130.0000000 0.0019796 -0.0043069 0.0042940
330.0000000 140.0000000 0.0025865 -0.0082741 0.0078596
330.0000000 150.0000000 0.0016292 -0.0023477 0.0017559
330.0000000 160.0000000 0.0026904 -0.0101200 0.0103645
330.0000000 170.0000000 0.0023560 -0.0074312 0.0076169
330.0000000 180.0000000 0.0012200 -0.0015892 0.0018611
330.0000000 190.0000000 0.0018148 -0.0044984 0.0046107
330.0000000 200.0000000 0.0015286 -0.0031602 0.0032073
330.0000000 210.0000000 0.0017112 -0.0044113 0.0043188
330.0000000 220.0000000 0.0019752 -0.0061794 0.0061300
330.0000000 230.0000000 0.0022496 -0.0073790 0.0074348
330.0000000 240.0000000 0.0016449 -0.0042131 0.0039984
330.0000000 250.0000000 0.0022215 -0.0075680 0.0078835
330.0000000 260.0000000 0.0018660 -0.0057082 0.0063262
330.0000000 270.0000000 0.0013958 -0.0028785 0.0032556
330.0000000 280.0000000 0.0011593 -0.0014394 0.0019892
330.0000000 290.0000000 0.0022944 -0.0085351 0.0094188
330.0000000 300.0000000 0.0027658 -0.0097500 0.0102448
330.0000000 310.0000000 0.0021193 -0.0067625 0.0069165
330.0000000 320.0000000 0.0019237 -0.0049118 0.0049872
330.0000000 330.0000000 0.0025600 -0.0100450 0.0107090
330.0000000 340.0000000 0.0026687 -0.0101856 0.0107818
330.0000000 350.0000000 0.0020548 -0.0067342 0.0073429
330.0000000 360.0000000 0.0020514 -0.0067537 0.0077741
330.0000000 370.0000000 0.0025619 -0.0097291 0.0108266
330.0000000 380.0000000 0.0024320 -0.0060742 0.0063688
330.0000000 390.0000000 0.0024217 -0.0068628 0.0068645
330.0000000 400.0000000 0.0018010 -0.0042615 0.0039691
330.0000000 410.0000000 0.0029726 -0.0096145 0.0094212
330.0000000 420.0000000 0.0048140 -0.0186187 0.0178001
330.0000000 430.0000000 0.0027874 -0.0072295 0.0067959
330.0000000 440.0000000 0.0030430 -0.0056183 0.0048674
340.0000000 10.0000000 0.0023512 -0.0010949 -0.0013016
340.0000000 20.0000000 0.0019439 0.0020922 -0.0049624
340.0000000 30.0000000 0.0026473 -0.0052750 0.0035816
340.0000000 40.0000000 0.0025960 -0.0064406 0.0054193
340.0000000 50.0000000 0.0026180 -0.0053705 0.0045328
340.0000000 60.0000000 0.0022350 -0.0030425 0.0023753
340.0000000 70.0000000 0.0021200 -0.0028879 0.0020684
340.0000000 80.0000000 0.0020479 -0.0010426 -0.0001402
340.0000000 90.0000000 0.0024262 -0.0056725 0.0047935
340.0000000 100.0000000 0.0016774 -0.0012131 0.0008880
340.0000000 110.0000000 0.0012717 0.0009400 -0.0010899
340.0000000 120.0000000 0.0009180 0.0032093 -0.0038487
340.0000000 130.0000000 0.0019320 -0.0028883 0.0017473
340.0000000 140.0000000 0.0020241 -0.0049210 0.0056976
340.0000000 150.0000000 0.0020651 -0.0056838 0.0059265
340.0000000 160.0000000 0.0018125 -0.0036020 0.0033672
340.0000000 170.0000000 0.0039790 -0.0154834 0.0156675
340.0000000 180.0000000 0.0019449 -0.0053470 0.0055802
340.0000000 190.0000000 0.0023678 -0.0067016 0.0067174
340.0000000 200.0000000 0.0068038 -0.0321315 0.0329762
340.0000000 210.0000000 0.0071423 -0.0341546 0.0350923
340.0000000 220.0000000 0.0016435 -0.0020382 0.0015262
340.0000000 230.0000000 0.0055833 -0.0243065 0.0241252
340.0000000 240.0000000 0.0055721 -0.0253610 0.0256055
340.0000000 250.0000000 0.0054203 -0.0241166 0.0247401
340.0000000 260.0000000 0.0062283 -0.0287015 0.0292668
340.0000000 270.0000000 0.0038913 -0.0155145 0.0154352
340.0000000 280.0000000 0.0044414 -0.0194563 0.0199310
340.0000000 290.0000000 0.0039769 -0.0167732 0.0170925
340.0000000 300.0000000 0.0060371 -0.0275383 0.0278779
340.0000000 310.0000000 0.0025123 -0.0089167 0.0089175
340.0000000 320.0000000 0.0023170 -0.0076206 0.0078203
340.0000000 330.0000000 0.0044629 -0.0181717 0.0179439
340.0000000 340.0000000 0.0020492 -0.0060641 0.0059499
340.0000000 350.0000000 0.0031293 -0.0104167 0.0100982
340.0000000 360.0000000 0.0022313 -0.0066392 0.0066963
340.0000000 370.0000000 0.0028107 -0.0095498 0.0095583
340.0000000 380.0000000 0.0012440 0.0003090 -0.0006568
340.0000000 390.0000000 0.0020696 -0.0046772 0.0046197
340.0000000 400.0000000 0.0034539 -0.0111216 0.0101156
340.0000000 410.0000000 0.0025567 -0.0064169 0.0057644
340.0000000 420.0000000 0.0043217 -0.0153085 0.0143581
340.0000000 430.0000000 0.0052714 -0.0192267 0.0183159
340.0000000 440.0000000 0.0042787 -0.0122115 0.0103080
350.0000000 10.0000000 0.0037463 -0.0078164 0.0043446
350.0000000 20.0000000 0.0039636 -0.0101480 0.0071955
350.0000000 30.0000000 0.0033777 -0.0080297 0.0056238
350.0000000 40.0000000 0.0045880 -0.0150336 0.0122055
350.0000000 50.0000000 0.0016812 0.0006365 -0.0017568
350.0000000 60.0000000 0.0011443 0.0044029 -0.0053665
350.0000000 70.0000000 0.0014008 0.0009269 -0.0017181
350.0000000 80.0000000 0.0029835 -0.0069204 0.0051595
350.0000000 90.0000000 0.0029502 -0.0064257 0.0047549
350.0000000 100.0000000 0.0013839 0.0010301 -0.0020647
350.0000000 110.0000000 0.0016978 -0.0008619 0.0000254
350.0000000 120.0000000 0.0019285 -0.0011971 0.0001860
350.0000000 130.0000000 0.0019939 -0.0024422 0.0007797
350.0000000 140.0000000 0.0024733 -0.0057862 0.0049411
350.0000000 150.0000000 0.0020798 -0.0039879 0.0032653
350.0000000 160.0000000 0.0020494 -0.0047055 0.0046872
350.0000000 170.0000000 0.0026835 -0.0079364 0.0074154
350.0000000 180.0000000 0.0040655 -0.0145360 0.0132049
350.0000000 190.0000000 0.0028102 -0.0076754 0.0067833
350.0000000 200.0000000 0.0019553 -0.0039171 0.0034865
350.0000000 210.0000000 0.0030889 -0.0095169 0.0084330
350.0000000 220.0000000 0.0030428 -0.0106055 0.0102112
350.0000000 230.0000000 0.0033966 -0.0119276 0.0111847
350.0000000 240.0000000 0.0037102 -0.0128852 0.0113671
350.0000000 250.0000000 0.0020539 -0.0051899 0.0042090
350.0000000 260.0000000 0.0023474 -0.0074362 0.0071840
350.0000000 270.0000000 0.0023642 -0.0073126 0.0069009
350.0000000 280.0000000 0.0038425 -0.0136903 0.0124373
350.0000000 290.0000000 0.0030063 -0.0102322 0.0097373
350.0000000 300.0000000 0.0010892 -0.0011545 0.0014233
350.0000000 310.0000000 0.0016823 -0.0036353 0.0040325
350.0000000 320.0000000 0.0035341 -0.0121048 0.0111126
350.0000000 330.0000000 0.0052695 -0.0202608 0.0185930
350.0000000 340.0000000 0.0022856 -0.0050647 0.0036194
350.0000000 350.0000000 0.0019102 -0.0047593 0.0048491
350.0000000 360.0000000 0.0022324 -0.0065846 0.0063900
350.0000000 370.0000000 0.0030962 -0.0097611 0.0091379
350.0000000 380.0000000 0.0032321 -0.0089300 0.0083942
350.0000000 390.0000000 0.0031714 -0.0087533 0.0082107
350.0000000 400.0000000 0.0021164 -0.0031724 0.0028489
350.0000000 410.0000000 0.0033951 -0.0084707 0.0074184
350.0000000 420.0000000 0.0038516 -0.0111288 0.0100012
350.0000000 430.0000000 0.0012838 0.0015084 -0.0023263
350.0000000 440.0000000 0.0016676 0.0012169 -0.0030340
